[0.000000] (-) TimerEvent: {}
[0.000252] (mypkg) JobQueued: {'identifier': 'mypkg', 'dependencies': OrderedDict()}
[0.000328] (person_msgs) JobQueued: {'identifier': 'person_msgs', 'dependencies': OrderedDict()}
[0.000352] (mypkg) JobStarted: {'identifier': 'mypkg'}
[0.053787] (person_msgs) JobStarted: {'identifier': 'person_msgs'}
[0.102106] (-) TimerEvent: {}
[0.211148] (-) TimerEvent: {}
[0.318210] (-) TimerEvent: {}
[0.333057] (person_msgs) JobProgress: {'identifier': 'person_msgs', 'progress': 'cmake'}
[0.334887] (person_msgs) JobProgress: {'identifier': 'person_msgs', 'progress': 'build'}
[0.335002] (person_msgs) Command: {'cmd': ['/usr/bin/cmake', '--build', '/home/aya/ros2_ws/build/person_msgs', '--', '-j8', '-l8'], 'cwd': '/home/aya/ros2_ws/build/person_msgs', 'env': OrderedDict([('USER', 'aya'), ('SHLVL', '1'), ('LD_LIBRARY_PATH', '/home/aya/ros2_ws/install/person_msgs/lib:/opt/ros/humble/opt/rviz_ogre_vendor/lib:/opt/ros/humble/lib/x86_64-linux-gnu:/opt/ros/humble/lib'), ('HOME', '/home/aya'), ('OLDPWD', '/home/aya/ros2_ws/src'), ('ROS_PYTHON_VERSION', '3'), ('DBUS_SESSION_BUS_ADDRESS', 'unix:path=/run/user/1000/bus'), ('WSL_DISTRO_NAME', 'Ubuntu'), ('WAYLAND_DISPLAY', 'wayland-0'), ('COLCON_PREFIX_PATH', '/home/aya/ros2_ws/install'), ('ROS_DISTRO', 'humble'), ('LOGNAME', 'aya'), ('NAME', 'ayaka'), ('WSL_INTEROP', '/run/WSL/19807_interop'), ('PULSE_SERVER', 'unix:/mnt/wslg/PulseServer'), ('_', '/usr/bin/colcon'), ('ROS_VERSION', '2'), ('TERM', 'xterm-256color'), ('ROS_LOCALHOST_ONLY', '1'), ('PATH', '/opt/ros/humble/bin:/usr/local/sbin:/usr/local/bin:/usr/sbin:/usr/bin:/sbin:/bin:/usr/games:/usr/local/games:/usr/lib/wsl/lib:/mnt/c/WINDOWS/system32:/mnt/c/WINDOWS:/mnt/c/WINDOWS/System32/Wbem:/mnt/c/WINDOWS/System32/WindowsPowerShell/v1.0/:/mnt/c/WINDOWS/System32/OpenSSH/:/mnt/c/Program Files/dotnet/:/mnt/c/Program Files/MATLAB/R2023a/bin:/mnt/c/Users/koriz/AppData/Local/Microsoft/WindowsApps:/mnt/c/Users/koriz/AppData/Local/Programs/Microsoft VS Code/bin:/snap/bin'), ('XDG_RUNTIME_DIR', '/run/user/1000/'), ('DISPLAY', ':0'), ('LANG', 'C.UTF-8'), ('AMENT_PREFIX_PATH', '/home/aya/ros2_ws/install/person_msgs:/home/aya/ros2_ws/install/mypkg:/opt/ros/humble'), ('SHELL', '/bin/bash'), ('PWD', '/home/aya/ros2_ws/build/person_msgs'), ('XDG_DATA_DIRS', '/usr/local/share:/usr/share:/var/lib/snapd/desktop'), ('PYTHONPATH', '/home/aya/ros2_ws/install/person_msgs/local/lib/python3.10/dist-packages:/home/aya/ros2_ws/install/mypkg/lib/python3.10/site-packages:/opt/ros/humble/lib/python3.10/site-packages:/opt/ros/humble/local/lib/python3.10/dist-packages'), ('COLCON', '1'), ('WSL2_GUI_APPS_ENABLED', '1'), ('HOSTTYPE', 'x86_64'), ('CMAKE_PREFIX_PATH', '/home/aya/ros2_ws/install/person_msgs:/home/aya/ros2_ws/install/mypkg:/opt/ros/humble'), ('WSLENV', '')]), 'shell': False}
[0.390755] (person_msgs) StdoutLine: {'line': b'[ 10%] Built target person_msgs__rosidl_generator_c\n'}
[0.391052] (person_msgs) StdoutLine: {'line': b'[ 12%] Built target person_msgs__cpp\n'}
[0.398358] (person_msgs) StdoutLine: {'line': b'[ 12%] Built target ament_cmake_python_copy_person_msgs\n'}
[0.417300] (person_msgs) StdoutLine: {'line': b'[ 23%] Built target person_msgs__rosidl_typesupport_cpp\n'}
[0.418387] (-) TimerEvent: {}
[0.419868] (person_msgs) StdoutLine: {'line': b'[ 33%] Built target person_msgs__rosidl_typesupport_fastrtps_cpp\n'}
[0.422873] (person_msgs) StdoutLine: {'line': b'[ 43%] Built target person_msgs__rosidl_typesupport_introspection_cpp\n'}
[0.425575] (person_msgs) StdoutLine: {'line': b'[ 64%] Built target person_msgs__rosidl_typesupport_introspection_c\n'}
[0.425862] (person_msgs) StdoutLine: {'line': b'[ 64%] Built target person_msgs__rosidl_typesupport_c\n'}
[0.426932] (person_msgs) StdoutLine: {'line': b'[ 74%] Built target person_msgs__rosidl_typesupport_fastrtps_c\n'}
[0.447325] (person_msgs) StdoutLine: {'line': b'[ 74%] Built target person_msgs\n'}
[0.468975] (person_msgs) StdoutLine: {'line': b'[ 76%] Built target person_msgs__py\n'}
[0.492137] (person_msgs) StdoutLine: {'line': b'[ 84%] Built target person_msgs__rosidl_generator_py\n'}
[0.516176] (person_msgs) StdoutLine: {'line': b'[ 89%] Built target person_msgs__rosidl_typesupport_introspection_c__pyext\n'}
[0.517088] (person_msgs) StdoutLine: {'line': b'[100%] Built target person_msgs__rosidl_typesupport_fastrtps_c__pyext\n'}
[0.517337] (person_msgs) StdoutLine: {'line': b'[100%] Built target person_msgs__rosidl_typesupport_c__pyext\n'}
[0.518570] (-) TimerEvent: {}
[0.620047] (-) TimerEvent: {}
[0.667935] (person_msgs) StdoutLine: {'line': b'running egg_info\n'}
[0.669111] (person_msgs) StdoutLine: {'line': b'writing person_msgs.egg-info/PKG-INFO\n'}
[0.669461] (person_msgs) StdoutLine: {'line': b'writing dependency_links to person_msgs.egg-info/dependency_links.txt\n'}
[0.669587] (person_msgs) StdoutLine: {'line': b'writing top-level names to person_msgs.egg-info/top_level.txt\n'}
[0.674230] (person_msgs) StdoutLine: {'line': b"reading manifest file 'person_msgs.egg-info/SOURCES.txt'\n"}
[0.674773] (person_msgs) StdoutLine: {'line': b"writing manifest file 'person_msgs.egg-info/SOURCES.txt'\n"}
[0.704963] (mypkg) Command: {'cmd': ['/usr/bin/python3', 'setup.py', 'egg_info', '--egg-base', '../../build/mypkg', 'build', '--build-base', '/home/aya/ros2_ws/build/mypkg/build', 'install', '--record', '/home/aya/ros2_ws/build/mypkg/install.log', '--single-version-externally-managed'], 'cwd': '/home/aya/ros2_ws/src/mypkg', 'env': {'USER': 'aya', 'SHLVL': '1', 'LD_LIBRARY_PATH': '/home/aya/ros2_ws/install/person_msgs/lib:/opt/ros/humble/opt/rviz_ogre_vendor/lib:/opt/ros/humble/lib/x86_64-linux-gnu:/opt/ros/humble/lib', 'HOME': '/home/aya', 'OLDPWD': '/home/aya/ros2_ws/src', 'ROS_PYTHON_VERSION': '3', 'DBUS_SESSION_BUS_ADDRESS': 'unix:path=/run/user/1000/bus', 'WSL_DISTRO_NAME': 'Ubuntu', 'WAYLAND_DISPLAY': 'wayland-0', 'COLCON_PREFIX_PATH': '/home/aya/ros2_ws/install', 'ROS_DISTRO': 'humble', 'LOGNAME': 'aya', 'NAME': 'ayaka', 'WSL_INTEROP': '/run/WSL/19807_interop', 'PULSE_SERVER': 'unix:/mnt/wslg/PulseServer', '_': '/usr/bin/colcon', 'ROS_VERSION': '2', 'TERM': 'xterm-256color', 'ROS_LOCALHOST_ONLY': '1', 'PATH': '/opt/ros/humble/bin:/usr/local/sbin:/usr/local/bin:/usr/sbin:/usr/bin:/sbin:/bin:/usr/games:/usr/local/games:/usr/lib/wsl/lib:/mnt/c/WINDOWS/system32:/mnt/c/WINDOWS:/mnt/c/WINDOWS/System32/Wbem:/mnt/c/WINDOWS/System32/WindowsPowerShell/v1.0/:/mnt/c/WINDOWS/System32/OpenSSH/:/mnt/c/Program Files/dotnet/:/mnt/c/Program Files/MATLAB/R2023a/bin:/mnt/c/Users/koriz/AppData/Local/Microsoft/WindowsApps:/mnt/c/Users/koriz/AppData/Local/Programs/Microsoft VS Code/bin:/snap/bin', 'XDG_RUNTIME_DIR': '/run/user/1000/', 'DISPLAY': ':0', 'LANG': 'C.UTF-8', 'AMENT_PREFIX_PATH': '/home/aya/ros2_ws/install/person_msgs:/home/aya/ros2_ws/install/mypkg:/opt/ros/humble', 'SHELL': '/bin/bash', 'PWD': '/home/aya/ros2_ws/build/mypkg', 'XDG_DATA_DIRS': '/usr/local/share:/usr/share:/var/lib/snapd/desktop', 'PYTHONPATH': '/home/aya/ros2_ws/build/mypkg/prefix_override:/home/aya/ros2_ws/install/mypkg/lib/python3.10/site-packages:/home/aya/ros2_ws/install/person_msgs/local/lib/python3.10/dist-packages:/home/aya/ros2_ws/install/mypkg/lib/python3.10/site-packages:/opt/ros/humble/lib/python3.10/site-packages:/opt/ros/humble/local/lib/python3.10/dist-packages', 'COLCON': '1', 'WSL2_GUI_APPS_ENABLED': '1', 'HOSTTYPE': 'x86_64', 'CMAKE_PREFIX_PATH': '/home/aya/ros2_ws/install/person_msgs', 'WSLENV': ''}, 'shell': False}
[0.711398] (person_msgs) StdoutLine: {'line': b'[100%] Built target ament_cmake_python_build_person_msgs_egg\n'}
[0.720522] (-) TimerEvent: {}
[0.725329] (person_msgs) CommandEnded: {'returncode': 0}
[0.812895] (person_msgs) JobProgress: {'identifier': 'person_msgs', 'progress': 'install'}
[0.821444] (-) TimerEvent: {}
[0.824696] (person_msgs) Command: {'cmd': ['/usr/bin/cmake', '--install', '/home/aya/ros2_ws/build/person_msgs'], 'cwd': '/home/aya/ros2_ws/build/person_msgs', 'env': OrderedDict([('USER', 'aya'), ('SHLVL', '1'), ('LD_LIBRARY_PATH', '/home/aya/ros2_ws/install/person_msgs/lib:/opt/ros/humble/opt/rviz_ogre_vendor/lib:/opt/ros/humble/lib/x86_64-linux-gnu:/opt/ros/humble/lib'), ('HOME', '/home/aya'), ('OLDPWD', '/home/aya/ros2_ws/src'), ('ROS_PYTHON_VERSION', '3'), ('DBUS_SESSION_BUS_ADDRESS', 'unix:path=/run/user/1000/bus'), ('WSL_DISTRO_NAME', 'Ubuntu'), ('WAYLAND_DISPLAY', 'wayland-0'), ('COLCON_PREFIX_PATH', '/home/aya/ros2_ws/install'), ('ROS_DISTRO', 'humble'), ('LOGNAME', 'aya'), ('NAME', 'ayaka'), ('WSL_INTEROP', '/run/WSL/19807_interop'), ('PULSE_SERVER', 'unix:/mnt/wslg/PulseServer'), ('_', '/usr/bin/colcon'), ('ROS_VERSION', '2'), ('TERM', 'xterm-256color'), ('ROS_LOCALHOST_ONLY', '1'), ('PATH', '/opt/ros/humble/bin:/usr/local/sbin:/usr/local/bin:/usr/sbin:/usr/bin:/sbin:/bin:/usr/games:/usr/local/games:/usr/lib/wsl/lib:/mnt/c/WINDOWS/system32:/mnt/c/WINDOWS:/mnt/c/WINDOWS/System32/Wbem:/mnt/c/WINDOWS/System32/WindowsPowerShell/v1.0/:/mnt/c/WINDOWS/System32/OpenSSH/:/mnt/c/Program Files/dotnet/:/mnt/c/Program Files/MATLAB/R2023a/bin:/mnt/c/Users/koriz/AppData/Local/Microsoft/WindowsApps:/mnt/c/Users/koriz/AppData/Local/Programs/Microsoft VS Code/bin:/snap/bin'), ('XDG_RUNTIME_DIR', '/run/user/1000/'), ('DISPLAY', ':0'), ('LANG', 'C.UTF-8'), ('AMENT_PREFIX_PATH', '/home/aya/ros2_ws/install/person_msgs:/home/aya/ros2_ws/install/mypkg:/opt/ros/humble'), ('SHELL', '/bin/bash'), ('PWD', '/home/aya/ros2_ws/build/person_msgs'), ('XDG_DATA_DIRS', '/usr/local/share:/usr/share:/var/lib/snapd/desktop'), ('PYTHONPATH', '/home/aya/ros2_ws/install/person_msgs/local/lib/python3.10/dist-packages:/home/aya/ros2_ws/install/mypkg/lib/python3.10/site-packages:/opt/ros/humble/lib/python3.10/site-packages:/opt/ros/humble/local/lib/python3.10/dist-packages'), ('COLCON', '1'), ('WSL2_GUI_APPS_ENABLED', '1'), ('HOSTTYPE', 'x86_64'), ('CMAKE_PREFIX_PATH', '/home/aya/ros2_ws/install/person_msgs:/home/aya/ros2_ws/install/mypkg:/opt/ros/humble'), ('WSLENV', '')]), 'shell': False}
[0.832634] (person_msgs) StdoutLine: {'line': b'-- Install configuration: ""\n'}
[0.833321] (person_msgs) StdoutLine: {'line': b'-- Up-to-date: /home/aya/ros2_ws/install/person_msgs/share/ament_index/resource_index/rosidl_interfaces/person_msgs\n'}
[0.833633] (person_msgs) StdoutLine: {'line': b'-- Up-to-date: /home/aya/ros2_ws/install/person_msgs/include/person_msgs/person_msgs\n'}
[0.833803] (person_msgs) StdoutLine: {'line': b'-- Up-to-date: /home/aya/ros2_ws/install/person_msgs/include/person_msgs/person_msgs/msg\n'}
[0.833911] (person_msgs) StdoutLine: {'line': b'-- Up-to-date: /home/aya/ros2_ws/install/person_msgs/include/person_msgs/person_msgs/msg/detail\n'}
[0.834043] (person_msgs) StdoutLine: {'line': b'-- Up-to-date: /home/aya/ros2_ws/install/person_msgs/include/person_msgs/person_msgs/msg/detail/person__type_support.h\n'}
[0.834193] (person_msgs) StdoutLine: {'line': b'-- Up-to-date: /home/aya/ros2_ws/install/person_msgs/include/person_msgs/person_msgs/msg/detail/person__functions.c\n'}
[0.834350] (person_msgs) StdoutLine: {'line': b'-- Up-to-date: /home/aya/ros2_ws/install/person_msgs/include/person_msgs/person_msgs/msg/detail/person__functions.h\n'}
[0.834458] (person_msgs) StdoutLine: {'line': b'-- Up-to-date: /home/aya/ros2_ws/install/person_msgs/include/person_msgs/person_msgs/msg/detail/person__struct.h\n'}
[0.834819] (person_msgs) StdoutLine: {'line': b'-- Up-to-date: /home/aya/ros2_ws/install/person_msgs/include/person_msgs/person_msgs/msg/rosidl_generator_c__visibility_control.h\n'}
[0.834934] (person_msgs) StdoutLine: {'line': b'-- Up-to-date: /home/aya/ros2_ws/install/person_msgs/include/person_msgs/person_msgs/msg/person.h\n'}
[0.835070] (person_msgs) StdoutLine: {'line': b'-- Up-to-date: /home/aya/ros2_ws/install/person_msgs/include/person_msgs/person_msgs/srv\n'}
[0.835360] (person_msgs) StdoutLine: {'line': b'-- Up-to-date: /home/aya/ros2_ws/install/person_msgs/include/person_msgs/person_msgs/srv/query.h\n'}
[0.835549] (person_msgs) StdoutLine: {'line': b'-- Up-to-date: /home/aya/ros2_ws/install/person_msgs/include/person_msgs/person_msgs/srv/detail\n'}
[0.835689] (person_msgs) StdoutLine: {'line': b'-- Up-to-date: /home/aya/ros2_ws/install/person_msgs/include/person_msgs/person_msgs/srv/detail/query__type_support.h\n'}
[0.836086] (person_msgs) StdoutLine: {'line': b'-- Up-to-date: /home/aya/ros2_ws/install/person_msgs/include/person_msgs/person_msgs/srv/detail/query__functions.c\n'}
[0.836312] (person_msgs) StdoutLine: {'line': b'-- Up-to-date: /home/aya/ros2_ws/install/person_msgs/include/person_msgs/person_msgs/srv/detail/query__functions.h\n'}
[0.836495] (person_msgs) StdoutLine: {'line': b'-- Up-to-date: /home/aya/ros2_ws/install/person_msgs/include/person_msgs/person_msgs/srv/detail/query__struct.h\n'}
[0.836656] (person_msgs) StdoutLine: {'line': b'-- Up-to-date: /home/aya/ros2_ws/install/person_msgs/share/person_msgs/environment/library_path.sh\n'}
[0.837003] (person_msgs) StdoutLine: {'line': b'-- Up-to-date: /home/aya/ros2_ws/install/person_msgs/share/person_msgs/environment/library_path.dsv\n'}
[0.837126] (person_msgs) StdoutLine: {'line': b'-- Up-to-date: /home/aya/ros2_ws/install/person_msgs/lib/libperson_msgs__rosidl_generator_c.so\n'}
[0.837286] (person_msgs) StdoutLine: {'line': b'-- Up-to-date: /home/aya/ros2_ws/install/person_msgs/include/person_msgs/person_msgs\n'}
[0.837428] (person_msgs) StdoutLine: {'line': b'-- Up-to-date: /home/aya/ros2_ws/install/person_msgs/include/person_msgs/person_msgs/msg\n'}
[0.837791] (person_msgs) StdoutLine: {'line': b'-- Up-to-date: /home/aya/ros2_ws/install/person_msgs/include/person_msgs/person_msgs/msg/detail\n'}
[0.838795] (person_msgs) StdoutLine: {'line': b'-- Up-to-date: /home/aya/ros2_ws/install/person_msgs/include/person_msgs/person_msgs/msg/detail/person__rosidl_typesupport_fastrtps_c.h\n'}
[0.838922] (person_msgs) StdoutLine: {'line': b'-- Up-to-date: /home/aya/ros2_ws/install/person_msgs/include/person_msgs/person_msgs/msg/rosidl_typesupport_fastrtps_c__visibility_control.h\n'}
[0.839087] (person_msgs) StdoutLine: {'line': b'-- Up-to-date: /home/aya/ros2_ws/install/person_msgs/include/person_msgs/person_msgs/srv\n'}
[0.839238] (person_msgs) StdoutLine: {'line': b'-- Up-to-date: /home/aya/ros2_ws/install/person_msgs/include/person_msgs/person_msgs/srv/detail\n'}
[0.839339] (person_msgs) StdoutLine: {'line': b'-- Up-to-date: /home/aya/ros2_ws/install/person_msgs/include/person_msgs/person_msgs/srv/detail/query__rosidl_typesupport_fastrtps_c.h\n'}
[0.839666] (person_msgs) StdoutLine: {'line': b'-- Up-to-date: /home/aya/ros2_ws/install/person_msgs/lib/libperson_msgs__rosidl_typesupport_fastrtps_c.so\n'}
[0.839760] (person_msgs) StdoutLine: {'line': b'-- Up-to-date: /home/aya/ros2_ws/install/person_msgs/include/person_msgs/person_msgs\n'}
[0.839827] (person_msgs) StdoutLine: {'line': b'-- Up-to-date: /home/aya/ros2_ws/install/person_msgs/include/person_msgs/person_msgs/msg\n'}
[0.839891] (person_msgs) StdoutLine: {'line': b'-- Up-to-date: /home/aya/ros2_ws/install/person_msgs/include/person_msgs/person_msgs/msg/detail\n'}
[0.839952] (person_msgs) StdoutLine: {'line': b'-- Up-to-date: /home/aya/ros2_ws/install/person_msgs/include/person_msgs/person_msgs/msg/detail/person__rosidl_typesupport_introspection_c.h\n'}
[0.840011] (person_msgs) StdoutLine: {'line': b'-- Up-to-date: /home/aya/ros2_ws/install/person_msgs/include/person_msgs/person_msgs/msg/detail/person__type_support.c\n'}
[0.840070] (person_msgs) StdoutLine: {'line': b'-- Up-to-date: /home/aya/ros2_ws/install/person_msgs/include/person_msgs/person_msgs/msg/rosidl_typesupport_introspection_c__visibility_control.h\n'}
[0.840130] (person_msgs) StdoutLine: {'line': b'-- Up-to-date: /home/aya/ros2_ws/install/person_msgs/include/person_msgs/person_msgs/srv\n'}
[0.840189] (person_msgs) StdoutLine: {'line': b'-- Up-to-date: /home/aya/ros2_ws/install/person_msgs/include/person_msgs/person_msgs/srv/detail\n'}
[0.840249] (person_msgs) StdoutLine: {'line': b'-- Up-to-date: /home/aya/ros2_ws/install/person_msgs/include/person_msgs/person_msgs/srv/detail/query__type_support.c\n'}
[0.840305] (person_msgs) StdoutLine: {'line': b'-- Up-to-date: /home/aya/ros2_ws/install/person_msgs/include/person_msgs/person_msgs/srv/detail/query__rosidl_typesupport_introspection_c.h\n'}
[0.840363] (person_msgs) StdoutLine: {'line': b'-- Up-to-date: /home/aya/ros2_ws/install/person_msgs/lib/libperson_msgs__rosidl_typesupport_introspection_c.so\n'}
[0.840430] (person_msgs) StdoutLine: {'line': b'-- Up-to-date: /home/aya/ros2_ws/install/person_msgs/lib/libperson_msgs__rosidl_typesupport_c.so\n'}
[0.840507] (person_msgs) StdoutLine: {'line': b'-- Up-to-date: /home/aya/ros2_ws/install/person_msgs/include/person_msgs/person_msgs\n'}
[0.840567] (person_msgs) StdoutLine: {'line': b'-- Up-to-date: /home/aya/ros2_ws/install/person_msgs/include/person_msgs/person_msgs/msg\n'}
[0.840626] (person_msgs) StdoutLine: {'line': b'-- Up-to-date: /home/aya/ros2_ws/install/person_msgs/include/person_msgs/person_msgs/msg/detail\n'}
[0.840685] (person_msgs) StdoutLine: {'line': b'-- Up-to-date: /home/aya/ros2_ws/install/person_msgs/include/person_msgs/person_msgs/msg/detail/person__struct.hpp\n'}
[0.840744] (person_msgs) StdoutLine: {'line': b'-- Up-to-date: /home/aya/ros2_ws/install/person_msgs/include/person_msgs/person_msgs/msg/detail/person__builder.hpp\n'}
[0.840803] (person_msgs) StdoutLine: {'line': b'-- Up-to-date: /home/aya/ros2_ws/install/person_msgs/include/person_msgs/person_msgs/msg/detail/person__traits.hpp\n'}
[0.840862] (person_msgs) StdoutLine: {'line': b'-- Up-to-date: /home/aya/ros2_ws/install/person_msgs/include/person_msgs/person_msgs/msg/person.hpp\n'}
[0.840920] (person_msgs) StdoutLine: {'line': b'-- Up-to-date: /home/aya/ros2_ws/install/person_msgs/include/person_msgs/person_msgs/srv\n'}
[0.840977] (person_msgs) StdoutLine: {'line': b'-- Up-to-date: /home/aya/ros2_ws/install/person_msgs/include/person_msgs/person_msgs/srv/detail\n'}
[0.841034] (person_msgs) StdoutLine: {'line': b'-- Up-to-date: /home/aya/ros2_ws/install/person_msgs/include/person_msgs/person_msgs/srv/detail/query__traits.hpp\n'}
[0.841092] (person_msgs) StdoutLine: {'line': b'-- Up-to-date: /home/aya/ros2_ws/install/person_msgs/include/person_msgs/person_msgs/srv/detail/query__builder.hpp\n'}
[0.841149] (person_msgs) StdoutLine: {'line': b'-- Up-to-date: /home/aya/ros2_ws/install/person_msgs/include/person_msgs/person_msgs/srv/detail/query__struct.hpp\n'}
[0.841210] (person_msgs) StdoutLine: {'line': b'-- Up-to-date: /home/aya/ros2_ws/install/person_msgs/include/person_msgs/person_msgs/srv/query.hpp\n'}
[0.841268] (person_msgs) StdoutLine: {'line': b'-- Up-to-date: /home/aya/ros2_ws/install/person_msgs/include/person_msgs/person_msgs\n'}
[0.841324] (person_msgs) StdoutLine: {'line': b'-- Up-to-date: /home/aya/ros2_ws/install/person_msgs/include/person_msgs/person_msgs/msg\n'}
[0.841380] (person_msgs) StdoutLine: {'line': b'-- Up-to-date: /home/aya/ros2_ws/install/person_msgs/include/person_msgs/person_msgs/msg/detail\n'}
[0.841434] (person_msgs) StdoutLine: {'line': b'-- Up-to-date: /home/aya/ros2_ws/install/person_msgs/include/person_msgs/person_msgs/msg/detail/dds_fastrtps\n'}
[0.841488] (person_msgs) StdoutLine: {'line': b'-- Up-to-date: /home/aya/ros2_ws/install/person_msgs/include/person_msgs/person_msgs/msg/detail/person__rosidl_typesupport_fastrtps_cpp.hpp\n'}
[0.841544] (person_msgs) StdoutLine: {'line': b'-- Up-to-date: /home/aya/ros2_ws/install/person_msgs/include/person_msgs/person_msgs/msg/rosidl_typesupport_fastrtps_cpp__visibility_control.h\n'}
[0.841600] (person_msgs) StdoutLine: {'line': b'-- Up-to-date: /home/aya/ros2_ws/install/person_msgs/include/person_msgs/person_msgs/srv\n'}
[0.841655] (person_msgs) StdoutLine: {'line': b'-- Up-to-date: /home/aya/ros2_ws/install/person_msgs/include/person_msgs/person_msgs/srv/detail\n'}
[0.841711] (person_msgs) StdoutLine: {'line': b'-- Up-to-date: /home/aya/ros2_ws/install/person_msgs/include/person_msgs/person_msgs/srv/detail/query__rosidl_typesupport_fastrtps_cpp.hpp\n'}
[0.841766] (person_msgs) StdoutLine: {'line': b'-- Up-to-date: /home/aya/ros2_ws/install/person_msgs/include/person_msgs/person_msgs/srv/detail/dds_fastrtps\n'}
[0.841822] (person_msgs) StdoutLine: {'line': b'-- Up-to-date: /home/aya/ros2_ws/install/person_msgs/lib/libperson_msgs__rosidl_typesupport_fastrtps_cpp.so\n'}
[0.841882] (person_msgs) StdoutLine: {'line': b'-- Up-to-date: /home/aya/ros2_ws/install/person_msgs/include/person_msgs/person_msgs\n'}
[0.841944] (person_msgs) StdoutLine: {'line': b'-- Up-to-date: /home/aya/ros2_ws/install/person_msgs/include/person_msgs/person_msgs/msg\n'}
[0.842000] (person_msgs) StdoutLine: {'line': b'-- Up-to-date: /home/aya/ros2_ws/install/person_msgs/include/person_msgs/person_msgs/msg/detail\n'}
[0.842056] (person_msgs) StdoutLine: {'line': b'-- Up-to-date: /home/aya/ros2_ws/install/person_msgs/include/person_msgs/person_msgs/msg/detail/person__type_support.cpp\n'}
[0.842111] (person_msgs) StdoutLine: {'line': b'-- Up-to-date: /home/aya/ros2_ws/install/person_msgs/include/person_msgs/person_msgs/msg/detail/person__rosidl_typesupport_introspection_cpp.hpp\n'}
[0.842168] (person_msgs) StdoutLine: {'line': b'-- Up-to-date: /home/aya/ros2_ws/install/person_msgs/include/person_msgs/person_msgs/srv\n'}
[0.842222] (person_msgs) StdoutLine: {'line': b'-- Up-to-date: /home/aya/ros2_ws/install/person_msgs/include/person_msgs/person_msgs/srv/detail\n'}
[0.842277] (person_msgs) StdoutLine: {'line': b'-- Up-to-date: /home/aya/ros2_ws/install/person_msgs/include/person_msgs/person_msgs/srv/detail/query__rosidl_typesupport_introspection_cpp.hpp\n'}
[0.842330] (person_msgs) StdoutLine: {'line': b'-- Up-to-date: /home/aya/ros2_ws/install/person_msgs/include/person_msgs/person_msgs/srv/detail/query__type_support.cpp\n'}
[0.842384] (person_msgs) StdoutLine: {'line': b'-- Up-to-date: /home/aya/ros2_ws/install/person_msgs/lib/libperson_msgs__rosidl_typesupport_introspection_cpp.so\n'}
[0.842438] (person_msgs) StdoutLine: {'line': b'-- Up-to-date: /home/aya/ros2_ws/install/person_msgs/lib/libperson_msgs__rosidl_typesupport_cpp.so\n'}
[0.842491] (person_msgs) StdoutLine: {'line': b'-- Up-to-date: /home/aya/ros2_ws/install/person_msgs/share/person_msgs/environment/pythonpath.sh\n'}
[0.842544] (person_msgs) StdoutLine: {'line': b'-- Up-to-date: /home/aya/ros2_ws/install/person_msgs/share/person_msgs/environment/pythonpath.dsv\n'}
[0.842597] (person_msgs) StdoutLine: {'line': b'-- Up-to-date: /home/aya/ros2_ws/install/person_msgs/local/lib/python3.10/dist-packages/person_msgs-0.0.0-py3.10.egg-info\n'}
[0.842664] (person_msgs) StdoutLine: {'line': b'-- Installing: /home/aya/ros2_ws/install/person_msgs/local/lib/python3.10/dist-packages/person_msgs-0.0.0-py3.10.egg-info/SOURCES.txt\n'}
[0.842741] (person_msgs) StdoutLine: {'line': b'-- Installing: /home/aya/ros2_ws/install/person_msgs/local/lib/python3.10/dist-packages/person_msgs-0.0.0-py3.10.egg-info/PKG-INFO\n'}
[0.842797] (person_msgs) StdoutLine: {'line': b'-- Installing: /home/aya/ros2_ws/install/person_msgs/local/lib/python3.10/dist-packages/person_msgs-0.0.0-py3.10.egg-info/top_level.txt\n'}
[0.842852] (person_msgs) StdoutLine: {'line': b'-- Installing: /home/aya/ros2_ws/install/person_msgs/local/lib/python3.10/dist-packages/person_msgs-0.0.0-py3.10.egg-info/dependency_links.txt\n'}
[0.842907] (person_msgs) StdoutLine: {'line': b'-- Up-to-date: /home/aya/ros2_ws/install/person_msgs/local/lib/python3.10/dist-packages/person_msgs\n'}
[0.842998] (person_msgs) StdoutLine: {'line': b'-- Up-to-date: /home/aya/ros2_ws/install/person_msgs/local/lib/python3.10/dist-packages/person_msgs/person_msgs_s__rosidl_typesupport_introspection_c.cpython-310-x86_64-linux-gnu.so\n'}
[0.843058] (person_msgs) StdoutLine: {'line': b'-- Up-to-date: /home/aya/ros2_ws/install/person_msgs/local/lib/python3.10/dist-packages/person_msgs/msg\n'}
[0.843119] (person_msgs) StdoutLine: {'line': b'-- Up-to-date: /home/aya/ros2_ws/install/person_msgs/local/lib/python3.10/dist-packages/person_msgs/msg/_person.py\n'}
[0.843176] (person_msgs) StdoutLine: {'line': b'-- Up-to-date: /home/aya/ros2_ws/install/person_msgs/local/lib/python3.10/dist-packages/person_msgs/msg/__init__.py\n'}
[0.843231] (person_msgs) StdoutLine: {'line': b'-- Up-to-date: /home/aya/ros2_ws/install/person_msgs/local/lib/python3.10/dist-packages/person_msgs/msg/_person_s.c\n'}
[0.843287] (person_msgs) StdoutLine: {'line': b'-- Up-to-date: /home/aya/ros2_ws/install/person_msgs/local/lib/python3.10/dist-packages/person_msgs/person_msgs_s__rosidl_typesupport_c.cpython-310-x86_64-linux-gnu.so\n'}
[0.843345] (person_msgs) StdoutLine: {'line': b'-- Up-to-date: /home/aya/ros2_ws/install/person_msgs/local/lib/python3.10/dist-packages/person_msgs/_person_msgs_s.ep.rosidl_typesupport_c.c\n'}
[0.843401] (person_msgs) StdoutLine: {'line': b'-- Up-to-date: /home/aya/ros2_ws/install/person_msgs/local/lib/python3.10/dist-packages/person_msgs/libperson_msgs__rosidl_generator_py.so\n'}
[0.843456] (person_msgs) StdoutLine: {'line': b'-- Up-to-date: /home/aya/ros2_ws/install/person_msgs/local/lib/python3.10/dist-packages/person_msgs/_person_msgs_s.ep.rosidl_typesupport_fastrtps_c.c\n'}
[0.843512] (person_msgs) StdoutLine: {'line': b'-- Up-to-date: /home/aya/ros2_ws/install/person_msgs/local/lib/python3.10/dist-packages/person_msgs/srv\n'}
[0.843567] (person_msgs) StdoutLine: {'line': b'-- Up-to-date: /home/aya/ros2_ws/install/person_msgs/local/lib/python3.10/dist-packages/person_msgs/srv/_query_s.c\n'}
[0.843623] (person_msgs) StdoutLine: {'line': b'-- Up-to-date: /home/aya/ros2_ws/install/person_msgs/local/lib/python3.10/dist-packages/person_msgs/srv/__init__.py\n'}
[0.843676] (person_msgs) StdoutLine: {'line': b'-- Up-to-date: /home/aya/ros2_ws/install/person_msgs/local/lib/python3.10/dist-packages/person_msgs/srv/_query.py\n'}
[0.843730] (person_msgs) StdoutLine: {'line': b'-- Up-to-date: /home/aya/ros2_ws/install/person_msgs/local/lib/python3.10/dist-packages/person_msgs/__init__.py\n'}
[0.843783] (person_msgs) StdoutLine: {'line': b'-- Up-to-date: /home/aya/ros2_ws/install/person_msgs/local/lib/python3.10/dist-packages/person_msgs/person_msgs_s__rosidl_typesupport_fastrtps_c.cpython-310-x86_64-linux-gnu.so\n'}
[0.843844] (person_msgs) StdoutLine: {'line': b'-- Up-to-date: /home/aya/ros2_ws/install/person_msgs/local/lib/python3.10/dist-packages/person_msgs/_person_msgs_s.ep.rosidl_typesupport_introspection_c.c\n'}
[0.870874] (person_msgs) StdoutLine: {'line': b"Listing '/home/aya/ros2_ws/install/person_msgs/local/lib/python3.10/dist-packages/person_msgs'...\n"}
[0.871091] (person_msgs) StdoutLine: {'line': b"Listing '/home/aya/ros2_ws/install/person_msgs/local/lib/python3.10/dist-packages/person_msgs/msg'...\n"}
[0.871164] (person_msgs) StdoutLine: {'line': b"Listing '/home/aya/ros2_ws/install/person_msgs/local/lib/python3.10/dist-packages/person_msgs/srv'...\n"}
[0.874884] (person_msgs) StdoutLine: {'line': b'-- Up-to-date: /home/aya/ros2_ws/install/person_msgs/local/lib/python3.10/dist-packages/person_msgs/person_msgs_s__rosidl_typesupport_fastrtps_c.cpython-310-x86_64-linux-gnu.so\n'}
[0.875416] (person_msgs) StdoutLine: {'line': b'-- Up-to-date: /home/aya/ros2_ws/install/person_msgs/local/lib/python3.10/dist-packages/person_msgs/person_msgs_s__rosidl_typesupport_introspection_c.cpython-310-x86_64-linux-gnu.so\n'}
[0.875549] (person_msgs) StdoutLine: {'line': b'-- Up-to-date: /home/aya/ros2_ws/install/person_msgs/local/lib/python3.10/dist-packages/person_msgs/person_msgs_s__rosidl_typesupport_c.cpython-310-x86_64-linux-gnu.so\n'}
[0.875915] (person_msgs) StdoutLine: {'line': b'-- Up-to-date: /home/aya/ros2_ws/install/person_msgs/lib/libperson_msgs__rosidl_generator_py.so\n'}
[0.876754] (person_msgs) StdoutLine: {'line': b'-- Up-to-date: /home/aya/ros2_ws/install/person_msgs/share/person_msgs/msg/Person.idl\n'}
[0.877317] (person_msgs) StdoutLine: {'line': b'-- Up-to-date: /home/aya/ros2_ws/install/person_msgs/share/person_msgs/srv/Query.idl\n'}
[0.877646] (person_msgs) StdoutLine: {'line': b'-- Up-to-date: /home/aya/ros2_ws/install/person_msgs/share/person_msgs/msg/Person.msg\n'}
[0.877799] (person_msgs) StdoutLine: {'line': b'-- Up-to-date: /home/aya/ros2_ws/install/person_msgs/share/person_msgs/srv/Query.srv\n'}
[0.877908] (person_msgs) StdoutLine: {'line': b'-- Up-to-date: /home/aya/ros2_ws/install/person_msgs/share/person_msgs/srv/Query_Request.msg\n'}
[0.878052] (person_msgs) StdoutLine: {'line': b'-- Up-to-date: /home/aya/ros2_ws/install/person_msgs/share/person_msgs/srv/Query_Response.msg\n'}
[0.878236] (person_msgs) StdoutLine: {'line': b'-- Up-to-date: /home/aya/ros2_ws/install/person_msgs/share/ament_index/resource_index/package_run_dependencies/person_msgs\n'}
[0.878702] (person_msgs) StdoutLine: {'line': b'-- Up-to-date: /home/aya/ros2_ws/install/person_msgs/share/ament_index/resource_index/parent_prefix_path/person_msgs\n'}
[0.878858] (person_msgs) StdoutLine: {'line': b'-- Up-to-date: /home/aya/ros2_ws/install/person_msgs/share/person_msgs/environment/ament_prefix_path.sh\n'}
[0.878963] (person_msgs) StdoutLine: {'line': b'-- Up-to-date: /home/aya/ros2_ws/install/person_msgs/share/person_msgs/environment/ament_prefix_path.dsv\n'}
[0.879084] (person_msgs) StdoutLine: {'line': b'-- Up-to-date: /home/aya/ros2_ws/install/person_msgs/share/person_msgs/environment/path.sh\n'}
[0.879168] (person_msgs) StdoutLine: {'line': b'-- Up-to-date: /home/aya/ros2_ws/install/person_msgs/share/person_msgs/environment/path.dsv\n'}
[0.879268] (person_msgs) StdoutLine: {'line': b'-- Up-to-date: /home/aya/ros2_ws/install/person_msgs/share/person_msgs/local_setup.bash\n'}
[0.879360] (person_msgs) StdoutLine: {'line': b'-- Up-to-date: /home/aya/ros2_ws/install/person_msgs/share/person_msgs/local_setup.sh\n'}
[0.879522] (person_msgs) StdoutLine: {'line': b'-- Up-to-date: /home/aya/ros2_ws/install/person_msgs/share/person_msgs/local_setup.zsh\n'}
[0.879818] (person_msgs) StdoutLine: {'line': b'-- Up-to-date: /home/aya/ros2_ws/install/person_msgs/share/person_msgs/local_setup.dsv\n'}
[0.879964] (person_msgs) StdoutLine: {'line': b'-- Installing: /home/aya/ros2_ws/install/person_msgs/share/person_msgs/package.dsv\n'}
[0.880360] (person_msgs) StdoutLine: {'line': b'-- Up-to-date: /home/aya/ros2_ws/install/person_msgs/share/ament_index/resource_index/packages/person_msgs\n'}
[0.880541] (person_msgs) StdoutLine: {'line': b'-- Up-to-date: /home/aya/ros2_ws/install/person_msgs/share/person_msgs/cmake/export_person_msgs__rosidl_generator_cExport.cmake\n'}
[0.880654] (person_msgs) StdoutLine: {'line': b'-- Up-to-date: /home/aya/ros2_ws/install/person_msgs/share/person_msgs/cmake/export_person_msgs__rosidl_generator_cExport-noconfig.cmake\n'}
[0.880752] (person_msgs) StdoutLine: {'line': b'-- Up-to-date: /home/aya/ros2_ws/install/person_msgs/share/person_msgs/cmake/export_person_msgs__rosidl_typesupport_fastrtps_cExport.cmake\n'}
[0.880919] (person_msgs) StdoutLine: {'line': b'-- Up-to-date: /home/aya/ros2_ws/install/person_msgs/share/person_msgs/cmake/export_person_msgs__rosidl_typesupport_fastrtps_cExport-noconfig.cmake\n'}
[0.881059] (person_msgs) StdoutLine: {'line': b'-- Up-to-date: /home/aya/ros2_ws/install/person_msgs/share/person_msgs/cmake/person_msgs__rosidl_typesupport_introspection_cExport.cmake\n'}
[0.881158] (person_msgs) StdoutLine: {'line': b'-- Up-to-date: /home/aya/ros2_ws/install/person_msgs/share/person_msgs/cmake/person_msgs__rosidl_typesupport_introspection_cExport-noconfig.cmake\n'}
[0.881249] (person_msgs) StdoutLine: {'line': b'-- Up-to-date: /home/aya/ros2_ws/install/person_msgs/share/person_msgs/cmake/person_msgs__rosidl_typesupport_cExport.cmake\n'}
[0.881346] (person_msgs) StdoutLine: {'line': b'-- Up-to-date: /home/aya/ros2_ws/install/person_msgs/share/person_msgs/cmake/person_msgs__rosidl_typesupport_cExport-noconfig.cmake\n'}
[0.881499] (person_msgs) StdoutLine: {'line': b'-- Up-to-date: /home/aya/ros2_ws/install/person_msgs/share/person_msgs/cmake/export_person_msgs__rosidl_generator_cppExport.cmake\n'}
[0.881619] (person_msgs) StdoutLine: {'line': b'-- Up-to-date: /home/aya/ros2_ws/install/person_msgs/share/person_msgs/cmake/export_person_msgs__rosidl_typesupport_fastrtps_cppExport.cmake\n'}
[0.881898] (person_msgs) StdoutLine: {'line': b'-- Up-to-date: /home/aya/ros2_ws/install/person_msgs/share/person_msgs/cmake/export_person_msgs__rosidl_typesupport_fastrtps_cppExport-noconfig.cmake\n'}
[0.882017] (person_msgs) StdoutLine: {'line': b'-- Up-to-date: /home/aya/ros2_ws/install/person_msgs/share/person_msgs/cmake/person_msgs__rosidl_typesupport_introspection_cppExport.cmake\n'}
[0.885483] (person_msgs) StdoutLine: {'line': b'-- Up-to-date: /home/aya/ros2_ws/install/person_msgs/share/person_msgs/cmake/person_msgs__rosidl_typesupport_introspection_cppExport-noconfig.cmake\n'}
[0.885860] (person_msgs) StdoutLine: {'line': b'-- Up-to-date: /home/aya/ros2_ws/install/person_msgs/share/person_msgs/cmake/person_msgs__rosidl_typesupport_cppExport.cmake\n'}
[0.886057] (person_msgs) StdoutLine: {'line': b'-- Up-to-date: /home/aya/ros2_ws/install/person_msgs/share/person_msgs/cmake/person_msgs__rosidl_typesupport_cppExport-noconfig.cmake\n'}
[0.886244] (person_msgs) StdoutLine: {'line': b'-- Up-to-date: /home/aya/ros2_ws/install/person_msgs/share/person_msgs/cmake/export_person_msgs__rosidl_generator_pyExport.cmake\n'}
[0.886640] (person_msgs) StdoutLine: {'line': b'-- Up-to-date: /home/aya/ros2_ws/install/person_msgs/share/person_msgs/cmake/export_person_msgs__rosidl_generator_pyExport-noconfig.cmake\n'}
[0.886818] (person_msgs) StdoutLine: {'line': b'-- Up-to-date: /home/aya/ros2_ws/install/person_msgs/share/person_msgs/cmake/rosidl_cmake-extras.cmake\n'}
[0.887003] (person_msgs) StdoutLine: {'line': b'-- Up-to-date: /home/aya/ros2_ws/install/person_msgs/share/person_msgs/cmake/ament_cmake_export_include_directories-extras.cmake\n'}
[0.887186] (person_msgs) StdoutLine: {'line': b'-- Up-to-date: /home/aya/ros2_ws/install/person_msgs/share/person_msgs/cmake/ament_cmake_export_libraries-extras.cmake\n'}
[0.887371] (person_msgs) StdoutLine: {'line': b'-- Up-to-date: /home/aya/ros2_ws/install/person_msgs/share/person_msgs/cmake/ament_cmake_export_targets-extras.cmake\n'}
[0.887575] (person_msgs) StdoutLine: {'line': b'-- Up-to-date: /home/aya/ros2_ws/install/person_msgs/share/person_msgs/cmake/rosidl_cmake_export_typesupport_targets-extras.cmake\n'}
[0.887749] (person_msgs) StdoutLine: {'line': b'-- Up-to-date: /home/aya/ros2_ws/install/person_msgs/share/person_msgs/cmake/ament_cmake_export_dependencies-extras.cmake\n'}
[0.887879] (person_msgs) StdoutLine: {'line': b'-- Up-to-date: /home/aya/ros2_ws/install/person_msgs/share/person_msgs/cmake/rosidl_cmake_export_typesupport_libraries-extras.cmake\n'}
[0.888373] (person_msgs) StdoutLine: {'line': b'-- Up-to-date: /home/aya/ros2_ws/install/person_msgs/share/person_msgs/cmake/person_msgsConfig.cmake\n'}
[0.888568] (person_msgs) StdoutLine: {'line': b'-- Up-to-date: /home/aya/ros2_ws/install/person_msgs/share/person_msgs/cmake/person_msgsConfig-version.cmake\n'}
[0.888747] (person_msgs) StdoutLine: {'line': b'-- Up-to-date: /home/aya/ros2_ws/install/person_msgs/share/person_msgs/package.xml\n'}
[0.888927] (person_msgs) CommandEnded: {'returncode': 0}
[0.916897] (mypkg) StdoutLine: {'line': b'running egg_info\n'}
[0.918120] (mypkg) StdoutLine: {'line': b'writing ../../build/mypkg/mypkg.egg-info/PKG-INFO\n'}
[0.919169] (mypkg) StdoutLine: {'line': b'writing dependency_links to ../../build/mypkg/mypkg.egg-info/dependency_links.txt\n'}
[0.919294] (mypkg) StdoutLine: {'line': b'writing entry points to ../../build/mypkg/mypkg.egg-info/entry_points.txt\n'}
[0.919370] (mypkg) StdoutLine: {'line': b'writing requirements to ../../build/mypkg/mypkg.egg-info/requires.txt\n'}
[0.919506] (mypkg) StdoutLine: {'line': b'writing top-level names to ../../build/mypkg/mypkg.egg-info/top_level.txt\n'}
[0.921534] (mypkg) StdoutLine: {'line': b"reading manifest file '../../build/mypkg/mypkg.egg-info/SOURCES.txt'\n"}
[0.922657] (-) TimerEvent: {}
[0.923164] (mypkg) StdoutLine: {'line': b"writing manifest file '../../build/mypkg/mypkg.egg-info/SOURCES.txt'\n"}
[0.923383] (mypkg) StdoutLine: {'line': b'running build\n'}
[0.924380] (mypkg) StdoutLine: {'line': b'running build_py\n'}
[0.924567] (mypkg) StdoutLine: {'line': b'running install\n'}
[0.924747] (mypkg) StderrLine: {'line': b'/usr/lib/python3/dist-packages/setuptools/command/install.py:34: SetuptoolsDeprecationWarning: setup.py install is deprecated. Use build and pip and other standards-based tools.\n'}
[0.925132] (mypkg) StderrLine: {'line': b'  warnings.warn(\n'}
[0.925305] (mypkg) StdoutLine: {'line': b'running install_lib\n'}
[0.925480] (mypkg) StdoutLine: {'line': b'running install_data\n'}
[0.926081] (mypkg) StdoutLine: {'line': b'running install_egg_info\n'}
[0.926261] (mypkg) StdoutLine: {'line': b"removing '/home/aya/ros2_ws/install/mypkg/lib/python3.10/site-packages/mypkg-0.0.0-py3.10.egg-info' (and everything under it)\n"}
[0.926867] (mypkg) StdoutLine: {'line': b'Copying ../../build/mypkg/mypkg.egg-info to /home/aya/ros2_ws/install/mypkg/lib/python3.10/site-packages/mypkg-0.0.0-py3.10.egg-info\n'}
[0.927087] (mypkg) StdoutLine: {'line': b'running install_scripts\n'}
[0.954798] (mypkg) StdoutLine: {'line': b'Installing listener script to /home/aya/ros2_ws/install/mypkg/lib/mypkg\n'}
[0.955877] (mypkg) StdoutLine: {'line': b'Installing talker script to /home/aya/ros2_ws/install/mypkg/lib/mypkg\n'}
[0.956124] (mypkg) StdoutLine: {'line': b"writing list of installed files to '/home/aya/ros2_ws/build/mypkg/install.log'\n"}
[0.979407] (mypkg) CommandEnded: {'returncode': 0}
[1.019312] (mypkg) JobEnded: {'identifier': 'mypkg', 'rc': 0}
[1.022983] (-) TimerEvent: {}
[1.094562] (person_msgs) JobEnded: {'identifier': 'person_msgs', 'rc': 0}
[1.095966] (-) EventReactorShutdown: {}
