[0.362s] Invoking command in '/home/aya/ros2_ws/build/person_msgs': CMAKE_PREFIX_PATH=${CMAKE_PREFIX_PATH}:/home/aya/ros2_ws/install/mypkg:/opt/ros/humble /usr/bin/cmake --build /home/aya/ros2_ws/build/person_msgs -- -j8 -l8
[0.446s] [  2%] Built target person_msgs__cpp
[0.448s] [ 12%] Built target person_msgs__rosidl_generator_c
[0.466s] [ 12%] Built target ament_cmake_python_copy_person_msgs
[0.480s] [ 23%] Built target person_msgs__rosidl_typesupport_c
[0.481s] [ 33%] Built target person_msgs__rosidl_typesupport_introspection_c
[0.483s] [ 43%] Built target person_msgs__rosidl_typesupport_introspection_cpp
[0.486s] [ 53%] Built target person_msgs__rosidl_typesupport_cpp
[0.487s] [ 64%] Built target person_msgs__rosidl_typesupport_fastrtps_cpp
[0.488s] [ 74%] Built target person_msgs__rosidl_typesupport_fastrtps_c
[0.513s] [ 74%] Built target person_msgs
[0.535s] [ 76%] Built target person_msgs__py
[0.563s] [ 84%] Built target person_msgs__rosidl_generator_py
[0.589s] [ 89%] Built target person_msgs__rosidl_typesupport_c__pyext
[0.592s] [ 97%] Built target person_msgs__rosidl_typesupport_introspection_c__pyext
[0.594s] [100%] Built target person_msgs__rosidl_typesupport_fastrtps_c__pyext
[0.749s] running egg_info
[0.751s] writing person_msgs.egg-info/PKG-INFO
[0.751s] writing dependency_links to person_msgs.egg-info/dependency_links.txt
[0.751s] writing top-level names to person_msgs.egg-info/top_level.txt
[0.755s] reading manifest file 'person_msgs.egg-info/SOURCES.txt'
[0.757s] writing manifest file 'person_msgs.egg-info/SOURCES.txt'
[0.799s] [100%] Built target ament_cmake_python_build_person_msgs_egg
[0.821s] Invoked command in '/home/aya/ros2_ws/build/person_msgs' returned '0': CMAKE_PREFIX_PATH=${CMAKE_PREFIX_PATH}:/home/aya/ros2_ws/install/mypkg:/opt/ros/humble /usr/bin/cmake --build /home/aya/ros2_ws/build/person_msgs -- -j8 -l8
[0.944s] Invoking command in '/home/aya/ros2_ws/build/person_msgs': CMAKE_PREFIX_PATH=${CMAKE_PREFIX_PATH}:/home/aya/ros2_ws/install/mypkg:/opt/ros/humble /usr/bin/cmake --install /home/aya/ros2_ws/build/person_msgs
[0.953s] -- Install configuration: ""
[0.954s] -- Up-to-date: /home/aya/ros2_ws/install/person_msgs/share/ament_index/resource_index/rosidl_interfaces/person_msgs
[0.955s] -- Up-to-date: /home/aya/ros2_ws/install/person_msgs/include/person_msgs/person_msgs
[0.955s] -- Up-to-date: /home/aya/ros2_ws/install/person_msgs/include/person_msgs/person_msgs/msg
[0.955s] -- Up-to-date: /home/aya/ros2_ws/install/person_msgs/include/person_msgs/person_msgs/msg/detail
[0.955s] -- Up-to-date: /home/aya/ros2_ws/install/person_msgs/include/person_msgs/person_msgs/msg/detail/person__type_support.h
[0.956s] -- Up-to-date: /home/aya/ros2_ws/install/person_msgs/include/person_msgs/person_msgs/msg/detail/person__functions.c
[0.956s] -- Up-to-date: /home/aya/ros2_ws/install/person_msgs/include/person_msgs/person_msgs/msg/detail/person__functions.h
[0.956s] -- Up-to-date: /home/aya/ros2_ws/install/person_msgs/include/person_msgs/person_msgs/msg/detail/person__struct.h
[0.956s] -- Up-to-date: /home/aya/ros2_ws/install/person_msgs/include/person_msgs/person_msgs/msg/rosidl_generator_c__visibility_control.h
[0.956s] -- Up-to-date: /home/aya/ros2_ws/install/person_msgs/include/person_msgs/person_msgs/msg/person.h
[0.956s] -- Up-to-date: /home/aya/ros2_ws/install/person_msgs/include/person_msgs/person_msgs/srv
[0.957s] -- Up-to-date: /home/aya/ros2_ws/install/person_msgs/include/person_msgs/person_msgs/srv/query.h
[0.957s] -- Up-to-date: /home/aya/ros2_ws/install/person_msgs/include/person_msgs/person_msgs/srv/detail
[0.957s] -- Up-to-date: /home/aya/ros2_ws/install/person_msgs/include/person_msgs/person_msgs/srv/detail/query__type_support.h
[0.957s] -- Up-to-date: /home/aya/ros2_ws/install/person_msgs/include/person_msgs/person_msgs/srv/detail/query__functions.c
[0.957s] -- Up-to-date: /home/aya/ros2_ws/install/person_msgs/include/person_msgs/person_msgs/srv/detail/query__functions.h
[0.958s] -- Up-to-date: /home/aya/ros2_ws/install/person_msgs/include/person_msgs/person_msgs/srv/detail/query__struct.h
[0.958s] -- Up-to-date: /home/aya/ros2_ws/install/person_msgs/share/person_msgs/environment/library_path.sh
[0.958s] -- Up-to-date: /home/aya/ros2_ws/install/person_msgs/share/person_msgs/environment/library_path.dsv
[0.958s] -- Up-to-date: /home/aya/ros2_ws/install/person_msgs/lib/libperson_msgs__rosidl_generator_c.so
[0.959s] -- Up-to-date: /home/aya/ros2_ws/install/person_msgs/include/person_msgs/person_msgs
[0.959s] -- Up-to-date: /home/aya/ros2_ws/install/person_msgs/include/person_msgs/person_msgs/msg
[0.959s] -- Up-to-date: /home/aya/ros2_ws/install/person_msgs/include/person_msgs/person_msgs/msg/detail
[0.959s] -- Up-to-date: /home/aya/ros2_ws/install/person_msgs/include/person_msgs/person_msgs/msg/detail/person__rosidl_typesupport_fastrtps_c.h
[0.960s] -- Up-to-date: /home/aya/ros2_ws/install/person_msgs/include/person_msgs/person_msgs/msg/rosidl_typesupport_fastrtps_c__visibility_control.h
[0.960s] -- Up-to-date: /home/aya/ros2_ws/install/person_msgs/include/person_msgs/person_msgs/srv
[0.960s] -- Up-to-date: /home/aya/ros2_ws/install/person_msgs/include/person_msgs/person_msgs/srv/detail
[0.960s] -- Up-to-date: /home/aya/ros2_ws/install/person_msgs/include/person_msgs/person_msgs/srv/detail/query__rosidl_typesupport_fastrtps_c.h
[0.960s] -- Up-to-date: /home/aya/ros2_ws/install/person_msgs/lib/libperson_msgs__rosidl_typesupport_fastrtps_c.so
[0.960s] -- Up-to-date: /home/aya/ros2_ws/install/person_msgs/include/person_msgs/person_msgs
[0.960s] -- Up-to-date: /home/aya/ros2_ws/install/person_msgs/include/person_msgs/person_msgs/msg
[0.961s] -- Up-to-date: /home/aya/ros2_ws/install/person_msgs/include/person_msgs/person_msgs/msg/detail
[0.961s] -- Up-to-date: /home/aya/ros2_ws/install/person_msgs/include/person_msgs/person_msgs/msg/detail/person__rosidl_typesupport_introspection_c.h
[0.961s] -- Up-to-date: /home/aya/ros2_ws/install/person_msgs/include/person_msgs/person_msgs/msg/detail/person__type_support.c
[0.961s] -- Up-to-date: /home/aya/ros2_ws/install/person_msgs/include/person_msgs/person_msgs/msg/rosidl_typesupport_introspection_c__visibility_control.h
[0.962s] -- Up-to-date: /home/aya/ros2_ws/install/person_msgs/include/person_msgs/person_msgs/srv
[0.962s] -- Up-to-date: /home/aya/ros2_ws/install/person_msgs/include/person_msgs/person_msgs/srv/detail
[0.962s] -- Up-to-date: /home/aya/ros2_ws/install/person_msgs/include/person_msgs/person_msgs/srv/detail/query__type_support.c
[0.963s] -- Up-to-date: /home/aya/ros2_ws/install/person_msgs/include/person_msgs/person_msgs/srv/detail/query__rosidl_typesupport_introspection_c.h
[0.963s] -- Up-to-date: /home/aya/ros2_ws/install/person_msgs/lib/libperson_msgs__rosidl_typesupport_introspection_c.so
[0.963s] -- Up-to-date: /home/aya/ros2_ws/install/person_msgs/lib/libperson_msgs__rosidl_typesupport_c.so
[0.963s] -- Up-to-date: /home/aya/ros2_ws/install/person_msgs/include/person_msgs/person_msgs
[0.963s] -- Up-to-date: /home/aya/ros2_ws/install/person_msgs/include/person_msgs/person_msgs/msg
[0.964s] -- Up-to-date: /home/aya/ros2_ws/install/person_msgs/include/person_msgs/person_msgs/msg/detail
[0.964s] -- Up-to-date: /home/aya/ros2_ws/install/person_msgs/include/person_msgs/person_msgs/msg/detail/person__struct.hpp
[0.964s] -- Up-to-date: /home/aya/ros2_ws/install/person_msgs/include/person_msgs/person_msgs/msg/detail/person__builder.hpp
[0.964s] -- Up-to-date: /home/aya/ros2_ws/install/person_msgs/include/person_msgs/person_msgs/msg/detail/person__traits.hpp
[0.965s] -- Up-to-date: /home/aya/ros2_ws/install/person_msgs/include/person_msgs/person_msgs/msg/person.hpp
[0.965s] -- Up-to-date: /home/aya/ros2_ws/install/person_msgs/include/person_msgs/person_msgs/srv
[0.965s] -- Up-to-date: /home/aya/ros2_ws/install/person_msgs/include/person_msgs/person_msgs/srv/detail
[0.965s] -- Up-to-date: /home/aya/ros2_ws/install/person_msgs/include/person_msgs/person_msgs/srv/detail/query__traits.hpp
[0.965s] -- Up-to-date: /home/aya/ros2_ws/install/person_msgs/include/person_msgs/person_msgs/srv/detail/query__builder.hpp
[0.965s] -- Up-to-date: /home/aya/ros2_ws/install/person_msgs/include/person_msgs/person_msgs/srv/detail/query__struct.hpp
[0.966s] -- Up-to-date: /home/aya/ros2_ws/install/person_msgs/include/person_msgs/person_msgs/srv/query.hpp
[0.966s] -- Up-to-date: /home/aya/ros2_ws/install/person_msgs/include/person_msgs/person_msgs
[0.966s] -- Up-to-date: /home/aya/ros2_ws/install/person_msgs/include/person_msgs/person_msgs/msg
[0.967s] -- Up-to-date: /home/aya/ros2_ws/install/person_msgs/include/person_msgs/person_msgs/msg/detail
[0.967s] -- Up-to-date: /home/aya/ros2_ws/install/person_msgs/include/person_msgs/person_msgs/msg/detail/dds_fastrtps
[0.967s] -- Up-to-date: /home/aya/ros2_ws/install/person_msgs/include/person_msgs/person_msgs/msg/detail/person__rosidl_typesupport_fastrtps_cpp.hpp
[0.968s] -- Up-to-date: /home/aya/ros2_ws/install/person_msgs/include/person_msgs/person_msgs/msg/rosidl_typesupport_fastrtps_cpp__visibility_control.h
[0.968s] -- Up-to-date: /home/aya/ros2_ws/install/person_msgs/include/person_msgs/person_msgs/srv
[0.968s] -- Up-to-date: /home/aya/ros2_ws/install/person_msgs/include/person_msgs/person_msgs/srv/detail
[0.968s] -- Up-to-date: /home/aya/ros2_ws/install/person_msgs/include/person_msgs/person_msgs/srv/detail/query__rosidl_typesupport_fastrtps_cpp.hpp
[0.968s] -- Up-to-date: /home/aya/ros2_ws/install/person_msgs/include/person_msgs/person_msgs/srv/detail/dds_fastrtps
[0.968s] -- Up-to-date: /home/aya/ros2_ws/install/person_msgs/lib/libperson_msgs__rosidl_typesupport_fastrtps_cpp.so
[0.968s] -- Up-to-date: /home/aya/ros2_ws/install/person_msgs/include/person_msgs/person_msgs
[0.968s] -- Up-to-date: /home/aya/ros2_ws/install/person_msgs/include/person_msgs/person_msgs/msg
[0.968s] -- Up-to-date: /home/aya/ros2_ws/install/person_msgs/include/person_msgs/person_msgs/msg/detail
[0.968s] -- Up-to-date: /home/aya/ros2_ws/install/person_msgs/include/person_msgs/person_msgs/msg/detail/person__type_support.cpp
[0.968s] -- Up-to-date: /home/aya/ros2_ws/install/person_msgs/include/person_msgs/person_msgs/msg/detail/person__rosidl_typesupport_introspection_cpp.hpp
[0.968s] -- Up-to-date: /home/aya/ros2_ws/install/person_msgs/include/person_msgs/person_msgs/srv
[0.969s] -- Up-to-date: /home/aya/ros2_ws/install/person_msgs/include/person_msgs/person_msgs/srv/detail
[0.969s] -- Up-to-date: /home/aya/ros2_ws/install/person_msgs/include/person_msgs/person_msgs/srv/detail/query__rosidl_typesupport_introspection_cpp.hpp
[0.969s] -- Up-to-date: /home/aya/ros2_ws/install/person_msgs/include/person_msgs/person_msgs/srv/detail/query__type_support.cpp
[0.969s] -- Up-to-date: /home/aya/ros2_ws/install/person_msgs/lib/libperson_msgs__rosidl_typesupport_introspection_cpp.so
[0.969s] -- Up-to-date: /home/aya/ros2_ws/install/person_msgs/lib/libperson_msgs__rosidl_typesupport_cpp.so
[0.969s] -- Up-to-date: /home/aya/ros2_ws/install/person_msgs/share/person_msgs/environment/pythonpath.sh
[0.969s] -- Up-to-date: /home/aya/ros2_ws/install/person_msgs/share/person_msgs/environment/pythonpath.dsv
[0.969s] -- Up-to-date: /home/aya/ros2_ws/install/person_msgs/local/lib/python3.10/dist-packages/person_msgs-0.0.0-py3.10.egg-info
[0.969s] -- Installing: /home/aya/ros2_ws/install/person_msgs/local/lib/python3.10/dist-packages/person_msgs-0.0.0-py3.10.egg-info/SOURCES.txt
[0.969s] -- Installing: /home/aya/ros2_ws/install/person_msgs/local/lib/python3.10/dist-packages/person_msgs-0.0.0-py3.10.egg-info/PKG-INFO
[0.969s] -- Installing: /home/aya/ros2_ws/install/person_msgs/local/lib/python3.10/dist-packages/person_msgs-0.0.0-py3.10.egg-info/top_level.txt
[0.969s] -- Installing: /home/aya/ros2_ws/install/person_msgs/local/lib/python3.10/dist-packages/person_msgs-0.0.0-py3.10.egg-info/dependency_links.txt
[0.970s] -- Up-to-date: /home/aya/ros2_ws/install/person_msgs/local/lib/python3.10/dist-packages/person_msgs
[0.970s] -- Up-to-date: /home/aya/ros2_ws/install/person_msgs/local/lib/python3.10/dist-packages/person_msgs/person_msgs_s__rosidl_typesupport_introspection_c.cpython-310-x86_64-linux-gnu.so
[0.970s] -- Up-to-date: /home/aya/ros2_ws/install/person_msgs/local/lib/python3.10/dist-packages/person_msgs/msg
[0.970s] -- Up-to-date: /home/aya/ros2_ws/install/person_msgs/local/lib/python3.10/dist-packages/person_msgs/msg/_person.py
[0.970s] -- Up-to-date: /home/aya/ros2_ws/install/person_msgs/local/lib/python3.10/dist-packages/person_msgs/msg/__init__.py
[0.970s] -- Up-to-date: /home/aya/ros2_ws/install/person_msgs/local/lib/python3.10/dist-packages/person_msgs/msg/_person_s.c
[0.970s] -- Up-to-date: /home/aya/ros2_ws/install/person_msgs/local/lib/python3.10/dist-packages/person_msgs/person_msgs_s__rosidl_typesupport_c.cpython-310-x86_64-linux-gnu.so
[0.971s] -- Up-to-date: /home/aya/ros2_ws/install/person_msgs/local/lib/python3.10/dist-packages/person_msgs/_person_msgs_s.ep.rosidl_typesupport_c.c
[0.971s] -- Up-to-date: /home/aya/ros2_ws/install/person_msgs/local/lib/python3.10/dist-packages/person_msgs/libperson_msgs__rosidl_generator_py.so
[0.971s] -- Up-to-date: /home/aya/ros2_ws/install/person_msgs/local/lib/python3.10/dist-packages/person_msgs/_person_msgs_s.ep.rosidl_typesupport_fastrtps_c.c
[0.971s] -- Up-to-date: /home/aya/ros2_ws/install/person_msgs/local/lib/python3.10/dist-packages/person_msgs/srv
[0.971s] -- Up-to-date: /home/aya/ros2_ws/install/person_msgs/local/lib/python3.10/dist-packages/person_msgs/srv/_query_s.c
[0.971s] -- Up-to-date: /home/aya/ros2_ws/install/person_msgs/local/lib/python3.10/dist-packages/person_msgs/srv/__init__.py
[0.971s] -- Up-to-date: /home/aya/ros2_ws/install/person_msgs/local/lib/python3.10/dist-packages/person_msgs/srv/_query.py
[0.971s] -- Up-to-date: /home/aya/ros2_ws/install/person_msgs/local/lib/python3.10/dist-packages/person_msgs/__init__.py
[0.972s] -- Up-to-date: /home/aya/ros2_ws/install/person_msgs/local/lib/python3.10/dist-packages/person_msgs/person_msgs_s__rosidl_typesupport_fastrtps_c.cpython-310-x86_64-linux-gnu.so
[0.972s] -- Up-to-date: /home/aya/ros2_ws/install/person_msgs/local/lib/python3.10/dist-packages/person_msgs/_person_msgs_s.ep.rosidl_typesupport_introspection_c.c
[1.024s] Listing '/home/aya/ros2_ws/install/person_msgs/local/lib/python3.10/dist-packages/person_msgs'...
[1.024s] Listing '/home/aya/ros2_ws/install/person_msgs/local/lib/python3.10/dist-packages/person_msgs/msg'...
[1.024s] Listing '/home/aya/ros2_ws/install/person_msgs/local/lib/python3.10/dist-packages/person_msgs/srv'...
[1.035s] -- Up-to-date: /home/aya/ros2_ws/install/person_msgs/local/lib/python3.10/dist-packages/person_msgs/person_msgs_s__rosidl_typesupport_fastrtps_c.cpython-310-x86_64-linux-gnu.so
[1.036s] -- Up-to-date: /home/aya/ros2_ws/install/person_msgs/local/lib/python3.10/dist-packages/person_msgs/person_msgs_s__rosidl_typesupport_introspection_c.cpython-310-x86_64-linux-gnu.so
[1.036s] -- Up-to-date: /home/aya/ros2_ws/install/person_msgs/local/lib/python3.10/dist-packages/person_msgs/person_msgs_s__rosidl_typesupport_c.cpython-310-x86_64-linux-gnu.so
[1.037s] -- Up-to-date: /home/aya/ros2_ws/install/person_msgs/lib/libperson_msgs__rosidl_generator_py.so
[1.038s] -- Up-to-date: /home/aya/ros2_ws/install/person_msgs/share/person_msgs/msg/Person.idl
[1.038s] -- Up-to-date: /home/aya/ros2_ws/install/person_msgs/share/person_msgs/srv/Query.idl
[1.039s] -- Up-to-date: /home/aya/ros2_ws/install/person_msgs/share/person_msgs/msg/Person.msg
[1.039s] -- Up-to-date: /home/aya/ros2_ws/install/person_msgs/share/person_msgs/srv/Query.srv
[1.039s] -- Up-to-date: /home/aya/ros2_ws/install/person_msgs/share/person_msgs/srv/Query_Request.msg
[1.040s] -- Up-to-date: /home/aya/ros2_ws/install/person_msgs/share/person_msgs/srv/Query_Response.msg
[1.040s] -- Up-to-date: /home/aya/ros2_ws/install/person_msgs/share/ament_index/resource_index/package_run_dependencies/person_msgs
[1.040s] -- Up-to-date: /home/aya/ros2_ws/install/person_msgs/share/ament_index/resource_index/parent_prefix_path/person_msgs
[1.040s] -- Up-to-date: /home/aya/ros2_ws/install/person_msgs/share/person_msgs/environment/ament_prefix_path.sh
[1.041s] -- Up-to-date: /home/aya/ros2_ws/install/person_msgs/share/person_msgs/environment/ament_prefix_path.dsv
[1.041s] -- Up-to-date: /home/aya/ros2_ws/install/person_msgs/share/person_msgs/environment/path.sh
[1.042s] -- Up-to-date: /home/aya/ros2_ws/install/person_msgs/share/person_msgs/environment/path.dsv
[1.042s] -- Up-to-date: /home/aya/ros2_ws/install/person_msgs/share/person_msgs/local_setup.bash
[1.043s] -- Up-to-date: /home/aya/ros2_ws/install/person_msgs/share/person_msgs/local_setup.sh
[1.043s] -- Up-to-date: /home/aya/ros2_ws/install/person_msgs/share/person_msgs/local_setup.zsh
[1.044s] -- Up-to-date: /home/aya/ros2_ws/install/person_msgs/share/person_msgs/local_setup.dsv
[1.045s] -- Up-to-date: /home/aya/ros2_ws/install/person_msgs/share/person_msgs/package.dsv
[1.045s] -- Up-to-date: /home/aya/ros2_ws/install/person_msgs/share/ament_index/resource_index/packages/person_msgs
[1.045s] -- Up-to-date: /home/aya/ros2_ws/install/person_msgs/share/person_msgs/cmake/export_person_msgs__rosidl_generator_cExport.cmake
[1.045s] -- Up-to-date: /home/aya/ros2_ws/install/person_msgs/share/person_msgs/cmake/export_person_msgs__rosidl_generator_cExport-noconfig.cmake
[1.045s] -- Up-to-date: /home/aya/ros2_ws/install/person_msgs/share/person_msgs/cmake/export_person_msgs__rosidl_typesupport_fastrtps_cExport.cmake
[1.046s] -- Up-to-date: /home/aya/ros2_ws/install/person_msgs/share/person_msgs/cmake/export_person_msgs__rosidl_typesupport_fastrtps_cExport-noconfig.cmake
[1.046s] -- Up-to-date: /home/aya/ros2_ws/install/person_msgs/share/person_msgs/cmake/person_msgs__rosidl_typesupport_introspection_cExport.cmake
[1.047s] -- Up-to-date: /home/aya/ros2_ws/install/person_msgs/share/person_msgs/cmake/person_msgs__rosidl_typesupport_introspection_cExport-noconfig.cmake
[1.047s] -- Up-to-date: /home/aya/ros2_ws/install/person_msgs/share/person_msgs/cmake/person_msgs__rosidl_typesupport_cExport.cmake
[1.047s] -- Up-to-date: /home/aya/ros2_ws/install/person_msgs/share/person_msgs/cmake/person_msgs__rosidl_typesupport_cExport-noconfig.cmake
[1.047s] -- Up-to-date: /home/aya/ros2_ws/install/person_msgs/share/person_msgs/cmake/export_person_msgs__rosidl_generator_cppExport.cmake
[1.047s] -- Up-to-date: /home/aya/ros2_ws/install/person_msgs/share/person_msgs/cmake/export_person_msgs__rosidl_typesupport_fastrtps_cppExport.cmake
[1.048s] -- Up-to-date: /home/aya/ros2_ws/install/person_msgs/share/person_msgs/cmake/export_person_msgs__rosidl_typesupport_fastrtps_cppExport-noconfig.cmake
[1.048s] -- Up-to-date: /home/aya/ros2_ws/install/person_msgs/share/person_msgs/cmake/person_msgs__rosidl_typesupport_introspection_cppExport.cmake
[1.048s] -- Up-to-date: /home/aya/ros2_ws/install/person_msgs/share/person_msgs/cmake/person_msgs__rosidl_typesupport_introspection_cppExport-noconfig.cmake
[1.048s] -- Up-to-date: /home/aya/ros2_ws/install/person_msgs/share/person_msgs/cmake/person_msgs__rosidl_typesupport_cppExport.cmake
[1.048s] -- Up-to-date: /home/aya/ros2_ws/install/person_msgs/share/person_msgs/cmake/person_msgs__rosidl_typesupport_cppExport-noconfig.cmake
[1.048s] -- Up-to-date: /home/aya/ros2_ws/install/person_msgs/share/person_msgs/cmake/export_person_msgs__rosidl_generator_pyExport.cmake
[1.048s] -- Up-to-date: /home/aya/ros2_ws/install/person_msgs/share/person_msgs/cmake/export_person_msgs__rosidl_generator_pyExport-noconfig.cmake
[1.048s] -- Up-to-date: /home/aya/ros2_ws/install/person_msgs/share/person_msgs/cmake/rosidl_cmake-extras.cmake
[1.048s] -- Up-to-date: /home/aya/ros2_ws/install/person_msgs/share/person_msgs/cmake/ament_cmake_export_include_directories-extras.cmake
[1.048s] -- Up-to-date: /home/aya/ros2_ws/install/person_msgs/share/person_msgs/cmake/ament_cmake_export_libraries-extras.cmake
[1.048s] -- Up-to-date: /home/aya/ros2_ws/install/person_msgs/share/person_msgs/cmake/ament_cmake_export_targets-extras.cmake
[1.048s] -- Up-to-date: /home/aya/ros2_ws/install/person_msgs/share/person_msgs/cmake/rosidl_cmake_export_typesupport_targets-extras.cmake
[1.049s] -- Up-to-date: /home/aya/ros2_ws/install/person_msgs/share/person_msgs/cmake/ament_cmake_export_dependencies-extras.cmake
[1.049s] -- Up-to-date: /home/aya/ros2_ws/install/person_msgs/share/person_msgs/cmake/rosidl_cmake_export_typesupport_libraries-extras.cmake
[1.049s] -- Up-to-date: /home/aya/ros2_ws/install/person_msgs/share/person_msgs/cmake/person_msgsConfig.cmake
[1.049s] -- Up-to-date: /home/aya/ros2_ws/install/person_msgs/share/person_msgs/cmake/person_msgsConfig-version.cmake
[1.049s] -- Up-to-date: /home/aya/ros2_ws/install/person_msgs/share/person_msgs/package.xml
[1.053s] Invoked command in '/home/aya/ros2_ws/build/person_msgs' returned '0': CMAKE_PREFIX_PATH=${CMAKE_PREFIX_PATH}:/home/aya/ros2_ws/install/mypkg:/opt/ros/humble /usr/bin/cmake --install /home/aya/ros2_ws/build/person_msgs
