[0.797s] Invoking command in '/home/aya/ros2_ws/src/mypkg': PYTHONPATH=/home/aya/ros2_ws/build/mypkg/prefix_override:/home/aya/ros2_ws/install/mypkg/lib/python3.10/site-packages:${PYTHONPATH} /usr/bin/python3 setup.py egg_info --egg-base ../../build/mypkg build --build-base /home/aya/ros2_ws/build/mypkg/build install --record /home/aya/ros2_ws/build/mypkg/install.log --single-version-externally-managed
[1.047s] running egg_info
[1.048s] writing ../../build/mypkg/mypkg.egg-info/PKG-INFO
[1.048s] writing dependency_links to ../../build/mypkg/mypkg.egg-info/dependency_links.txt
[1.049s] writing entry points to ../../build/mypkg/mypkg.egg-info/entry_points.txt
[1.049s] writing requirements to ../../build/mypkg/mypkg.egg-info/requires.txt
[1.049s] writing top-level names to ../../build/mypkg/mypkg.egg-info/top_level.txt
[1.051s] reading manifest file '../../build/mypkg/mypkg.egg-info/SOURCES.txt'
[1.053s] writing manifest file '../../build/mypkg/mypkg.egg-info/SOURCES.txt'
[1.053s] running build
[1.053s] running build_py
[1.054s] running install
[1.055s] /usr/lib/python3/dist-packages/setuptools/command/install.py:34: SetuptoolsDeprecationWarning: setup.py install is deprecated. Use build and pip and other standards-based tools.
[1.055s]   warnings.warn(
[1.055s] running install_lib
[1.057s] running install_data
[1.058s] running install_egg_info
[1.059s] removing '/home/aya/ros2_ws/install/mypkg/lib/python3.10/site-packages/mypkg-0.0.0-py3.10.egg-info' (and everything under it)
[1.060s] Copying ../../build/mypkg/mypkg.egg-info to /home/aya/ros2_ws/install/mypkg/lib/python3.10/site-packages/mypkg-0.0.0-py3.10.egg-info
[1.061s] running install_scripts
[1.091s] Installing listener script to /home/aya/ros2_ws/install/mypkg/lib/mypkg
[1.091s] Installing talker script to /home/aya/ros2_ws/install/mypkg/lib/mypkg
[1.092s] writing list of installed files to '/home/aya/ros2_ws/build/mypkg/install.log'
[1.154s] Invoked command in '/home/aya/ros2_ws/src/mypkg' returned '0': PYTHONPATH=/home/aya/ros2_ws/build/mypkg/prefix_override:/home/aya/ros2_ws/install/mypkg/lib/python3.10/site-packages:${PYTHONPATH} /usr/bin/python3 setup.py egg_info --egg-base ../../build/mypkg build --build-base /home/aya/ros2_ws/build/mypkg/build install --record /home/aya/ros2_ws/build/mypkg/install.log --single-version-externally-managed
