[0.792s] Invoking command in '/home/aya/ros2_ws/src/mypkg': PYTHONPATH=/home/aya/ros2_ws/build/mypkg/prefix_override:/home/aya/ros2_ws/install/mypkg/lib/python3.10/site-packages:${PYTHONPATH} /usr/bin/python3 setup.py egg_info --egg-base ../../build/mypkg build --build-base /home/aya/ros2_ws/build/mypkg/build install --record /home/aya/ros2_ws/build/mypkg/install.log --single-version-externally-managed
[0.991s] running egg_info
[0.991s] creating ../../build/mypkg/mypkg.egg-info
[0.992s] writing ../../build/mypkg/mypkg.egg-info/PKG-INFO
[0.992s] writing dependency_links to ../../build/mypkg/mypkg.egg-info/dependency_links.txt
[0.992s] writing entry points to ../../build/mypkg/mypkg.egg-info/entry_points.txt
[0.993s] writing requirements to ../../build/mypkg/mypkg.egg-info/requires.txt
[0.993s] writing top-level names to ../../build/mypkg/mypkg.egg-info/top_level.txt
[0.993s] writing manifest file '../../build/mypkg/mypkg.egg-info/SOURCES.txt'
[0.994s] reading manifest file '../../build/mypkg/mypkg.egg-info/SOURCES.txt'
[0.995s] writing manifest file '../../build/mypkg/mypkg.egg-info/SOURCES.txt'
[0.995s] running build
[0.995s] running build_py
[0.996s] creating /home/aya/ros2_ws/build/mypkg/build
[0.996s] creating /home/aya/ros2_ws/build/mypkg/build/lib
[0.996s] creating /home/aya/ros2_ws/build/mypkg/build/lib/mypkg
[0.996s] copying mypkg/__init__.py -> /home/aya/ros2_ws/build/mypkg/build/lib/mypkg
[0.997s] running install
[0.997s] /usr/lib/python3/dist-packages/setuptools/command/install.py:34: SetuptoolsDeprecationWarning: setup.py install is deprecated. Use build and pip and other standards-based tools.
[0.997s]   warnings.warn(
[0.997s] running install_lib
[0.998s] creating /home/aya/ros2_ws/install/mypkg/lib/python3.10/site-packages/mypkg
[0.998s] copying /home/aya/ros2_ws/build/mypkg/build/lib/mypkg/__init__.py -> /home/aya/ros2_ws/install/mypkg/lib/python3.10/site-packages/mypkg
[0.999s] byte-compiling /home/aya/ros2_ws/install/mypkg/lib/python3.10/site-packages/mypkg/__init__.py to __init__.cpython-310.pyc
[1.000s] running install_data
[1.000s] creating /home/aya/ros2_ws/install/mypkg/share/ament_index
[1.000s] creating /home/aya/ros2_ws/install/mypkg/share/ament_index/resource_index
[1.001s] creating /home/aya/ros2_ws/install/mypkg/share/ament_index/resource_index/packages
[1.001s] copying resource/mypkg -> /home/aya/ros2_ws/install/mypkg/share/ament_index/resource_index/packages
[1.001s] copying package.xml -> /home/aya/ros2_ws/install/mypkg/share/mypkg
[1.001s] running install_egg_info
[1.003s] Copying ../../build/mypkg/mypkg.egg-info to /home/aya/ros2_ws/install/mypkg/lib/python3.10/site-packages/mypkg-0.0.0-py3.10.egg-info
[1.005s] running install_scripts
[1.030s] writing list of installed files to '/home/aya/ros2_ws/build/mypkg/install.log'
[1.054s] Invoked command in '/home/aya/ros2_ws/src/mypkg' returned '0': PYTHONPATH=/home/aya/ros2_ws/build/mypkg/prefix_override:/home/aya/ros2_ws/install/mypkg/lib/python3.10/site-packages:${PYTHONPATH} /usr/bin/python3 setup.py egg_info --egg-base ../../build/mypkg build --build-base /home/aya/ros2_ws/build/mypkg/build install --record /home/aya/ros2_ws/build/mypkg/install.log --single-version-externally-managed
