[0.000000] (-) TimerEvent: {}
[0.000287] (mypkg) JobQueued: {'identifier': 'mypkg', 'dependencies': OrderedDict()}
[0.000376] (person_msgs) JobQueued: {'identifier': 'person_msgs', 'dependencies': OrderedDict()}
[0.000456] (mypkg) JobStarted: {'identifier': 'mypkg'}
[0.073344] (person_msgs) JobStarted: {'identifier': 'person_msgs'}
[0.098650] (-) TimerEvent: {}
[0.199929] (-) TimerEvent: {}
[0.308661] (-) TimerEvent: {}
[0.418077] (-) TimerEvent: {}
[0.432912] (person_msgs) JobProgress: {'identifier': 'person_msgs', 'progress': 'cmake'}
[0.434764] (person_msgs) JobProgress: {'identifier': 'person_msgs', 'progress': 'build'}
[0.434923] (person_msgs) Command: {'cmd': ['/usr/bin/cmake', '--build', '/home/aya/ros2_ws/build/person_msgs', '--', '-j8', '-l8'], 'cwd': '/home/aya/ros2_ws/build/person_msgs', 'env': OrderedDict([('USER', 'aya'), ('SHLVL', '1'), ('LD_LIBRARY_PATH', '/home/aya/ros2_ws/install/person_msgs/lib:/opt/ros/humble/opt/rviz_ogre_vendor/lib:/opt/ros/humble/lib/x86_64-linux-gnu:/opt/ros/humble/lib'), ('HOME', '/home/aya'), ('OLDPWD', '/home/aya'), ('ROS_PYTHON_VERSION', '3'), ('DBUS_SESSION_BUS_ADDRESS', 'unix:path=/run/user/1000/bus'), ('WSL_DISTRO_NAME', 'Ubuntu'), ('WAYLAND_DISPLAY', 'wayland-0'), ('COLCON_PREFIX_PATH', '/home/aya/ros2_ws/install'), ('ROS_DISTRO', 'humble'), ('LOGNAME', 'aya'), ('NAME', 'ayaka'), ('WSL_INTEROP', '/run/WSL/19807_interop'), ('PULSE_SERVER', 'unix:/mnt/wslg/PulseServer'), ('_', '/usr/bin/colcon'), ('ROS_VERSION', '2'), ('TERM', 'xterm-256color'), ('ROS_LOCALHOST_ONLY', '1'), ('PATH', '/opt/ros/humble/bin:/usr/local/sbin:/usr/local/bin:/usr/sbin:/usr/bin:/sbin:/bin:/usr/games:/usr/local/games:/usr/lib/wsl/lib:/mnt/c/WINDOWS/system32:/mnt/c/WINDOWS:/mnt/c/WINDOWS/System32/Wbem:/mnt/c/WINDOWS/System32/WindowsPowerShell/v1.0/:/mnt/c/WINDOWS/System32/OpenSSH/:/mnt/c/Program Files/dotnet/:/mnt/c/Program Files/MATLAB/R2023a/bin:/mnt/c/Users/koriz/AppData/Local/Microsoft/WindowsApps:/mnt/c/Users/koriz/AppData/Local/Programs/Microsoft VS Code/bin:/snap/bin'), ('XDG_RUNTIME_DIR', '/run/user/1000/'), ('DISPLAY', ':0'), ('LANG', 'C.UTF-8'), ('AMENT_PREFIX_PATH', '/home/aya/ros2_ws/install/person_msgs:/home/aya/ros2_ws/install/mypkg:/opt/ros/humble'), ('SHELL', '/bin/bash'), ('PWD', '/home/aya/ros2_ws/build/person_msgs'), ('XDG_DATA_DIRS', '/usr/local/share:/usr/share:/var/lib/snapd/desktop'), ('PYTHONPATH', '/home/aya/ros2_ws/install/person_msgs/local/lib/python3.10/dist-packages:/home/aya/ros2_ws/install/mypkg/lib/python3.10/site-packages:/opt/ros/humble/lib/python3.10/site-packages:/opt/ros/humble/local/lib/python3.10/dist-packages'), ('COLCON', '1'), ('WSL2_GUI_APPS_ENABLED', '1'), ('HOSTTYPE', 'x86_64'), ('CMAKE_PREFIX_PATH', '/home/aya/ros2_ws/install/person_msgs:/home/aya/ros2_ws/install/mypkg:/opt/ros/humble'), ('WSLENV', '')]), 'shell': False}
[0.518486] (-) TimerEvent: {}
[0.519004] (person_msgs) StdoutLine: {'line': b'[  2%] Built target person_msgs__cpp\n'}
[0.521551] (person_msgs) StdoutLine: {'line': b'[ 12%] Built target person_msgs__rosidl_generator_c\n'}
[0.538723] (person_msgs) StdoutLine: {'line': b'[ 12%] Built target ament_cmake_python_copy_person_msgs\n'}
[0.553683] (person_msgs) StdoutLine: {'line': b'[ 23%] Built target person_msgs__rosidl_typesupport_c\n'}
[0.554534] (person_msgs) StdoutLine: {'line': b'[ 33%] Built target person_msgs__rosidl_typesupport_introspection_c\n'}
[0.555738] (person_msgs) StdoutLine: {'line': b'[ 43%] Built target person_msgs__rosidl_typesupport_introspection_cpp\n'}
[0.559125] (person_msgs) StdoutLine: {'line': b'[ 53%] Built target person_msgs__rosidl_typesupport_cpp\n'}
[0.560142] (person_msgs) StdoutLine: {'line': b'[ 64%] Built target person_msgs__rosidl_typesupport_fastrtps_cpp\n'}
[0.561047] (person_msgs) StdoutLine: {'line': b'[ 74%] Built target person_msgs__rosidl_typesupport_fastrtps_c\n'}
[0.585804] (person_msgs) StdoutLine: {'line': b'[ 74%] Built target person_msgs\n'}
[0.607808] (person_msgs) StdoutLine: {'line': b'[ 76%] Built target person_msgs__py\n'}
[0.619107] (-) TimerEvent: {}
[0.635813] (person_msgs) StdoutLine: {'line': b'[ 84%] Built target person_msgs__rosidl_generator_py\n'}
[0.662611] (person_msgs) StdoutLine: {'line': b'[ 89%] Built target person_msgs__rosidl_typesupport_c__pyext\n'}
[0.664920] (person_msgs) StdoutLine: {'line': b'[ 97%] Built target person_msgs__rosidl_typesupport_introspection_c__pyext\n'}
[0.666810] (person_msgs) StdoutLine: {'line': b'[100%] Built target person_msgs__rosidl_typesupport_fastrtps_c__pyext\n'}
[0.719634] (-) TimerEvent: {}
[0.821862] (-) TimerEvent: {}
[0.822545] (person_msgs) StdoutLine: {'line': b'running egg_info\n'}
[0.823840] (person_msgs) StdoutLine: {'line': b'writing person_msgs.egg-info/PKG-INFO\n'}
[0.824634] (person_msgs) StdoutLine: {'line': b'writing dependency_links to person_msgs.egg-info/dependency_links.txt\n'}
[0.824800] (person_msgs) StdoutLine: {'line': b'writing top-level names to person_msgs.egg-info/top_level.txt\n'}
[0.828589] (person_msgs) StdoutLine: {'line': b"reading manifest file 'person_msgs.egg-info/SOURCES.txt'\n"}
[0.830394] (person_msgs) StdoutLine: {'line': b"writing manifest file 'person_msgs.egg-info/SOURCES.txt'\n"}
[0.864606] (mypkg) Command: {'cmd': ['/usr/bin/python3', 'setup.py', 'egg_info', '--egg-base', '../../build/mypkg', 'build', '--build-base', '/home/aya/ros2_ws/build/mypkg/build', 'install', '--record', '/home/aya/ros2_ws/build/mypkg/install.log', '--single-version-externally-managed'], 'cwd': '/home/aya/ros2_ws/src/mypkg', 'env': {'USER': 'aya', 'SHLVL': '1', 'LD_LIBRARY_PATH': '/home/aya/ros2_ws/install/person_msgs/lib:/opt/ros/humble/opt/rviz_ogre_vendor/lib:/opt/ros/humble/lib/x86_64-linux-gnu:/opt/ros/humble/lib', 'HOME': '/home/aya', 'OLDPWD': '/home/aya', 'ROS_PYTHON_VERSION': '3', 'DBUS_SESSION_BUS_ADDRESS': 'unix:path=/run/user/1000/bus', 'WSL_DISTRO_NAME': 'Ubuntu', 'WAYLAND_DISPLAY': 'wayland-0', 'COLCON_PREFIX_PATH': '/home/aya/ros2_ws/install', 'ROS_DISTRO': 'humble', 'LOGNAME': 'aya', 'NAME': 'ayaka', 'WSL_INTEROP': '/run/WSL/19807_interop', 'PULSE_SERVER': 'unix:/mnt/wslg/PulseServer', '_': '/usr/bin/colcon', 'ROS_VERSION': '2', 'TERM': 'xterm-256color', 'ROS_LOCALHOST_ONLY': '1', 'PATH': '/opt/ros/humble/bin:/usr/local/sbin:/usr/local/bin:/usr/sbin:/usr/bin:/sbin:/bin:/usr/games:/usr/local/games:/usr/lib/wsl/lib:/mnt/c/WINDOWS/system32:/mnt/c/WINDOWS:/mnt/c/WINDOWS/System32/Wbem:/mnt/c/WINDOWS/System32/WindowsPowerShell/v1.0/:/mnt/c/WINDOWS/System32/OpenSSH/:/mnt/c/Program Files/dotnet/:/mnt/c/Program Files/MATLAB/R2023a/bin:/mnt/c/Users/koriz/AppData/Local/Microsoft/WindowsApps:/mnt/c/Users/koriz/AppData/Local/Programs/Microsoft VS Code/bin:/snap/bin', 'XDG_RUNTIME_DIR': '/run/user/1000/', 'DISPLAY': ':0', 'LANG': 'C.UTF-8', 'AMENT_PREFIX_PATH': '/home/aya/ros2_ws/install/person_msgs:/home/aya/ros2_ws/install/mypkg:/opt/ros/humble', 'SHELL': '/bin/bash', 'PWD': '/home/aya/ros2_ws/build/mypkg', 'XDG_DATA_DIRS': '/usr/local/share:/usr/share:/var/lib/snapd/desktop', 'PYTHONPATH': '/home/aya/ros2_ws/build/mypkg/prefix_override:/home/aya/ros2_ws/install/mypkg/lib/python3.10/site-packages:/home/aya/ros2_ws/install/person_msgs/local/lib/python3.10/dist-packages:/home/aya/ros2_ws/install/mypkg/lib/python3.10/site-packages:/opt/ros/humble/lib/python3.10/site-packages:/opt/ros/humble/local/lib/python3.10/dist-packages', 'COLCON': '1', 'WSL2_GUI_APPS_ENABLED': '1', 'HOSTTYPE': 'x86_64', 'CMAKE_PREFIX_PATH': '/home/aya/ros2_ws/install/person_msgs', 'WSLENV': ''}, 'shell': False}
[0.872061] (person_msgs) StdoutLine: {'line': b'[100%] Built target ament_cmake_python_build_person_msgs_egg\n'}
[0.893343] (person_msgs) CommandEnded: {'returncode': 0}
[0.922694] (-) TimerEvent: {}
[1.006191] (person_msgs) JobProgress: {'identifier': 'person_msgs', 'progress': 'install'}
[1.017472] (person_msgs) Command: {'cmd': ['/usr/bin/cmake', '--install', '/home/aya/ros2_ws/build/person_msgs'], 'cwd': '/home/aya/ros2_ws/build/person_msgs', 'env': OrderedDict([('USER', 'aya'), ('SHLVL', '1'), ('LD_LIBRARY_PATH', '/home/aya/ros2_ws/install/person_msgs/lib:/opt/ros/humble/opt/rviz_ogre_vendor/lib:/opt/ros/humble/lib/x86_64-linux-gnu:/opt/ros/humble/lib'), ('HOME', '/home/aya'), ('OLDPWD', '/home/aya'), ('ROS_PYTHON_VERSION', '3'), ('DBUS_SESSION_BUS_ADDRESS', 'unix:path=/run/user/1000/bus'), ('WSL_DISTRO_NAME', 'Ubuntu'), ('WAYLAND_DISPLAY', 'wayland-0'), ('COLCON_PREFIX_PATH', '/home/aya/ros2_ws/install'), ('ROS_DISTRO', 'humble'), ('LOGNAME', 'aya'), ('NAME', 'ayaka'), ('WSL_INTEROP', '/run/WSL/19807_interop'), ('PULSE_SERVER', 'unix:/mnt/wslg/PulseServer'), ('_', '/usr/bin/colcon'), ('ROS_VERSION', '2'), ('TERM', 'xterm-256color'), ('ROS_LOCALHOST_ONLY', '1'), ('PATH', '/opt/ros/humble/bin:/usr/local/sbin:/usr/local/bin:/usr/sbin:/usr/bin:/sbin:/bin:/usr/games:/usr/local/games:/usr/lib/wsl/lib:/mnt/c/WINDOWS/system32:/mnt/c/WINDOWS:/mnt/c/WINDOWS/System32/Wbem:/mnt/c/WINDOWS/System32/WindowsPowerShell/v1.0/:/mnt/c/WINDOWS/System32/OpenSSH/:/mnt/c/Program Files/dotnet/:/mnt/c/Program Files/MATLAB/R2023a/bin:/mnt/c/Users/koriz/AppData/Local/Microsoft/WindowsApps:/mnt/c/Users/koriz/AppData/Local/Programs/Microsoft VS Code/bin:/snap/bin'), ('XDG_RUNTIME_DIR', '/run/user/1000/'), ('DISPLAY', ':0'), ('LANG', 'C.UTF-8'), ('AMENT_PREFIX_PATH', '/home/aya/ros2_ws/install/person_msgs:/home/aya/ros2_ws/install/mypkg:/opt/ros/humble'), ('SHELL', '/bin/bash'), ('PWD', '/home/aya/ros2_ws/build/person_msgs'), ('XDG_DATA_DIRS', '/usr/local/share:/usr/share:/var/lib/snapd/desktop'), ('PYTHONPATH', '/home/aya/ros2_ws/install/person_msgs/local/lib/python3.10/dist-packages:/home/aya/ros2_ws/install/mypkg/lib/python3.10/site-packages:/opt/ros/humble/lib/python3.10/site-packages:/opt/ros/humble/local/lib/python3.10/dist-packages'), ('COLCON', '1'), ('WSL2_GUI_APPS_ENABLED', '1'), ('HOSTTYPE', 'x86_64'), ('CMAKE_PREFIX_PATH', '/home/aya/ros2_ws/install/person_msgs:/home/aya/ros2_ws/install/mypkg:/opt/ros/humble'), ('WSLENV', '')]), 'shell': False}
[1.023440] (-) TimerEvent: {}
[1.026321] (person_msgs) StdoutLine: {'line': b'-- Install configuration: ""\n'}
[1.027001] (person_msgs) StdoutLine: {'line': b'-- Up-to-date: /home/aya/ros2_ws/install/person_msgs/share/ament_index/resource_index/rosidl_interfaces/person_msgs\n'}
[1.027716] (person_msgs) StdoutLine: {'line': b'-- Up-to-date: /home/aya/ros2_ws/install/person_msgs/include/person_msgs/person_msgs\n'}
[1.028021] (person_msgs) StdoutLine: {'line': b'-- Up-to-date: /home/aya/ros2_ws/install/person_msgs/include/person_msgs/person_msgs/msg\n'}
[1.028233] (person_msgs) StdoutLine: {'line': b'-- Up-to-date: /home/aya/ros2_ws/install/person_msgs/include/person_msgs/person_msgs/msg/detail\n'}
[1.028609] (person_msgs) StdoutLine: {'line': b'-- Up-to-date: /home/aya/ros2_ws/install/person_msgs/include/person_msgs/person_msgs/msg/detail/person__type_support.h\n'}
[1.028954] (person_msgs) StdoutLine: {'line': b'-- Up-to-date: /home/aya/ros2_ws/install/person_msgs/include/person_msgs/person_msgs/msg/detail/person__functions.c\n'}
[1.029427] (person_msgs) StdoutLine: {'line': b'-- Up-to-date: /home/aya/ros2_ws/install/person_msgs/include/person_msgs/person_msgs/msg/detail/person__functions.h\n'}
[1.029550] (person_msgs) StdoutLine: {'line': b'-- Up-to-date: /home/aya/ros2_ws/install/person_msgs/include/person_msgs/person_msgs/msg/detail/person__struct.h\n'}
[1.029620] (person_msgs) StdoutLine: {'line': b'-- Up-to-date: /home/aya/ros2_ws/install/person_msgs/include/person_msgs/person_msgs/msg/rosidl_generator_c__visibility_control.h\n'}
[1.029694] (person_msgs) StdoutLine: {'line': b'-- Up-to-date: /home/aya/ros2_ws/install/person_msgs/include/person_msgs/person_msgs/msg/person.h\n'}
[1.029830] (person_msgs) StdoutLine: {'line': b'-- Up-to-date: /home/aya/ros2_ws/install/person_msgs/include/person_msgs/person_msgs/srv\n'}
[1.029925] (person_msgs) StdoutLine: {'line': b'-- Up-to-date: /home/aya/ros2_ws/install/person_msgs/include/person_msgs/person_msgs/srv/query.h\n'}
[1.030037] (person_msgs) StdoutLine: {'line': b'-- Up-to-date: /home/aya/ros2_ws/install/person_msgs/include/person_msgs/person_msgs/srv/detail\n'}
[1.030178] (person_msgs) StdoutLine: {'line': b'-- Up-to-date: /home/aya/ros2_ws/install/person_msgs/include/person_msgs/person_msgs/srv/detail/query__type_support.h\n'}
[1.030265] (person_msgs) StdoutLine: {'line': b'-- Up-to-date: /home/aya/ros2_ws/install/person_msgs/include/person_msgs/person_msgs/srv/detail/query__functions.c\n'}
[1.030692] (person_msgs) StdoutLine: {'line': b'-- Up-to-date: /home/aya/ros2_ws/install/person_msgs/include/person_msgs/person_msgs/srv/detail/query__functions.h\n'}
[1.030878] (person_msgs) StdoutLine: {'line': b'-- Up-to-date: /home/aya/ros2_ws/install/person_msgs/include/person_msgs/person_msgs/srv/detail/query__struct.h\n'}
[1.031326] (person_msgs) StdoutLine: {'line': b'-- Up-to-date: /home/aya/ros2_ws/install/person_msgs/share/person_msgs/environment/library_path.sh\n'}
[1.031580] (person_msgs) StdoutLine: {'line': b'-- Up-to-date: /home/aya/ros2_ws/install/person_msgs/share/person_msgs/environment/library_path.dsv\n'}
[1.031720] (person_msgs) StdoutLine: {'line': b'-- Up-to-date: /home/aya/ros2_ws/install/person_msgs/lib/libperson_msgs__rosidl_generator_c.so\n'}
[1.031856] (person_msgs) StdoutLine: {'line': b'-- Up-to-date: /home/aya/ros2_ws/install/person_msgs/include/person_msgs/person_msgs\n'}
[1.032030] (person_msgs) StdoutLine: {'line': b'-- Up-to-date: /home/aya/ros2_ws/install/person_msgs/include/person_msgs/person_msgs/msg\n'}
[1.032263] (person_msgs) StdoutLine: {'line': b'-- Up-to-date: /home/aya/ros2_ws/install/person_msgs/include/person_msgs/person_msgs/msg/detail\n'}
[1.032465] (person_msgs) StdoutLine: {'line': b'-- Up-to-date: /home/aya/ros2_ws/install/person_msgs/include/person_msgs/person_msgs/msg/detail/person__rosidl_typesupport_fastrtps_c.h\n'}
[1.032570] (person_msgs) StdoutLine: {'line': b'-- Up-to-date: /home/aya/ros2_ws/install/person_msgs/include/person_msgs/person_msgs/msg/rosidl_typesupport_fastrtps_c__visibility_control.h\n'}
[1.032960] (person_msgs) StdoutLine: {'line': b'-- Up-to-date: /home/aya/ros2_ws/install/person_msgs/include/person_msgs/person_msgs/srv\n'}
[1.033132] (person_msgs) StdoutLine: {'line': b'-- Up-to-date: /home/aya/ros2_ws/install/person_msgs/include/person_msgs/person_msgs/srv/detail\n'}
[1.033209] (person_msgs) StdoutLine: {'line': b'-- Up-to-date: /home/aya/ros2_ws/install/person_msgs/include/person_msgs/person_msgs/srv/detail/query__rosidl_typesupport_fastrtps_c.h\n'}
[1.033366] (person_msgs) StdoutLine: {'line': b'-- Up-to-date: /home/aya/ros2_ws/install/person_msgs/lib/libperson_msgs__rosidl_typesupport_fastrtps_c.so\n'}
[1.033488] (person_msgs) StdoutLine: {'line': b'-- Up-to-date: /home/aya/ros2_ws/install/person_msgs/include/person_msgs/person_msgs\n'}
[1.033707] (person_msgs) StdoutLine: {'line': b'-- Up-to-date: /home/aya/ros2_ws/install/person_msgs/include/person_msgs/person_msgs/msg\n'}
[1.033912] (person_msgs) StdoutLine: {'line': b'-- Up-to-date: /home/aya/ros2_ws/install/person_msgs/include/person_msgs/person_msgs/msg/detail\n'}
[1.033989] (person_msgs) StdoutLine: {'line': b'-- Up-to-date: /home/aya/ros2_ws/install/person_msgs/include/person_msgs/person_msgs/msg/detail/person__rosidl_typesupport_introspection_c.h\n'}
[1.034113] (person_msgs) StdoutLine: {'line': b'-- Up-to-date: /home/aya/ros2_ws/install/person_msgs/include/person_msgs/person_msgs/msg/detail/person__type_support.c\n'}
[1.034478] (person_msgs) StdoutLine: {'line': b'-- Up-to-date: /home/aya/ros2_ws/install/person_msgs/include/person_msgs/person_msgs/msg/rosidl_typesupport_introspection_c__visibility_control.h\n'}
[1.035112] (person_msgs) StdoutLine: {'line': b'-- Up-to-date: /home/aya/ros2_ws/install/person_msgs/include/person_msgs/person_msgs/srv\n'}
[1.035602] (person_msgs) StdoutLine: {'line': b'-- Up-to-date: /home/aya/ros2_ws/install/person_msgs/include/person_msgs/person_msgs/srv/detail\n'}
[1.035693] (person_msgs) StdoutLine: {'line': b'-- Up-to-date: /home/aya/ros2_ws/install/person_msgs/include/person_msgs/person_msgs/srv/detail/query__type_support.c\n'}
[1.035857] (person_msgs) StdoutLine: {'line': b'-- Up-to-date: /home/aya/ros2_ws/install/person_msgs/include/person_msgs/person_msgs/srv/detail/query__rosidl_typesupport_introspection_c.h\n'}
[1.036007] (person_msgs) StdoutLine: {'line': b'-- Up-to-date: /home/aya/ros2_ws/install/person_msgs/lib/libperson_msgs__rosidl_typesupport_introspection_c.so\n'}
[1.036362] (person_msgs) StdoutLine: {'line': b'-- Up-to-date: /home/aya/ros2_ws/install/person_msgs/lib/libperson_msgs__rosidl_typesupport_c.so\n'}
[1.036513] (person_msgs) StdoutLine: {'line': b'-- Up-to-date: /home/aya/ros2_ws/install/person_msgs/include/person_msgs/person_msgs\n'}
[1.036666] (person_msgs) StdoutLine: {'line': b'-- Up-to-date: /home/aya/ros2_ws/install/person_msgs/include/person_msgs/person_msgs/msg\n'}
[1.037010] (person_msgs) StdoutLine: {'line': b'-- Up-to-date: /home/aya/ros2_ws/install/person_msgs/include/person_msgs/person_msgs/msg/detail\n'}
[1.037242] (person_msgs) StdoutLine: {'line': b'-- Up-to-date: /home/aya/ros2_ws/install/person_msgs/include/person_msgs/person_msgs/msg/detail/person__struct.hpp\n'}
[1.037415] (person_msgs) StdoutLine: {'line': b'-- Up-to-date: /home/aya/ros2_ws/install/person_msgs/include/person_msgs/person_msgs/msg/detail/person__builder.hpp\n'}
[1.037546] (person_msgs) StdoutLine: {'line': b'-- Up-to-date: /home/aya/ros2_ws/install/person_msgs/include/person_msgs/person_msgs/msg/detail/person__traits.hpp\n'}
[1.037616] (person_msgs) StdoutLine: {'line': b'-- Up-to-date: /home/aya/ros2_ws/install/person_msgs/include/person_msgs/person_msgs/msg/person.hpp\n'}
[1.037980] (person_msgs) StdoutLine: {'line': b'-- Up-to-date: /home/aya/ros2_ws/install/person_msgs/include/person_msgs/person_msgs/srv\n'}
[1.038072] (person_msgs) StdoutLine: {'line': b'-- Up-to-date: /home/aya/ros2_ws/install/person_msgs/include/person_msgs/person_msgs/srv/detail\n'}
[1.038480] (person_msgs) StdoutLine: {'line': b'-- Up-to-date: /home/aya/ros2_ws/install/person_msgs/include/person_msgs/person_msgs/srv/detail/query__traits.hpp\n'}
[1.038582] (person_msgs) StdoutLine: {'line': b'-- Up-to-date: /home/aya/ros2_ws/install/person_msgs/include/person_msgs/person_msgs/srv/detail/query__builder.hpp\n'}
[1.038719] (person_msgs) StdoutLine: {'line': b'-- Up-to-date: /home/aya/ros2_ws/install/person_msgs/include/person_msgs/person_msgs/srv/detail/query__struct.hpp\n'}
[1.038844] (person_msgs) StdoutLine: {'line': b'-- Up-to-date: /home/aya/ros2_ws/install/person_msgs/include/person_msgs/person_msgs/srv/query.hpp\n'}
[1.039170] (person_msgs) StdoutLine: {'line': b'-- Up-to-date: /home/aya/ros2_ws/install/person_msgs/include/person_msgs/person_msgs\n'}
[1.039245] (person_msgs) StdoutLine: {'line': b'-- Up-to-date: /home/aya/ros2_ws/install/person_msgs/include/person_msgs/person_msgs/msg\n'}
[1.039606] (person_msgs) StdoutLine: {'line': b'-- Up-to-date: /home/aya/ros2_ws/install/person_msgs/include/person_msgs/person_msgs/msg/detail\n'}
[1.040100] (person_msgs) StdoutLine: {'line': b'-- Up-to-date: /home/aya/ros2_ws/install/person_msgs/include/person_msgs/person_msgs/msg/detail/dds_fastrtps\n'}
[1.040484] (person_msgs) StdoutLine: {'line': b'-- Up-to-date: /home/aya/ros2_ws/install/person_msgs/include/person_msgs/person_msgs/msg/detail/person__rosidl_typesupport_fastrtps_cpp.hpp\n'}
[1.040669] (person_msgs) StdoutLine: {'line': b'-- Up-to-date: /home/aya/ros2_ws/install/person_msgs/include/person_msgs/person_msgs/msg/rosidl_typesupport_fastrtps_cpp__visibility_control.h\n'}
[1.041120] (person_msgs) StdoutLine: {'line': b'-- Up-to-date: /home/aya/ros2_ws/install/person_msgs/include/person_msgs/person_msgs/srv\n'}
[1.041238] (person_msgs) StdoutLine: {'line': b'-- Up-to-date: /home/aya/ros2_ws/install/person_msgs/include/person_msgs/person_msgs/srv/detail\n'}
[1.041327] (person_msgs) StdoutLine: {'line': b'-- Up-to-date: /home/aya/ros2_ws/install/person_msgs/include/person_msgs/person_msgs/srv/detail/query__rosidl_typesupport_fastrtps_cpp.hpp\n'}
[1.041436] (person_msgs) StdoutLine: {'line': b'-- Up-to-date: /home/aya/ros2_ws/install/person_msgs/include/person_msgs/person_msgs/srv/detail/dds_fastrtps\n'}
[1.041518] (person_msgs) StdoutLine: {'line': b'-- Up-to-date: /home/aya/ros2_ws/install/person_msgs/lib/libperson_msgs__rosidl_typesupport_fastrtps_cpp.so\n'}
[1.041582] (person_msgs) StdoutLine: {'line': b'-- Up-to-date: /home/aya/ros2_ws/install/person_msgs/include/person_msgs/person_msgs\n'}
[1.041636] (person_msgs) StdoutLine: {'line': b'-- Up-to-date: /home/aya/ros2_ws/install/person_msgs/include/person_msgs/person_msgs/msg\n'}
[1.041687] (person_msgs) StdoutLine: {'line': b'-- Up-to-date: /home/aya/ros2_ws/install/person_msgs/include/person_msgs/person_msgs/msg/detail\n'}
[1.041739] (person_msgs) StdoutLine: {'line': b'-- Up-to-date: /home/aya/ros2_ws/install/person_msgs/include/person_msgs/person_msgs/msg/detail/person__type_support.cpp\n'}
[1.041789] (person_msgs) StdoutLine: {'line': b'-- Up-to-date: /home/aya/ros2_ws/install/person_msgs/include/person_msgs/person_msgs/msg/detail/person__rosidl_typesupport_introspection_cpp.hpp\n'}
[1.041840] (person_msgs) StdoutLine: {'line': b'-- Up-to-date: /home/aya/ros2_ws/install/person_msgs/include/person_msgs/person_msgs/srv\n'}
[1.041891] (person_msgs) StdoutLine: {'line': b'-- Up-to-date: /home/aya/ros2_ws/install/person_msgs/include/person_msgs/person_msgs/srv/detail\n'}
[1.041942] (person_msgs) StdoutLine: {'line': b'-- Up-to-date: /home/aya/ros2_ws/install/person_msgs/include/person_msgs/person_msgs/srv/detail/query__rosidl_typesupport_introspection_cpp.hpp\n'}
[1.041993] (person_msgs) StdoutLine: {'line': b'-- Up-to-date: /home/aya/ros2_ws/install/person_msgs/include/person_msgs/person_msgs/srv/detail/query__type_support.cpp\n'}
[1.042047] (person_msgs) StdoutLine: {'line': b'-- Up-to-date: /home/aya/ros2_ws/install/person_msgs/lib/libperson_msgs__rosidl_typesupport_introspection_cpp.so\n'}
[1.042100] (person_msgs) StdoutLine: {'line': b'-- Up-to-date: /home/aya/ros2_ws/install/person_msgs/lib/libperson_msgs__rosidl_typesupport_cpp.so\n'}
[1.042155] (person_msgs) StdoutLine: {'line': b'-- Up-to-date: /home/aya/ros2_ws/install/person_msgs/share/person_msgs/environment/pythonpath.sh\n'}
[1.042211] (person_msgs) StdoutLine: {'line': b'-- Up-to-date: /home/aya/ros2_ws/install/person_msgs/share/person_msgs/environment/pythonpath.dsv\n'}
[1.042266] (person_msgs) StdoutLine: {'line': b'-- Up-to-date: /home/aya/ros2_ws/install/person_msgs/local/lib/python3.10/dist-packages/person_msgs-0.0.0-py3.10.egg-info\n'}
[1.042322] (person_msgs) StdoutLine: {'line': b'-- Installing: /home/aya/ros2_ws/install/person_msgs/local/lib/python3.10/dist-packages/person_msgs-0.0.0-py3.10.egg-info/SOURCES.txt\n'}
[1.042378] (person_msgs) StdoutLine: {'line': b'-- Installing: /home/aya/ros2_ws/install/person_msgs/local/lib/python3.10/dist-packages/person_msgs-0.0.0-py3.10.egg-info/PKG-INFO\n'}
[1.042434] (person_msgs) StdoutLine: {'line': b'-- Installing: /home/aya/ros2_ws/install/person_msgs/local/lib/python3.10/dist-packages/person_msgs-0.0.0-py3.10.egg-info/top_level.txt\n'}
[1.042518] (person_msgs) StdoutLine: {'line': b'-- Installing: /home/aya/ros2_ws/install/person_msgs/local/lib/python3.10/dist-packages/person_msgs-0.0.0-py3.10.egg-info/dependency_links.txt\n'}
[1.042754] (person_msgs) StdoutLine: {'line': b'-- Up-to-date: /home/aya/ros2_ws/install/person_msgs/local/lib/python3.10/dist-packages/person_msgs\n'}
[1.043091] (person_msgs) StdoutLine: {'line': b'-- Up-to-date: /home/aya/ros2_ws/install/person_msgs/local/lib/python3.10/dist-packages/person_msgs/person_msgs_s__rosidl_typesupport_introspection_c.cpython-310-x86_64-linux-gnu.so\n'}
[1.043210] (person_msgs) StdoutLine: {'line': b'-- Up-to-date: /home/aya/ros2_ws/install/person_msgs/local/lib/python3.10/dist-packages/person_msgs/msg\n'}
[1.043310] (person_msgs) StdoutLine: {'line': b'-- Up-to-date: /home/aya/ros2_ws/install/person_msgs/local/lib/python3.10/dist-packages/person_msgs/msg/_person.py\n'}
[1.043392] (person_msgs) StdoutLine: {'line': b'-- Up-to-date: /home/aya/ros2_ws/install/person_msgs/local/lib/python3.10/dist-packages/person_msgs/msg/__init__.py\n'}
[1.043483] (person_msgs) StdoutLine: {'line': b'-- Up-to-date: /home/aya/ros2_ws/install/person_msgs/local/lib/python3.10/dist-packages/person_msgs/msg/_person_s.c\n'}
[1.043786] (person_msgs) StdoutLine: {'line': b'-- Up-to-date: /home/aya/ros2_ws/install/person_msgs/local/lib/python3.10/dist-packages/person_msgs/person_msgs_s__rosidl_typesupport_c.cpython-310-x86_64-linux-gnu.so\n'}
[1.043904] (person_msgs) StdoutLine: {'line': b'-- Up-to-date: /home/aya/ros2_ws/install/person_msgs/local/lib/python3.10/dist-packages/person_msgs/_person_msgs_s.ep.rosidl_typesupport_c.c\n'}
[1.043990] (person_msgs) StdoutLine: {'line': b'-- Up-to-date: /home/aya/ros2_ws/install/person_msgs/local/lib/python3.10/dist-packages/person_msgs/libperson_msgs__rosidl_generator_py.so\n'}
[1.044301] (person_msgs) StdoutLine: {'line': b'-- Up-to-date: /home/aya/ros2_ws/install/person_msgs/local/lib/python3.10/dist-packages/person_msgs/_person_msgs_s.ep.rosidl_typesupport_fastrtps_c.c\n'}
[1.044452] (person_msgs) StdoutLine: {'line': b'-- Up-to-date: /home/aya/ros2_ws/install/person_msgs/local/lib/python3.10/dist-packages/person_msgs/srv\n'}
[1.044529] (person_msgs) StdoutLine: {'line': b'-- Up-to-date: /home/aya/ros2_ws/install/person_msgs/local/lib/python3.10/dist-packages/person_msgs/srv/_query_s.c\n'}
[1.044605] (person_msgs) StdoutLine: {'line': b'-- Up-to-date: /home/aya/ros2_ws/install/person_msgs/local/lib/python3.10/dist-packages/person_msgs/srv/__init__.py\n'}
[1.044693] (person_msgs) StdoutLine: {'line': b'-- Up-to-date: /home/aya/ros2_ws/install/person_msgs/local/lib/python3.10/dist-packages/person_msgs/srv/_query.py\n'}
[1.044784] (person_msgs) StdoutLine: {'line': b'-- Up-to-date: /home/aya/ros2_ws/install/person_msgs/local/lib/python3.10/dist-packages/person_msgs/__init__.py\n'}
[1.044909] (person_msgs) StdoutLine: {'line': b'-- Up-to-date: /home/aya/ros2_ws/install/person_msgs/local/lib/python3.10/dist-packages/person_msgs/person_msgs_s__rosidl_typesupport_fastrtps_c.cpython-310-x86_64-linux-gnu.so\n'}
[1.045015] (person_msgs) StdoutLine: {'line': b'-- Up-to-date: /home/aya/ros2_ws/install/person_msgs/local/lib/python3.10/dist-packages/person_msgs/_person_msgs_s.ep.rosidl_typesupport_introspection_c.c\n'}
[1.097101] (person_msgs) StdoutLine: {'line': b"Listing '/home/aya/ros2_ws/install/person_msgs/local/lib/python3.10/dist-packages/person_msgs'...\n"}
[1.097561] (person_msgs) StdoutLine: {'line': b"Listing '/home/aya/ros2_ws/install/person_msgs/local/lib/python3.10/dist-packages/person_msgs/msg'...\n"}
[1.097761] (person_msgs) StdoutLine: {'line': b"Listing '/home/aya/ros2_ws/install/person_msgs/local/lib/python3.10/dist-packages/person_msgs/srv'...\n"}
[1.107992] (person_msgs) StdoutLine: {'line': b'-- Up-to-date: /home/aya/ros2_ws/install/person_msgs/local/lib/python3.10/dist-packages/person_msgs/person_msgs_s__rosidl_typesupport_fastrtps_c.cpython-310-x86_64-linux-gnu.so\n'}
[1.108869] (person_msgs) StdoutLine: {'line': b'-- Up-to-date: /home/aya/ros2_ws/install/person_msgs/local/lib/python3.10/dist-packages/person_msgs/person_msgs_s__rosidl_typesupport_introspection_c.cpython-310-x86_64-linux-gnu.so\n'}
[1.109159] (person_msgs) StdoutLine: {'line': b'-- Up-to-date: /home/aya/ros2_ws/install/person_msgs/local/lib/python3.10/dist-packages/person_msgs/person_msgs_s__rosidl_typesupport_c.cpython-310-x86_64-linux-gnu.so\n'}
[1.109618] (person_msgs) StdoutLine: {'line': b'-- Up-to-date: /home/aya/ros2_ws/install/person_msgs/lib/libperson_msgs__rosidl_generator_py.so\n'}
[1.110440] (person_msgs) StdoutLine: {'line': b'-- Up-to-date: /home/aya/ros2_ws/install/person_msgs/share/person_msgs/msg/Person.idl\n'}
[1.111282] (person_msgs) StdoutLine: {'line': b'-- Up-to-date: /home/aya/ros2_ws/install/person_msgs/share/person_msgs/srv/Query.idl\n'}
[1.111903] (person_msgs) StdoutLine: {'line': b'-- Up-to-date: /home/aya/ros2_ws/install/person_msgs/share/person_msgs/msg/Person.msg\n'}
[1.112201] (person_msgs) StdoutLine: {'line': b'-- Up-to-date: /home/aya/ros2_ws/install/person_msgs/share/person_msgs/srv/Query.srv\n'}
[1.112538] (person_msgs) StdoutLine: {'line': b'-- Up-to-date: /home/aya/ros2_ws/install/person_msgs/share/person_msgs/srv/Query_Request.msg\n'}
[1.112776] (person_msgs) StdoutLine: {'line': b'-- Up-to-date: /home/aya/ros2_ws/install/person_msgs/share/person_msgs/srv/Query_Response.msg\n'}
[1.112955] (person_msgs) StdoutLine: {'line': b'-- Up-to-date: /home/aya/ros2_ws/install/person_msgs/share/ament_index/resource_index/package_run_dependencies/person_msgs\n'}
[1.113119] (person_msgs) StdoutLine: {'line': b'-- Up-to-date: /home/aya/ros2_ws/install/person_msgs/share/ament_index/resource_index/parent_prefix_path/person_msgs\n'}
[1.113325] (person_msgs) StdoutLine: {'line': b'-- Up-to-date: /home/aya/ros2_ws/install/person_msgs/share/person_msgs/environment/ament_prefix_path.sh\n'}
[1.113874] (person_msgs) StdoutLine: {'line': b'-- Up-to-date: /home/aya/ros2_ws/install/person_msgs/share/person_msgs/environment/ament_prefix_path.dsv\n'}
[1.114252] (person_msgs) StdoutLine: {'line': b'-- Up-to-date: /home/aya/ros2_ws/install/person_msgs/share/person_msgs/environment/path.sh\n'}
[1.115001] (person_msgs) StdoutLine: {'line': b'-- Up-to-date: /home/aya/ros2_ws/install/person_msgs/share/person_msgs/environment/path.dsv\n'}
[1.115520] (person_msgs) StdoutLine: {'line': b'-- Up-to-date: /home/aya/ros2_ws/install/person_msgs/share/person_msgs/local_setup.bash\n'}
[1.115958] (person_msgs) StdoutLine: {'line': b'-- Up-to-date: /home/aya/ros2_ws/install/person_msgs/share/person_msgs/local_setup.sh\n'}
[1.116414] (person_msgs) StdoutLine: {'line': b'-- Up-to-date: /home/aya/ros2_ws/install/person_msgs/share/person_msgs/local_setup.zsh\n'}
[1.116843] (person_msgs) StdoutLine: {'line': b'-- Up-to-date: /home/aya/ros2_ws/install/person_msgs/share/person_msgs/local_setup.dsv\n'}
[1.117529] (person_msgs) StdoutLine: {'line': b'-- Up-to-date: /home/aya/ros2_ws/install/person_msgs/share/person_msgs/package.dsv\n'}
[1.117986] (person_msgs) StdoutLine: {'line': b'-- Up-to-date: /home/aya/ros2_ws/install/person_msgs/share/ament_index/resource_index/packages/person_msgs\n'}
[1.118101] (person_msgs) StdoutLine: {'line': b'-- Up-to-date: /home/aya/ros2_ws/install/person_msgs/share/person_msgs/cmake/export_person_msgs__rosidl_generator_cExport.cmake\n'}
[1.118237] (person_msgs) StdoutLine: {'line': b'-- Up-to-date: /home/aya/ros2_ws/install/person_msgs/share/person_msgs/cmake/export_person_msgs__rosidl_generator_cExport-noconfig.cmake\n'}
[1.118606] (person_msgs) StdoutLine: {'line': b'-- Up-to-date: /home/aya/ros2_ws/install/person_msgs/share/person_msgs/cmake/export_person_msgs__rosidl_typesupport_fastrtps_cExport.cmake\n'}
[1.118934] (person_msgs) StdoutLine: {'line': b'-- Up-to-date: /home/aya/ros2_ws/install/person_msgs/share/person_msgs/cmake/export_person_msgs__rosidl_typesupport_fastrtps_cExport-noconfig.cmake\n'}
[1.119507] (person_msgs) StdoutLine: {'line': b'-- Up-to-date: /home/aya/ros2_ws/install/person_msgs/share/person_msgs/cmake/person_msgs__rosidl_typesupport_introspection_cExport.cmake\n'}
[1.119806] (person_msgs) StdoutLine: {'line': b'-- Up-to-date: /home/aya/ros2_ws/install/person_msgs/share/person_msgs/cmake/person_msgs__rosidl_typesupport_introspection_cExport-noconfig.cmake\n'}
[1.120104] (person_msgs) StdoutLine: {'line': b'-- Up-to-date: /home/aya/ros2_ws/install/person_msgs/share/person_msgs/cmake/person_msgs__rosidl_typesupport_cExport.cmake\n'}
[1.120265] (person_msgs) StdoutLine: {'line': b'-- Up-to-date: /home/aya/ros2_ws/install/person_msgs/share/person_msgs/cmake/person_msgs__rosidl_typesupport_cExport-noconfig.cmake\n'}
[1.120640] (person_msgs) StdoutLine: {'line': b'-- Up-to-date: /home/aya/ros2_ws/install/person_msgs/share/person_msgs/cmake/export_person_msgs__rosidl_generator_cppExport.cmake\n'}
[1.120799] (person_msgs) StdoutLine: {'line': b'-- Up-to-date: /home/aya/ros2_ws/install/person_msgs/share/person_msgs/cmake/export_person_msgs__rosidl_typesupport_fastrtps_cppExport.cmake\n'}
[1.120906] (person_msgs) StdoutLine: {'line': b'-- Up-to-date: /home/aya/ros2_ws/install/person_msgs/share/person_msgs/cmake/export_person_msgs__rosidl_typesupport_fastrtps_cppExport-noconfig.cmake\n'}
[1.120990] (person_msgs) StdoutLine: {'line': b'-- Up-to-date: /home/aya/ros2_ws/install/person_msgs/share/person_msgs/cmake/person_msgs__rosidl_typesupport_introspection_cppExport.cmake\n'}
[1.121074] (person_msgs) StdoutLine: {'line': b'-- Up-to-date: /home/aya/ros2_ws/install/person_msgs/share/person_msgs/cmake/person_msgs__rosidl_typesupport_introspection_cppExport-noconfig.cmake\n'}
[1.121159] (person_msgs) StdoutLine: {'line': b'-- Up-to-date: /home/aya/ros2_ws/install/person_msgs/share/person_msgs/cmake/person_msgs__rosidl_typesupport_cppExport.cmake\n'}
[1.121241] (person_msgs) StdoutLine: {'line': b'-- Up-to-date: /home/aya/ros2_ws/install/person_msgs/share/person_msgs/cmake/person_msgs__rosidl_typesupport_cppExport-noconfig.cmake\n'}
[1.121322] (person_msgs) StdoutLine: {'line': b'-- Up-to-date: /home/aya/ros2_ws/install/person_msgs/share/person_msgs/cmake/export_person_msgs__rosidl_generator_pyExport.cmake\n'}
[1.121404] (person_msgs) StdoutLine: {'line': b'-- Up-to-date: /home/aya/ros2_ws/install/person_msgs/share/person_msgs/cmake/export_person_msgs__rosidl_generator_pyExport-noconfig.cmake\n'}
[1.121483] (person_msgs) StdoutLine: {'line': b'-- Up-to-date: /home/aya/ros2_ws/install/person_msgs/share/person_msgs/cmake/rosidl_cmake-extras.cmake\n'}
[1.121564] (person_msgs) StdoutLine: {'line': b'-- Up-to-date: /home/aya/ros2_ws/install/person_msgs/share/person_msgs/cmake/ament_cmake_export_include_directories-extras.cmake\n'}
[1.121643] (person_msgs) StdoutLine: {'line': b'-- Up-to-date: /home/aya/ros2_ws/install/person_msgs/share/person_msgs/cmake/ament_cmake_export_libraries-extras.cmake\n'}
[1.121723] (person_msgs) StdoutLine: {'line': b'-- Up-to-date: /home/aya/ros2_ws/install/person_msgs/share/person_msgs/cmake/ament_cmake_export_targets-extras.cmake\n'}
[1.121803] (person_msgs) StdoutLine: {'line': b'-- Up-to-date: /home/aya/ros2_ws/install/person_msgs/share/person_msgs/cmake/rosidl_cmake_export_typesupport_targets-extras.cmake\n'}
[1.121884] (person_msgs) StdoutLine: {'line': b'-- Up-to-date: /home/aya/ros2_ws/install/person_msgs/share/person_msgs/cmake/ament_cmake_export_dependencies-extras.cmake\n'}
[1.121964] (person_msgs) StdoutLine: {'line': b'-- Up-to-date: /home/aya/ros2_ws/install/person_msgs/share/person_msgs/cmake/rosidl_cmake_export_typesupport_libraries-extras.cmake\n'}
[1.122047] (person_msgs) StdoutLine: {'line': b'-- Up-to-date: /home/aya/ros2_ws/install/person_msgs/share/person_msgs/cmake/person_msgsConfig.cmake\n'}
[1.122131] (person_msgs) StdoutLine: {'line': b'-- Up-to-date: /home/aya/ros2_ws/install/person_msgs/share/person_msgs/cmake/person_msgsConfig-version.cmake\n'}
[1.122261] (person_msgs) StdoutLine: {'line': b'-- Up-to-date: /home/aya/ros2_ws/install/person_msgs/share/person_msgs/package.xml\n'}
[1.123772] (-) TimerEvent: {}
[1.126180] (person_msgs) CommandEnded: {'returncode': 0}
[1.173120] (mypkg) StdoutLine: {'line': b'running egg_info\n'}
[1.174738] (mypkg) StdoutLine: {'line': b'writing ../../build/mypkg/mypkg.egg-info/PKG-INFO\n'}
[1.175164] (mypkg) StdoutLine: {'line': b'writing dependency_links to ../../build/mypkg/mypkg.egg-info/dependency_links.txt\n'}
[1.176974] (mypkg) StdoutLine: {'line': b'writing entry points to ../../build/mypkg/mypkg.egg-info/entry_points.txt\n'}
[1.177279] (mypkg) StdoutLine: {'line': b'writing requirements to ../../build/mypkg/mypkg.egg-info/requires.txt\n'}
[1.177514] (mypkg) StdoutLine: {'line': b'writing top-level names to ../../build/mypkg/mypkg.egg-info/top_level.txt\n'}
[1.182541] (mypkg) StdoutLine: {'line': b"reading manifest file '../../build/mypkg/mypkg.egg-info/SOURCES.txt'\n"}
[1.184338] (mypkg) StdoutLine: {'line': b"writing manifest file '../../build/mypkg/mypkg.egg-info/SOURCES.txt'\n"}
[1.185192] (mypkg) StdoutLine: {'line': b'running build\n'}
[1.185572] (mypkg) StdoutLine: {'line': b'running build_py\n'}
[1.186301] (mypkg) StdoutLine: {'line': b'running install\n'}
[1.186862] (mypkg) StderrLine: {'line': b'/usr/lib/python3/dist-packages/setuptools/command/install.py:34: SetuptoolsDeprecationWarning: setup.py install is deprecated. Use build and pip and other standards-based tools.\n'}
[1.187501] (mypkg) StderrLine: {'line': b'  warnings.warn(\n'}
[1.187957] (mypkg) StdoutLine: {'line': b'running install_lib\n'}
[1.188418] (mypkg) StdoutLine: {'line': b'running install_data\n'}
[1.189312] (mypkg) StdoutLine: {'line': b'running install_egg_info\n'}
[1.192985] (mypkg) StdoutLine: {'line': b"removing '/home/aya/ros2_ws/install/mypkg/lib/python3.10/site-packages/mypkg-0.0.0-py3.10.egg-info' (and everything under it)\n"}
[1.196556] (mypkg) StdoutLine: {'line': b'Copying ../../build/mypkg/mypkg.egg-info to /home/aya/ros2_ws/install/mypkg/lib/python3.10/site-packages/mypkg-0.0.0-py3.10.egg-info\n'}
[1.200939] (mypkg) StdoutLine: {'line': b'running install_scripts\n'}
[1.224996] (-) TimerEvent: {}
[1.239405] (mypkg) StdoutLine: {'line': b'Installing listener script to /home/aya/ros2_ws/install/mypkg/lib/mypkg\n'}
[1.239814] (mypkg) StdoutLine: {'line': b'Installing talker script to /home/aya/ros2_ws/install/mypkg/lib/mypkg\n'}
[1.242111] (mypkg) StdoutLine: {'line': b"writing list of installed files to '/home/aya/ros2_ws/build/mypkg/install.log'\n"}
[1.283189] (mypkg) CommandEnded: {'returncode': 0}
[1.330421] (-) TimerEvent: {}
[1.377575] (mypkg) JobEnded: {'identifier': 'mypkg', 'rc': 0}
[1.432194] (-) TimerEvent: {}
[1.542036] (-) TimerEvent: {}
[1.566668] (person_msgs) JobEnded: {'identifier': 'person_msgs', 'rc': 0}
[1.570591] (-) EventReactorShutdown: {}
