[0.000000] (-) TimerEvent: {}
[0.000222] (mypkg) JobQueued: {'identifier': 'mypkg', 'dependencies': OrderedDict()}
[0.000251] (person_msgs) JobQueued: {'identifier': 'person_msgs', 'dependencies': OrderedDict()}
[0.000270] (mypkg) JobStarted: {'identifier': 'mypkg'}
[0.061288] (person_msgs) JobStarted: {'identifier': 'person_msgs'}
[0.101649] (-) TimerEvent: {}
[0.203192] (-) TimerEvent: {}
[0.305869] (-) TimerEvent: {}
[0.375590] (person_msgs) JobProgress: {'identifier': 'person_msgs', 'progress': 'cmake'}
[0.378452] (person_msgs) JobProgress: {'identifier': 'person_msgs', 'progress': 'build'}
[0.378561] (person_msgs) Command: {'cmd': ['/usr/bin/cmake', '--build', '/home/aya/ros2_ws/build/person_msgs', '--', '-j8', '-l8'], 'cwd': '/home/aya/ros2_ws/build/person_msgs', 'env': OrderedDict([('USER', 'aya'), ('SHLVL', '2'), ('LD_LIBRARY_PATH', '/home/aya/ros2_ws/install/person_msgs/lib:/opt/ros/humble/opt/rviz_ogre_vendor/lib:/opt/ros/humble/lib/x86_64-linux-gnu:/opt/ros/humble/lib'), ('HOME', '/home/aya'), ('OLDPWD', '/home/aya/ros2_ws/src/mypkg/test'), ('ROS_PYTHON_VERSION', '3'), ('DBUS_SESSION_BUS_ADDRESS', 'unix:path=/run/user/1000/bus'), ('WSL_DISTRO_NAME', 'Ubuntu'), ('WAYLAND_DISPLAY', 'wayland-0'), ('COLCON_PREFIX_PATH', '/home/aya/ros2_ws/install'), ('ROS_DISTRO', 'humble'), ('LOGNAME', 'aya'), ('NAME', 'ayaka'), ('WSL_INTEROP', '/run/WSL/19807_interop'), ('PULSE_SERVER', 'unix:/mnt/wslg/PulseServer'), ('_', '/usr/bin/colcon'), ('ROS_VERSION', '2'), ('TERM', 'xterm-256color'), ('ROS_LOCALHOST_ONLY', '1'), ('PATH', '/opt/ros/humble/bin:/usr/local/sbin:/usr/local/bin:/usr/sbin:/usr/bin:/sbin:/bin:/usr/games:/usr/local/games:/usr/lib/wsl/lib:/mnt/c/WINDOWS/system32:/mnt/c/WINDOWS:/mnt/c/WINDOWS/System32/Wbem:/mnt/c/WINDOWS/System32/WindowsPowerShell/v1.0/:/mnt/c/WINDOWS/System32/OpenSSH/:/mnt/c/Program Files/dotnet/:/mnt/c/Program Files/MATLAB/R2023a/bin:/mnt/c/Users/koriz/AppData/Local/Microsoft/WindowsApps:/mnt/c/Users/koriz/AppData/Local/Programs/Microsoft VS Code/bin:/snap/bin'), ('XDG_RUNTIME_DIR', '/run/user/1000/'), ('DISPLAY', ':0'), ('LANG', 'C.UTF-8'), ('AMENT_PREFIX_PATH', '/home/aya/ros2_ws/install/person_msgs:/home/aya/ros2_ws/install/mypkg:/opt/ros/humble'), ('SHELL', '/bin/bash'), ('PWD', '/home/aya/ros2_ws/build/person_msgs'), ('XDG_DATA_DIRS', '/usr/local/share:/usr/share:/var/lib/snapd/desktop'), ('PYTHONPATH', '/home/aya/ros2_ws/install/person_msgs/local/lib/python3.10/dist-packages:/home/aya/ros2_ws/install/mypkg/lib/python3.10/site-packages:/opt/ros/humble/lib/python3.10/site-packages:/opt/ros/humble/local/lib/python3.10/dist-packages'), ('COLCON', '1'), ('WSL2_GUI_APPS_ENABLED', '1'), ('HOSTTYPE', 'x86_64'), ('CMAKE_PREFIX_PATH', '/home/aya/ros2_ws/install/person_msgs:/home/aya/ros2_ws/install/mypkg:/opt/ros/humble'), ('WSLENV', '')]), 'shell': False}
[0.407217] (-) TimerEvent: {}
[0.428295] (person_msgs) StdoutLine: {'line': b'[  2%] Built target person_msgs__cpp\n'}
[0.428580] (person_msgs) StdoutLine: {'line': b'[ 12%] Built target person_msgs__rosidl_generator_c\n'}
[0.437507] (person_msgs) StdoutLine: {'line': b'[ 12%] Built target ament_cmake_python_copy_person_msgs\n'}
[0.457592] (person_msgs) StdoutLine: {'line': b'[ 23%] Built target person_msgs__rosidl_typesupport_c\n'}
[0.459139] (person_msgs) StdoutLine: {'line': b'[ 46%] Built target person_msgs__rosidl_typesupport_fastrtps_cpp\n'}
[0.459403] (person_msgs) StdoutLine: {'line': b'[ 46%] Built target person_msgs__rosidl_typesupport_introspection_cpp\n'}
[0.459615] (person_msgs) StdoutLine: {'line': b'[ 53%] Built target person_msgs__rosidl_typesupport_cpp\n'}
[0.460238] (person_msgs) StdoutLine: {'line': b'[ 64%] Built target person_msgs__rosidl_typesupport_fastrtps_c\n'}
[0.461011] (person_msgs) StdoutLine: {'line': b'[ 74%] Built target person_msgs__rosidl_typesupport_introspection_c\n'}
[0.481755] (person_msgs) StdoutLine: {'line': b'[ 74%] Built target person_msgs\n'}
[0.504957] (person_msgs) StdoutLine: {'line': b'[ 76%] Built target person_msgs__py\n'}
[0.507523] (-) TimerEvent: {}
[0.533672] (person_msgs) StdoutLine: {'line': b'[ 84%] Built target person_msgs__rosidl_generator_py\n'}
[0.560901] (person_msgs) StdoutLine: {'line': b'[ 89%] Built target person_msgs__rosidl_typesupport_c__pyext\n'}
[0.562234] (person_msgs) StdoutLine: {'line': b'[ 94%] Built target person_msgs__rosidl_typesupport_fastrtps_c__pyext\n'}
[0.564224] (person_msgs) StdoutLine: {'line': b'[100%] Built target person_msgs__rosidl_typesupport_introspection_c__pyext\n'}
[0.608502] (-) TimerEvent: {}
[0.691623] (person_msgs) StdoutLine: {'line': b'running egg_info\n'}
[0.692463] (person_msgs) StdoutLine: {'line': b'writing person_msgs.egg-info/PKG-INFO\n'}
[0.692785] (person_msgs) StdoutLine: {'line': b'writing dependency_links to person_msgs.egg-info/dependency_links.txt\n'}
[0.693055] (person_msgs) StdoutLine: {'line': b'writing top-level names to person_msgs.egg-info/top_level.txt\n'}
[0.695471] (person_msgs) StdoutLine: {'line': b"reading manifest file 'person_msgs.egg-info/SOURCES.txt'\n"}
[0.696264] (person_msgs) StdoutLine: {'line': b"writing manifest file 'person_msgs.egg-info/SOURCES.txt'\n"}
[0.709694] (-) TimerEvent: {}
[0.727615] (person_msgs) StdoutLine: {'line': b'[100%] Built target ament_cmake_python_build_person_msgs_egg\n'}
[0.732048] (mypkg) Command: {'cmd': ['/usr/bin/python3', 'setup.py', 'egg_info', '--egg-base', '../../build/mypkg', 'build', '--build-base', '/home/aya/ros2_ws/build/mypkg/build', 'install', '--record', '/home/aya/ros2_ws/build/mypkg/install.log', '--single-version-externally-managed'], 'cwd': '/home/aya/ros2_ws/src/mypkg', 'env': {'USER': 'aya', 'SHLVL': '2', 'LD_LIBRARY_PATH': '/home/aya/ros2_ws/install/person_msgs/lib:/opt/ros/humble/opt/rviz_ogre_vendor/lib:/opt/ros/humble/lib/x86_64-linux-gnu:/opt/ros/humble/lib', 'HOME': '/home/aya', 'OLDPWD': '/home/aya/ros2_ws/src/mypkg/test', 'ROS_PYTHON_VERSION': '3', 'DBUS_SESSION_BUS_ADDRESS': 'unix:path=/run/user/1000/bus', 'WSL_DISTRO_NAME': 'Ubuntu', 'WAYLAND_DISPLAY': 'wayland-0', 'COLCON_PREFIX_PATH': '/home/aya/ros2_ws/install', 'ROS_DISTRO': 'humble', 'LOGNAME': 'aya', 'NAME': 'ayaka', 'WSL_INTEROP': '/run/WSL/19807_interop', 'PULSE_SERVER': 'unix:/mnt/wslg/PulseServer', '_': '/usr/bin/colcon', 'ROS_VERSION': '2', 'TERM': 'xterm-256color', 'ROS_LOCALHOST_ONLY': '1', 'PATH': '/opt/ros/humble/bin:/usr/local/sbin:/usr/local/bin:/usr/sbin:/usr/bin:/sbin:/bin:/usr/games:/usr/local/games:/usr/lib/wsl/lib:/mnt/c/WINDOWS/system32:/mnt/c/WINDOWS:/mnt/c/WINDOWS/System32/Wbem:/mnt/c/WINDOWS/System32/WindowsPowerShell/v1.0/:/mnt/c/WINDOWS/System32/OpenSSH/:/mnt/c/Program Files/dotnet/:/mnt/c/Program Files/MATLAB/R2023a/bin:/mnt/c/Users/koriz/AppData/Local/Microsoft/WindowsApps:/mnt/c/Users/koriz/AppData/Local/Programs/Microsoft VS Code/bin:/snap/bin', 'XDG_RUNTIME_DIR': '/run/user/1000/', 'DISPLAY': ':0', 'LANG': 'C.UTF-8', 'AMENT_PREFIX_PATH': '/home/aya/ros2_ws/install/person_msgs:/home/aya/ros2_ws/install/mypkg:/opt/ros/humble', 'SHELL': '/bin/bash', 'PWD': '/home/aya/ros2_ws/build/mypkg', 'XDG_DATA_DIRS': '/usr/local/share:/usr/share:/var/lib/snapd/desktop', 'PYTHONPATH': '/home/aya/ros2_ws/build/mypkg/prefix_override:/home/aya/ros2_ws/install/mypkg/lib/python3.10/site-packages:/home/aya/ros2_ws/install/person_msgs/local/lib/python3.10/dist-packages:/home/aya/ros2_ws/install/mypkg/lib/python3.10/site-packages:/opt/ros/humble/lib/python3.10/site-packages:/opt/ros/humble/local/lib/python3.10/dist-packages', 'COLCON': '1', 'WSL2_GUI_APPS_ENABLED': '1', 'HOSTTYPE': 'x86_64', 'CMAKE_PREFIX_PATH': '/home/aya/ros2_ws/install/person_msgs', 'WSLENV': ''}, 'shell': False}
[0.739980] (person_msgs) CommandEnded: {'returncode': 0}
[0.809844] (-) TimerEvent: {}
[0.820138] (person_msgs) JobProgress: {'identifier': 'person_msgs', 'progress': 'install'}
[0.829764] (person_msgs) Command: {'cmd': ['/usr/bin/cmake', '--install', '/home/aya/ros2_ws/build/person_msgs'], 'cwd': '/home/aya/ros2_ws/build/person_msgs', 'env': OrderedDict([('USER', 'aya'), ('SHLVL', '2'), ('LD_LIBRARY_PATH', '/home/aya/ros2_ws/install/person_msgs/lib:/opt/ros/humble/opt/rviz_ogre_vendor/lib:/opt/ros/humble/lib/x86_64-linux-gnu:/opt/ros/humble/lib'), ('HOME', '/home/aya'), ('OLDPWD', '/home/aya/ros2_ws/src/mypkg/test'), ('ROS_PYTHON_VERSION', '3'), ('DBUS_SESSION_BUS_ADDRESS', 'unix:path=/run/user/1000/bus'), ('WSL_DISTRO_NAME', 'Ubuntu'), ('WAYLAND_DISPLAY', 'wayland-0'), ('COLCON_PREFIX_PATH', '/home/aya/ros2_ws/install'), ('ROS_DISTRO', 'humble'), ('LOGNAME', 'aya'), ('NAME', 'ayaka'), ('WSL_INTEROP', '/run/WSL/19807_interop'), ('PULSE_SERVER', 'unix:/mnt/wslg/PulseServer'), ('_', '/usr/bin/colcon'), ('ROS_VERSION', '2'), ('TERM', 'xterm-256color'), ('ROS_LOCALHOST_ONLY', '1'), ('PATH', '/opt/ros/humble/bin:/usr/local/sbin:/usr/local/bin:/usr/sbin:/usr/bin:/sbin:/bin:/usr/games:/usr/local/games:/usr/lib/wsl/lib:/mnt/c/WINDOWS/system32:/mnt/c/WINDOWS:/mnt/c/WINDOWS/System32/Wbem:/mnt/c/WINDOWS/System32/WindowsPowerShell/v1.0/:/mnt/c/WINDOWS/System32/OpenSSH/:/mnt/c/Program Files/dotnet/:/mnt/c/Program Files/MATLAB/R2023a/bin:/mnt/c/Users/koriz/AppData/Local/Microsoft/WindowsApps:/mnt/c/Users/koriz/AppData/Local/Programs/Microsoft VS Code/bin:/snap/bin'), ('XDG_RUNTIME_DIR', '/run/user/1000/'), ('DISPLAY', ':0'), ('LANG', 'C.UTF-8'), ('AMENT_PREFIX_PATH', '/home/aya/ros2_ws/install/person_msgs:/home/aya/ros2_ws/install/mypkg:/opt/ros/humble'), ('SHELL', '/bin/bash'), ('PWD', '/home/aya/ros2_ws/build/person_msgs'), ('XDG_DATA_DIRS', '/usr/local/share:/usr/share:/var/lib/snapd/desktop'), ('PYTHONPATH', '/home/aya/ros2_ws/install/person_msgs/local/lib/python3.10/dist-packages:/home/aya/ros2_ws/install/mypkg/lib/python3.10/site-packages:/opt/ros/humble/lib/python3.10/site-packages:/opt/ros/humble/local/lib/python3.10/dist-packages'), ('COLCON', '1'), ('WSL2_GUI_APPS_ENABLED', '1'), ('HOSTTYPE', 'x86_64'), ('CMAKE_PREFIX_PATH', '/home/aya/ros2_ws/install/person_msgs:/home/aya/ros2_ws/install/mypkg:/opt/ros/humble'), ('WSLENV', '')]), 'shell': False}
[0.838574] (person_msgs) StdoutLine: {'line': b'-- Install configuration: ""\n'}
[0.838809] (person_msgs) StdoutLine: {'line': b'-- Up-to-date: /home/aya/ros2_ws/install/person_msgs/share/ament_index/resource_index/rosidl_interfaces/person_msgs\n'}
[0.839120] (person_msgs) StdoutLine: {'line': b'-- Up-to-date: /home/aya/ros2_ws/install/person_msgs/include/person_msgs/person_msgs\n'}
[0.839552] (person_msgs) StdoutLine: {'line': b'-- Up-to-date: /home/aya/ros2_ws/install/person_msgs/include/person_msgs/person_msgs/msg\n'}
[0.839673] (person_msgs) StdoutLine: {'line': b'-- Up-to-date: /home/aya/ros2_ws/install/person_msgs/include/person_msgs/person_msgs/msg/detail\n'}
[0.839860] (person_msgs) StdoutLine: {'line': b'-- Up-to-date: /home/aya/ros2_ws/install/person_msgs/include/person_msgs/person_msgs/msg/detail/person__type_support.h\n'}
[0.840060] (person_msgs) StdoutLine: {'line': b'-- Up-to-date: /home/aya/ros2_ws/install/person_msgs/include/person_msgs/person_msgs/msg/detail/person__functions.c\n'}
[0.840250] (person_msgs) StdoutLine: {'line': b'-- Up-to-date: /home/aya/ros2_ws/install/person_msgs/include/person_msgs/person_msgs/msg/detail/person__functions.h\n'}
[0.840419] (person_msgs) StdoutLine: {'line': b'-- Up-to-date: /home/aya/ros2_ws/install/person_msgs/include/person_msgs/person_msgs/msg/detail/person__struct.h\n'}
[0.840581] (person_msgs) StdoutLine: {'line': b'-- Up-to-date: /home/aya/ros2_ws/install/person_msgs/include/person_msgs/person_msgs/msg/rosidl_generator_c__visibility_control.h\n'}
[0.840748] (person_msgs) StdoutLine: {'line': b'-- Up-to-date: /home/aya/ros2_ws/install/person_msgs/include/person_msgs/person_msgs/msg/person.h\n'}
[0.840920] (person_msgs) StdoutLine: {'line': b'-- Up-to-date: /home/aya/ros2_ws/install/person_msgs/include/person_msgs/person_msgs/srv\n'}
[0.841088] (person_msgs) StdoutLine: {'line': b'-- Up-to-date: /home/aya/ros2_ws/install/person_msgs/include/person_msgs/person_msgs/srv/query.h\n'}
[0.841332] (person_msgs) StdoutLine: {'line': b'-- Up-to-date: /home/aya/ros2_ws/install/person_msgs/include/person_msgs/person_msgs/srv/detail\n'}
[0.841388] (person_msgs) StdoutLine: {'line': b'-- Up-to-date: /home/aya/ros2_ws/install/person_msgs/include/person_msgs/person_msgs/srv/detail/query__type_support.h\n'}
[0.841462] (person_msgs) StdoutLine: {'line': b'-- Up-to-date: /home/aya/ros2_ws/install/person_msgs/include/person_msgs/person_msgs/srv/detail/query__functions.c\n'}
[0.841569] (person_msgs) StdoutLine: {'line': b'-- Up-to-date: /home/aya/ros2_ws/install/person_msgs/include/person_msgs/person_msgs/srv/detail/query__functions.h\n'}
[0.841634] (person_msgs) StdoutLine: {'line': b'-- Up-to-date: /home/aya/ros2_ws/install/person_msgs/include/person_msgs/person_msgs/srv/detail/query__struct.h\n'}
[0.841934] (person_msgs) StdoutLine: {'line': b'-- Up-to-date: /home/aya/ros2_ws/install/person_msgs/share/person_msgs/environment/library_path.sh\n'}
[0.842106] (person_msgs) StdoutLine: {'line': b'-- Up-to-date: /home/aya/ros2_ws/install/person_msgs/share/person_msgs/environment/library_path.dsv\n'}
[0.842274] (person_msgs) StdoutLine: {'line': b'-- Up-to-date: /home/aya/ros2_ws/install/person_msgs/lib/libperson_msgs__rosidl_generator_c.so\n'}
[0.842441] (person_msgs) StdoutLine: {'line': b'-- Up-to-date: /home/aya/ros2_ws/install/person_msgs/include/person_msgs/person_msgs\n'}
[0.842605] (person_msgs) StdoutLine: {'line': b'-- Up-to-date: /home/aya/ros2_ws/install/person_msgs/include/person_msgs/person_msgs/msg\n'}
[0.842770] (person_msgs) StdoutLine: {'line': b'-- Up-to-date: /home/aya/ros2_ws/install/person_msgs/include/person_msgs/person_msgs/msg/detail\n'}
[0.842929] (person_msgs) StdoutLine: {'line': b'-- Up-to-date: /home/aya/ros2_ws/install/person_msgs/include/person_msgs/person_msgs/msg/detail/person__rosidl_typesupport_fastrtps_c.h\n'}
[0.843091] (person_msgs) StdoutLine: {'line': b'-- Up-to-date: /home/aya/ros2_ws/install/person_msgs/include/person_msgs/person_msgs/msg/rosidl_typesupport_fastrtps_c__visibility_control.h\n'}
[0.843255] (person_msgs) StdoutLine: {'line': b'-- Up-to-date: /home/aya/ros2_ws/install/person_msgs/include/person_msgs/person_msgs/srv\n'}
[0.843421] (person_msgs) StdoutLine: {'line': b'-- Up-to-date: /home/aya/ros2_ws/install/person_msgs/include/person_msgs/person_msgs/srv/detail\n'}
[0.843579] (person_msgs) StdoutLine: {'line': b'-- Up-to-date: /home/aya/ros2_ws/install/person_msgs/include/person_msgs/person_msgs/srv/detail/query__rosidl_typesupport_fastrtps_c.h\n'}
[0.843824] (person_msgs) StdoutLine: {'line': b'-- Up-to-date: /home/aya/ros2_ws/install/person_msgs/lib/libperson_msgs__rosidl_typesupport_fastrtps_c.so\n'}
[0.843878] (person_msgs) StdoutLine: {'line': b'-- Up-to-date: /home/aya/ros2_ws/install/person_msgs/include/person_msgs/person_msgs\n'}
[0.844010] (person_msgs) StdoutLine: {'line': b'-- Up-to-date: /home/aya/ros2_ws/install/person_msgs/include/person_msgs/person_msgs/msg\n'}
[0.844167] (person_msgs) StdoutLine: {'line': b'-- Up-to-date: /home/aya/ros2_ws/install/person_msgs/include/person_msgs/person_msgs/msg/detail\n'}
[0.844407] (person_msgs) StdoutLine: {'line': b'-- Up-to-date: /home/aya/ros2_ws/install/person_msgs/include/person_msgs/person_msgs/msg/detail/person__rosidl_typesupport_introspection_c.h\n'}
[0.844464] (person_msgs) StdoutLine: {'line': b'-- Up-to-date: /home/aya/ros2_ws/install/person_msgs/include/person_msgs/person_msgs/msg/detail/person__type_support.c\n'}
[0.844519] (person_msgs) StdoutLine: {'line': b'-- Up-to-date: /home/aya/ros2_ws/install/person_msgs/include/person_msgs/person_msgs/msg/rosidl_typesupport_introspection_c__visibility_control.h\n'}
[0.844665] (person_msgs) StdoutLine: {'line': b'-- Up-to-date: /home/aya/ros2_ws/install/person_msgs/include/person_msgs/person_msgs/srv\n'}
[0.844828] (person_msgs) StdoutLine: {'line': b'-- Up-to-date: /home/aya/ros2_ws/install/person_msgs/include/person_msgs/person_msgs/srv/detail\n'}
[0.844987] (person_msgs) StdoutLine: {'line': b'-- Up-to-date: /home/aya/ros2_ws/install/person_msgs/include/person_msgs/person_msgs/srv/detail/query__type_support.c\n'}
[0.845326] (person_msgs) StdoutLine: {'line': b'-- Up-to-date: /home/aya/ros2_ws/install/person_msgs/include/person_msgs/person_msgs/srv/detail/query__rosidl_typesupport_introspection_c.h\n'}
[0.845443] (person_msgs) StdoutLine: {'line': b'-- Up-to-date: /home/aya/ros2_ws/install/person_msgs/lib/libperson_msgs__rosidl_typesupport_introspection_c.so\n'}
[0.845541] (person_msgs) StdoutLine: {'line': b'-- Up-to-date: /home/aya/ros2_ws/install/person_msgs/lib/libperson_msgs__rosidl_typesupport_c.so\n'}
[0.845622] (person_msgs) StdoutLine: {'line': b'-- Up-to-date: /home/aya/ros2_ws/install/person_msgs/include/person_msgs/person_msgs\n'}
[0.845707] (person_msgs) StdoutLine: {'line': b'-- Up-to-date: /home/aya/ros2_ws/install/person_msgs/include/person_msgs/person_msgs/msg\n'}
[0.845791] (person_msgs) StdoutLine: {'line': b'-- Up-to-date: /home/aya/ros2_ws/install/person_msgs/include/person_msgs/person_msgs/msg/detail\n'}
[0.845978] (person_msgs) StdoutLine: {'line': b'-- Up-to-date: /home/aya/ros2_ws/install/person_msgs/include/person_msgs/person_msgs/msg/detail/person__struct.hpp\n'}
[0.846168] (person_msgs) StdoutLine: {'line': b'-- Up-to-date: /home/aya/ros2_ws/install/person_msgs/include/person_msgs/person_msgs/msg/detail/person__builder.hpp\n'}
[0.846350] (person_msgs) StdoutLine: {'line': b'-- Up-to-date: /home/aya/ros2_ws/install/person_msgs/include/person_msgs/person_msgs/msg/detail/person__traits.hpp\n'}
[0.846536] (person_msgs) StdoutLine: {'line': b'-- Up-to-date: /home/aya/ros2_ws/install/person_msgs/include/person_msgs/person_msgs/msg/person.hpp\n'}
[0.846720] (person_msgs) StdoutLine: {'line': b'-- Up-to-date: /home/aya/ros2_ws/install/person_msgs/include/person_msgs/person_msgs/srv\n'}
[0.846906] (person_msgs) StdoutLine: {'line': b'-- Up-to-date: /home/aya/ros2_ws/install/person_msgs/include/person_msgs/person_msgs/srv/detail\n'}
[0.847090] (person_msgs) StdoutLine: {'line': b'-- Up-to-date: /home/aya/ros2_ws/install/person_msgs/include/person_msgs/person_msgs/srv/detail/query__traits.hpp\n'}
[0.847267] (person_msgs) StdoutLine: {'line': b'-- Up-to-date: /home/aya/ros2_ws/install/person_msgs/include/person_msgs/person_msgs/srv/detail/query__builder.hpp\n'}
[0.847354] (person_msgs) StdoutLine: {'line': b'-- Up-to-date: /home/aya/ros2_ws/install/person_msgs/include/person_msgs/person_msgs/srv/detail/query__struct.hpp\n'}
[0.847445] (person_msgs) StdoutLine: {'line': b'-- Up-to-date: /home/aya/ros2_ws/install/person_msgs/include/person_msgs/person_msgs/srv/query.hpp\n'}
[0.847530] (person_msgs) StdoutLine: {'line': b'-- Up-to-date: /home/aya/ros2_ws/install/person_msgs/include/person_msgs/person_msgs\n'}
[0.847612] (person_msgs) StdoutLine: {'line': b'-- Up-to-date: /home/aya/ros2_ws/install/person_msgs/include/person_msgs/person_msgs/msg\n'}
[0.847699] (person_msgs) StdoutLine: {'line': b'-- Up-to-date: /home/aya/ros2_ws/install/person_msgs/include/person_msgs/person_msgs/msg/detail\n'}
[0.847784] (person_msgs) StdoutLine: {'line': b'-- Up-to-date: /home/aya/ros2_ws/install/person_msgs/include/person_msgs/person_msgs/msg/detail/dds_fastrtps\n'}
[0.848081] (person_msgs) StdoutLine: {'line': b'-- Up-to-date: /home/aya/ros2_ws/install/person_msgs/include/person_msgs/person_msgs/msg/detail/person__rosidl_typesupport_fastrtps_cpp.hpp\n'}
[0.848178] (person_msgs) StdoutLine: {'line': b'-- Up-to-date: /home/aya/ros2_ws/install/person_msgs/include/person_msgs/person_msgs/msg/rosidl_typesupport_fastrtps_cpp__visibility_control.h\n'}
[0.848253] (person_msgs) StdoutLine: {'line': b'-- Up-to-date: /home/aya/ros2_ws/install/person_msgs/include/person_msgs/person_msgs/srv\n'}
[0.848323] (person_msgs) StdoutLine: {'line': b'-- Up-to-date: /home/aya/ros2_ws/install/person_msgs/include/person_msgs/person_msgs/srv/detail\n'}
[0.848395] (person_msgs) StdoutLine: {'line': b'-- Up-to-date: /home/aya/ros2_ws/install/person_msgs/include/person_msgs/person_msgs/srv/detail/query__rosidl_typesupport_fastrtps_cpp.hpp\n'}
[0.848454] (person_msgs) StdoutLine: {'line': b'-- Up-to-date: /home/aya/ros2_ws/install/person_msgs/include/person_msgs/person_msgs/srv/detail/dds_fastrtps\n'}
[0.848503] (person_msgs) StdoutLine: {'line': b'-- Up-to-date: /home/aya/ros2_ws/install/person_msgs/lib/libperson_msgs__rosidl_typesupport_fastrtps_cpp.so\n'}
[0.848558] (person_msgs) StdoutLine: {'line': b'-- Up-to-date: /home/aya/ros2_ws/install/person_msgs/include/person_msgs/person_msgs\n'}
[0.848608] (person_msgs) StdoutLine: {'line': b'-- Up-to-date: /home/aya/ros2_ws/install/person_msgs/include/person_msgs/person_msgs/msg\n'}
[0.848654] (person_msgs) StdoutLine: {'line': b'-- Up-to-date: /home/aya/ros2_ws/install/person_msgs/include/person_msgs/person_msgs/msg/detail\n'}
[0.848701] (person_msgs) StdoutLine: {'line': b'-- Up-to-date: /home/aya/ros2_ws/install/person_msgs/include/person_msgs/person_msgs/msg/detail/person__type_support.cpp\n'}
[0.848748] (person_msgs) StdoutLine: {'line': b'-- Up-to-date: /home/aya/ros2_ws/install/person_msgs/include/person_msgs/person_msgs/msg/detail/person__rosidl_typesupport_introspection_cpp.hpp\n'}
[0.848795] (person_msgs) StdoutLine: {'line': b'-- Up-to-date: /home/aya/ros2_ws/install/person_msgs/include/person_msgs/person_msgs/srv\n'}
[0.848841] (person_msgs) StdoutLine: {'line': b'-- Up-to-date: /home/aya/ros2_ws/install/person_msgs/include/person_msgs/person_msgs/srv/detail\n'}
[0.849005] (person_msgs) StdoutLine: {'line': b'-- Up-to-date: /home/aya/ros2_ws/install/person_msgs/include/person_msgs/person_msgs/srv/detail/query__rosidl_typesupport_introspection_cpp.hpp\n'}
[0.849732] (person_msgs) StdoutLine: {'line': b'-- Up-to-date: /home/aya/ros2_ws/install/person_msgs/include/person_msgs/person_msgs/srv/detail/query__type_support.cpp\n'}
[0.850457] (person_msgs) StdoutLine: {'line': b'-- Up-to-date: /home/aya/ros2_ws/install/person_msgs/lib/libperson_msgs__rosidl_typesupport_introspection_cpp.so\n'}
[0.850644] (person_msgs) StdoutLine: {'line': b'-- Up-to-date: /home/aya/ros2_ws/install/person_msgs/lib/libperson_msgs__rosidl_typesupport_cpp.so\n'}
[0.850759] (person_msgs) StdoutLine: {'line': b'-- Up-to-date: /home/aya/ros2_ws/install/person_msgs/share/person_msgs/environment/pythonpath.sh\n'}
[0.850865] (person_msgs) StdoutLine: {'line': b'-- Up-to-date: /home/aya/ros2_ws/install/person_msgs/share/person_msgs/environment/pythonpath.dsv\n'}
[0.850969] (person_msgs) StdoutLine: {'line': b'-- Up-to-date: /home/aya/ros2_ws/install/person_msgs/local/lib/python3.10/dist-packages/person_msgs-0.0.0-py3.10.egg-info\n'}
[0.851075] (person_msgs) StdoutLine: {'line': b'-- Installing: /home/aya/ros2_ws/install/person_msgs/local/lib/python3.10/dist-packages/person_msgs-0.0.0-py3.10.egg-info/SOURCES.txt\n'}
[0.851179] (person_msgs) StdoutLine: {'line': b'-- Installing: /home/aya/ros2_ws/install/person_msgs/local/lib/python3.10/dist-packages/person_msgs-0.0.0-py3.10.egg-info/PKG-INFO\n'}
[0.851282] (person_msgs) StdoutLine: {'line': b'-- Installing: /home/aya/ros2_ws/install/person_msgs/local/lib/python3.10/dist-packages/person_msgs-0.0.0-py3.10.egg-info/top_level.txt\n'}
[0.851377] (person_msgs) StdoutLine: {'line': b'-- Installing: /home/aya/ros2_ws/install/person_msgs/local/lib/python3.10/dist-packages/person_msgs-0.0.0-py3.10.egg-info/dependency_links.txt\n'}
[0.851463] (person_msgs) StdoutLine: {'line': b'-- Up-to-date: /home/aya/ros2_ws/install/person_msgs/local/lib/python3.10/dist-packages/person_msgs\n'}
[0.851552] (person_msgs) StdoutLine: {'line': b'-- Up-to-date: /home/aya/ros2_ws/install/person_msgs/local/lib/python3.10/dist-packages/person_msgs/person_msgs_s__rosidl_typesupport_introspection_c.cpython-310-x86_64-linux-gnu.so\n'}
[0.851641] (person_msgs) StdoutLine: {'line': b'-- Up-to-date: /home/aya/ros2_ws/install/person_msgs/local/lib/python3.10/dist-packages/person_msgs/msg\n'}
[0.851730] (person_msgs) StdoutLine: {'line': b'-- Up-to-date: /home/aya/ros2_ws/install/person_msgs/local/lib/python3.10/dist-packages/person_msgs/msg/_person.py\n'}
[0.851810] (person_msgs) StdoutLine: {'line': b'-- Up-to-date: /home/aya/ros2_ws/install/person_msgs/local/lib/python3.10/dist-packages/person_msgs/msg/__init__.py\n'}
[0.851891] (person_msgs) StdoutLine: {'line': b'-- Up-to-date: /home/aya/ros2_ws/install/person_msgs/local/lib/python3.10/dist-packages/person_msgs/msg/_person_s.c\n'}
[0.851977] (person_msgs) StdoutLine: {'line': b'-- Up-to-date: /home/aya/ros2_ws/install/person_msgs/local/lib/python3.10/dist-packages/person_msgs/person_msgs_s__rosidl_typesupport_c.cpython-310-x86_64-linux-gnu.so\n'}
[0.852068] (person_msgs) StdoutLine: {'line': b'-- Up-to-date: /home/aya/ros2_ws/install/person_msgs/local/lib/python3.10/dist-packages/person_msgs/_person_msgs_s.ep.rosidl_typesupport_c.c\n'}
[0.852152] (person_msgs) StdoutLine: {'line': b'-- Up-to-date: /home/aya/ros2_ws/install/person_msgs/local/lib/python3.10/dist-packages/person_msgs/libperson_msgs__rosidl_generator_py.so\n'}
[0.852234] (person_msgs) StdoutLine: {'line': b'-- Up-to-date: /home/aya/ros2_ws/install/person_msgs/local/lib/python3.10/dist-packages/person_msgs/_person_msgs_s.ep.rosidl_typesupport_fastrtps_c.c\n'}
[0.852324] (person_msgs) StdoutLine: {'line': b'-- Up-to-date: /home/aya/ros2_ws/install/person_msgs/local/lib/python3.10/dist-packages/person_msgs/srv\n'}
[0.852413] (person_msgs) StdoutLine: {'line': b'-- Up-to-date: /home/aya/ros2_ws/install/person_msgs/local/lib/python3.10/dist-packages/person_msgs/srv/_query_s.c\n'}
[0.852499] (person_msgs) StdoutLine: {'line': b'-- Up-to-date: /home/aya/ros2_ws/install/person_msgs/local/lib/python3.10/dist-packages/person_msgs/srv/__init__.py\n'}
[0.852586] (person_msgs) StdoutLine: {'line': b'-- Up-to-date: /home/aya/ros2_ws/install/person_msgs/local/lib/python3.10/dist-packages/person_msgs/srv/_query.py\n'}
[0.852671] (person_msgs) StdoutLine: {'line': b'-- Up-to-date: /home/aya/ros2_ws/install/person_msgs/local/lib/python3.10/dist-packages/person_msgs/__init__.py\n'}
[0.852752] (person_msgs) StdoutLine: {'line': b'-- Up-to-date: /home/aya/ros2_ws/install/person_msgs/local/lib/python3.10/dist-packages/person_msgs/person_msgs_s__rosidl_typesupport_fastrtps_c.cpython-310-x86_64-linux-gnu.so\n'}
[0.852845] (person_msgs) StdoutLine: {'line': b'-- Up-to-date: /home/aya/ros2_ws/install/person_msgs/local/lib/python3.10/dist-packages/person_msgs/_person_msgs_s.ep.rosidl_typesupport_introspection_c.c\n'}
[0.881190] (person_msgs) StdoutLine: {'line': b"Listing '/home/aya/ros2_ws/install/person_msgs/local/lib/python3.10/dist-packages/person_msgs'...\n"}
[0.881460] (person_msgs) StdoutLine: {'line': b"Listing '/home/aya/ros2_ws/install/person_msgs/local/lib/python3.10/dist-packages/person_msgs/msg'...\n"}
[0.881572] (person_msgs) StdoutLine: {'line': b"Listing '/home/aya/ros2_ws/install/person_msgs/local/lib/python3.10/dist-packages/person_msgs/srv'...\n"}
[0.885267] (person_msgs) StdoutLine: {'line': b'-- Up-to-date: /home/aya/ros2_ws/install/person_msgs/local/lib/python3.10/dist-packages/person_msgs/person_msgs_s__rosidl_typesupport_fastrtps_c.cpython-310-x86_64-linux-gnu.so\n'}
[0.885636] (person_msgs) StdoutLine: {'line': b'-- Up-to-date: /home/aya/ros2_ws/install/person_msgs/local/lib/python3.10/dist-packages/person_msgs/person_msgs_s__rosidl_typesupport_introspection_c.cpython-310-x86_64-linux-gnu.so\n'}
[0.885958] (person_msgs) StdoutLine: {'line': b'-- Up-to-date: /home/aya/ros2_ws/install/person_msgs/local/lib/python3.10/dist-packages/person_msgs/person_msgs_s__rosidl_typesupport_c.cpython-310-x86_64-linux-gnu.so\n'}
[0.886337] (person_msgs) StdoutLine: {'line': b'-- Up-to-date: /home/aya/ros2_ws/install/person_msgs/lib/libperson_msgs__rosidl_generator_py.so\n'}
[0.886588] (person_msgs) StdoutLine: {'line': b'-- Up-to-date: /home/aya/ros2_ws/install/person_msgs/share/person_msgs/msg/Person.idl\n'}
[0.886777] (person_msgs) StdoutLine: {'line': b'-- Up-to-date: /home/aya/ros2_ws/install/person_msgs/share/person_msgs/srv/Query.idl\n'}
[0.887136] (person_msgs) StdoutLine: {'line': b'-- Up-to-date: /home/aya/ros2_ws/install/person_msgs/share/person_msgs/msg/Person.msg\n'}
[0.887321] (person_msgs) StdoutLine: {'line': b'-- Up-to-date: /home/aya/ros2_ws/install/person_msgs/share/person_msgs/srv/Query.srv\n'}
[0.887514] (person_msgs) StdoutLine: {'line': b'-- Up-to-date: /home/aya/ros2_ws/install/person_msgs/share/person_msgs/srv/Query_Request.msg\n'}
[0.887705] (person_msgs) StdoutLine: {'line': b'-- Up-to-date: /home/aya/ros2_ws/install/person_msgs/share/person_msgs/srv/Query_Response.msg\n'}
[0.887943] (person_msgs) StdoutLine: {'line': b'-- Up-to-date: /home/aya/ros2_ws/install/person_msgs/share/ament_index/resource_index/package_run_dependencies/person_msgs\n'}
[0.888245] (person_msgs) StdoutLine: {'line': b'-- Up-to-date: /home/aya/ros2_ws/install/person_msgs/share/ament_index/resource_index/parent_prefix_path/person_msgs\n'}
[0.888397] (person_msgs) StdoutLine: {'line': b'-- Up-to-date: /home/aya/ros2_ws/install/person_msgs/share/person_msgs/environment/ament_prefix_path.sh\n'}
[0.888588] (person_msgs) StdoutLine: {'line': b'-- Up-to-date: /home/aya/ros2_ws/install/person_msgs/share/person_msgs/environment/ament_prefix_path.dsv\n'}
[0.888885] (person_msgs) StdoutLine: {'line': b'-- Up-to-date: /home/aya/ros2_ws/install/person_msgs/share/person_msgs/environment/path.sh\n'}
[0.889110] (person_msgs) StdoutLine: {'line': b'-- Up-to-date: /home/aya/ros2_ws/install/person_msgs/share/person_msgs/environment/path.dsv\n'}
[0.889236] (person_msgs) StdoutLine: {'line': b'-- Up-to-date: /home/aya/ros2_ws/install/person_msgs/share/person_msgs/local_setup.bash\n'}
[0.889332] (person_msgs) StdoutLine: {'line': b'-- Up-to-date: /home/aya/ros2_ws/install/person_msgs/share/person_msgs/local_setup.sh\n'}
[0.889582] (person_msgs) StdoutLine: {'line': b'-- Up-to-date: /home/aya/ros2_ws/install/person_msgs/share/person_msgs/local_setup.zsh\n'}
[0.889828] (person_msgs) StdoutLine: {'line': b'-- Up-to-date: /home/aya/ros2_ws/install/person_msgs/share/person_msgs/local_setup.dsv\n'}
[0.890051] (person_msgs) StdoutLine: {'line': b'-- Installing: /home/aya/ros2_ws/install/person_msgs/share/person_msgs/package.dsv\n'}
[0.890182] (person_msgs) StdoutLine: {'line': b'-- Up-to-date: /home/aya/ros2_ws/install/person_msgs/share/ament_index/resource_index/packages/person_msgs\n'}
[0.890317] (person_msgs) StdoutLine: {'line': b'-- Up-to-date: /home/aya/ros2_ws/install/person_msgs/share/person_msgs/cmake/export_person_msgs__rosidl_generator_cExport.cmake\n'}
[0.890416] (person_msgs) StdoutLine: {'line': b'-- Up-to-date: /home/aya/ros2_ws/install/person_msgs/share/person_msgs/cmake/export_person_msgs__rosidl_generator_cExport-noconfig.cmake\n'}
[0.890498] (person_msgs) StdoutLine: {'line': b'-- Up-to-date: /home/aya/ros2_ws/install/person_msgs/share/person_msgs/cmake/export_person_msgs__rosidl_typesupport_fastrtps_cExport.cmake\n'}
[0.890586] (person_msgs) StdoutLine: {'line': b'-- Up-to-date: /home/aya/ros2_ws/install/person_msgs/share/person_msgs/cmake/export_person_msgs__rosidl_typesupport_fastrtps_cExport-noconfig.cmake\n'}
[0.890708] (person_msgs) StdoutLine: {'line': b'-- Up-to-date: /home/aya/ros2_ws/install/person_msgs/share/person_msgs/cmake/person_msgs__rosidl_typesupport_introspection_cExport.cmake\n'}
[0.890936] (person_msgs) StdoutLine: {'line': b'-- Up-to-date: /home/aya/ros2_ws/install/person_msgs/share/person_msgs/cmake/person_msgs__rosidl_typesupport_introspection_cExport-noconfig.cmake\n'}
[0.891009] (person_msgs) StdoutLine: {'line': b'-- Up-to-date: /home/aya/ros2_ws/install/person_msgs/share/person_msgs/cmake/person_msgs__rosidl_typesupport_cExport.cmake\n'}
[0.891060] (person_msgs) StdoutLine: {'line': b'-- Up-to-date: /home/aya/ros2_ws/install/person_msgs/share/person_msgs/cmake/person_msgs__rosidl_typesupport_cExport-noconfig.cmake\n'}
[0.891108] (person_msgs) StdoutLine: {'line': b'-- Up-to-date: /home/aya/ros2_ws/install/person_msgs/share/person_msgs/cmake/export_person_msgs__rosidl_generator_cppExport.cmake\n'}
[0.891155] (person_msgs) StdoutLine: {'line': b'-- Up-to-date: /home/aya/ros2_ws/install/person_msgs/share/person_msgs/cmake/export_person_msgs__rosidl_typesupport_fastrtps_cppExport.cmake\n'}
[0.891208] (person_msgs) StdoutLine: {'line': b'-- Up-to-date: /home/aya/ros2_ws/install/person_msgs/share/person_msgs/cmake/export_person_msgs__rosidl_typesupport_fastrtps_cppExport-noconfig.cmake\n'}
[0.891254] (person_msgs) StdoutLine: {'line': b'-- Up-to-date: /home/aya/ros2_ws/install/person_msgs/share/person_msgs/cmake/person_msgs__rosidl_typesupport_introspection_cppExport.cmake\n'}
[0.891298] (person_msgs) StdoutLine: {'line': b'-- Up-to-date: /home/aya/ros2_ws/install/person_msgs/share/person_msgs/cmake/person_msgs__rosidl_typesupport_introspection_cppExport-noconfig.cmake\n'}
[0.891346] (person_msgs) StdoutLine: {'line': b'-- Up-to-date: /home/aya/ros2_ws/install/person_msgs/share/person_msgs/cmake/person_msgs__rosidl_typesupport_cppExport.cmake\n'}
[0.891391] (person_msgs) StdoutLine: {'line': b'-- Up-to-date: /home/aya/ros2_ws/install/person_msgs/share/person_msgs/cmake/person_msgs__rosidl_typesupport_cppExport-noconfig.cmake\n'}
[0.891435] (person_msgs) StdoutLine: {'line': b'-- Up-to-date: /home/aya/ros2_ws/install/person_msgs/share/person_msgs/cmake/export_person_msgs__rosidl_generator_pyExport.cmake\n'}
[0.891481] (person_msgs) StdoutLine: {'line': b'-- Up-to-date: /home/aya/ros2_ws/install/person_msgs/share/person_msgs/cmake/export_person_msgs__rosidl_generator_pyExport-noconfig.cmake\n'}
[0.891527] (person_msgs) StdoutLine: {'line': b'-- Up-to-date: /home/aya/ros2_ws/install/person_msgs/share/person_msgs/cmake/rosidl_cmake-extras.cmake\n'}
[0.891573] (person_msgs) StdoutLine: {'line': b'-- Up-to-date: /home/aya/ros2_ws/install/person_msgs/share/person_msgs/cmake/ament_cmake_export_include_directories-extras.cmake\n'}
[0.891619] (person_msgs) StdoutLine: {'line': b'-- Up-to-date: /home/aya/ros2_ws/install/person_msgs/share/person_msgs/cmake/ament_cmake_export_libraries-extras.cmake\n'}
[0.891664] (person_msgs) StdoutLine: {'line': b'-- Up-to-date: /home/aya/ros2_ws/install/person_msgs/share/person_msgs/cmake/ament_cmake_export_targets-extras.cmake\n'}
[0.891709] (person_msgs) StdoutLine: {'line': b'-- Up-to-date: /home/aya/ros2_ws/install/person_msgs/share/person_msgs/cmake/rosidl_cmake_export_typesupport_targets-extras.cmake\n'}
[0.891755] (person_msgs) StdoutLine: {'line': b'-- Up-to-date: /home/aya/ros2_ws/install/person_msgs/share/person_msgs/cmake/ament_cmake_export_dependencies-extras.cmake\n'}
[0.891867] (person_msgs) StdoutLine: {'line': b'-- Up-to-date: /home/aya/ros2_ws/install/person_msgs/share/person_msgs/cmake/rosidl_cmake_export_typesupport_libraries-extras.cmake\n'}
[0.892094] (person_msgs) StdoutLine: {'line': b'-- Up-to-date: /home/aya/ros2_ws/install/person_msgs/share/person_msgs/cmake/person_msgsConfig.cmake\n'}
[0.892274] (person_msgs) StdoutLine: {'line': b'-- Up-to-date: /home/aya/ros2_ws/install/person_msgs/share/person_msgs/cmake/person_msgsConfig-version.cmake\n'}
[0.892411] (person_msgs) StdoutLine: {'line': b'-- Up-to-date: /home/aya/ros2_ws/install/person_msgs/share/person_msgs/package.xml\n'}
[0.893360] (person_msgs) CommandEnded: {'returncode': 0}
[0.910073] (-) TimerEvent: {}
[0.979083] (mypkg) StdoutLine: {'line': b'running egg_info\n'}
[0.980114] (mypkg) StdoutLine: {'line': b'writing ../../build/mypkg/mypkg.egg-info/PKG-INFO\n'}
[0.980615] (mypkg) StdoutLine: {'line': b'writing dependency_links to ../../build/mypkg/mypkg.egg-info/dependency_links.txt\n'}
[0.981239] (mypkg) StdoutLine: {'line': b'writing entry points to ../../build/mypkg/mypkg.egg-info/entry_points.txt\n'}
[0.981352] (mypkg) StdoutLine: {'line': b'writing requirements to ../../build/mypkg/mypkg.egg-info/requires.txt\n'}
[0.981604] (mypkg) StdoutLine: {'line': b'writing top-level names to ../../build/mypkg/mypkg.egg-info/top_level.txt\n'}
[0.983427] (mypkg) StdoutLine: {'line': b"reading manifest file '../../build/mypkg/mypkg.egg-info/SOURCES.txt'\n"}
[0.984263] (mypkg) StdoutLine: {'line': b"writing manifest file '../../build/mypkg/mypkg.egg-info/SOURCES.txt'\n"}
[0.985073] (mypkg) StdoutLine: {'line': b'running build\n'}
[0.985210] (mypkg) StdoutLine: {'line': b'running build_py\n'}
[0.985627] (mypkg) StdoutLine: {'line': b'running install\n'}
[0.986015] (mypkg) StderrLine: {'line': b'/usr/lib/python3/dist-packages/setuptools/command/install.py:34: SetuptoolsDeprecationWarning: setup.py install is deprecated. Use build and pip and other standards-based tools.\n'}
[0.986299] (mypkg) StderrLine: {'line': b'  warnings.warn(\n'}
[0.986516] (mypkg) StdoutLine: {'line': b'running install_lib\n'}
[0.987692] (mypkg) StdoutLine: {'line': b'running install_data\n'}
[0.988191] (mypkg) StdoutLine: {'line': b'running install_egg_info\n'}
[0.990286] (mypkg) StdoutLine: {'line': b"removing '/home/aya/ros2_ws/install/mypkg/lib/python3.10/site-packages/mypkg-0.0.0-py3.10.egg-info' (and everything under it)\n"}
[0.990569] (mypkg) StdoutLine: {'line': b'Copying ../../build/mypkg/mypkg.egg-info to /home/aya/ros2_ws/install/mypkg/lib/python3.10/site-packages/mypkg-0.0.0-py3.10.egg-info\n'}
[0.991806] (mypkg) StdoutLine: {'line': b'running install_scripts\n'}
[1.010293] (-) TimerEvent: {}
[1.016284] (mypkg) StdoutLine: {'line': b'Installing listener script to /home/aya/ros2_ws/install/mypkg/lib/mypkg\n'}
[1.016507] (mypkg) StdoutLine: {'line': b'Installing talker script to /home/aya/ros2_ws/install/mypkg/lib/mypkg\n'}
[1.016977] (mypkg) StdoutLine: {'line': b"writing list of installed files to '/home/aya/ros2_ws/build/mypkg/install.log'\n"}
[1.086734] (person_msgs) JobEnded: {'identifier': 'person_msgs', 'rc': 0}
[1.088727] (mypkg) CommandEnded: {'returncode': 0}
[1.111180] (-) TimerEvent: {}
[1.127330] (mypkg) JobEnded: {'identifier': 'mypkg', 'rc': 0}
[1.128664] (-) EventReactorShutdown: {}
