[0.000000] (-) TimerEvent: {}
[0.000628] (mypkg) JobQueued: {'identifier': 'mypkg', 'dependencies': OrderedDict()}
[0.001151] (person_msgs) JobQueued: {'identifier': 'person_msgs', 'dependencies': OrderedDict()}
[0.001215] (mypkg) JobStarted: {'identifier': 'mypkg'}
[0.063510] (person_msgs) JobStarted: {'identifier': 'person_msgs'}
[0.100281] (-) TimerEvent: {}
[0.207984] (-) TimerEvent: {}
[0.315484] (-) TimerEvent: {}
[0.414598] (person_msgs) JobProgress: {'identifier': 'person_msgs', 'progress': 'cmake'}
[0.415332] (person_msgs) JobProgress: {'identifier': 'person_msgs', 'progress': 'build'}
[0.416416] (person_msgs) Command: {'cmd': ['/usr/bin/cmake', '--build', '/home/aya/ros2_ws/build/person_msgs', '--', '-j8', '-l8'], 'cwd': '/home/aya/ros2_ws/build/person_msgs', 'env': OrderedDict([('USER', 'aya'), ('SHLVL', '1'), ('LD_LIBRARY_PATH', '/home/aya/ros2_ws/install/person_msgs/lib:/opt/ros/humble/opt/rviz_ogre_vendor/lib:/opt/ros/humble/lib/x86_64-linux-gnu:/opt/ros/humble/lib'), ('HOME', '/home/aya'), ('OLDPWD', '/home/aya/ros2_ws/src/person_msgs'), ('ROS_PYTHON_VERSION', '3'), ('DBUS_SESSION_BUS_ADDRESS', 'unix:path=/run/user/1000/bus'), ('WSL_DISTRO_NAME', 'Ubuntu'), ('WAYLAND_DISPLAY', 'wayland-0'), ('COLCON_PREFIX_PATH', '/home/aya/ros2_ws/install'), ('ROS_DISTRO', 'humble'), ('LOGNAME', 'aya'), ('NAME', 'ayaka'), ('WSL_INTEROP', '/run/WSL/19807_interop'), ('PULSE_SERVER', 'unix:/mnt/wslg/PulseServer'), ('_', '/usr/bin/colcon'), ('ROS_VERSION', '2'), ('TERM', 'xterm-256color'), ('ROS_LOCALHOST_ONLY', '1'), ('PATH', '/opt/ros/humble/bin:/usr/local/sbin:/usr/local/bin:/usr/sbin:/usr/bin:/sbin:/bin:/usr/games:/usr/local/games:/usr/lib/wsl/lib:/mnt/c/WINDOWS/system32:/mnt/c/WINDOWS:/mnt/c/WINDOWS/System32/Wbem:/mnt/c/WINDOWS/System32/WindowsPowerShell/v1.0/:/mnt/c/WINDOWS/System32/OpenSSH/:/mnt/c/Program Files/dotnet/:/mnt/c/Program Files/MATLAB/R2023a/bin:/mnt/c/Users/koriz/AppData/Local/Microsoft/WindowsApps:/mnt/c/Users/koriz/AppData/Local/Programs/Microsoft VS Code/bin:/snap/bin'), ('XDG_RUNTIME_DIR', '/run/user/1000/'), ('DISPLAY', ':0'), ('LANG', 'C.UTF-8'), ('AMENT_PREFIX_PATH', '/home/aya/ros2_ws/install/person_msgs:/home/aya/ros2_ws/install/mypkg:/opt/ros/humble'), ('SHELL', '/bin/bash'), ('PWD', '/home/aya/ros2_ws/build/person_msgs'), ('XDG_DATA_DIRS', '/usr/local/share:/usr/share:/var/lib/snapd/desktop'), ('PYTHONPATH', '/home/aya/ros2_ws/install/person_msgs/local/lib/python3.10/dist-packages:/home/aya/ros2_ws/install/mypkg/lib/python3.10/site-packages:/opt/ros/humble/lib/python3.10/site-packages:/opt/ros/humble/local/lib/python3.10/dist-packages'), ('COLCON', '1'), ('WSL2_GUI_APPS_ENABLED', '1'), ('HOSTTYPE', 'x86_64'), ('CMAKE_PREFIX_PATH', '/home/aya/ros2_ws/install/person_msgs:/home/aya/ros2_ws/install/mypkg:/opt/ros/humble'), ('WSLENV', '')]), 'shell': False}
[0.421020] (-) TimerEvent: {}
[0.443316] (person_msgs) StdoutLine: {'line': b'-- Found ament_cmake: 1.3.6 (/opt/ros/humble/share/ament_cmake/cmake)\n'}
[0.522587] (-) TimerEvent: {}
[0.601436] (person_msgs) StdoutLine: {'line': b'-- Found rosidl_default_generators: 1.2.0 (/opt/ros/humble/share/rosidl_default_generators/cmake)\n'}
[0.603159] (person_msgs) StdoutLine: {'line': b'-- Using all available rosidl_typesupport_c: rosidl_typesupport_fastrtps_c;rosidl_typesupport_introspection_c\n'}
[0.605847] (person_msgs) StdoutLine: {'line': b'-- Found rosidl_adapter: 3.1.5 (/opt/ros/humble/share/rosidl_adapter/cmake)\n'}
[0.623479] (-) TimerEvent: {}
[0.724492] (-) TimerEvent: {}
[0.748389] (mypkg) Command: {'cmd': ['/usr/bin/python3', 'setup.py', 'egg_info', '--egg-base', '../../build/mypkg', 'build', '--build-base', '/home/aya/ros2_ws/build/mypkg/build', 'install', '--record', '/home/aya/ros2_ws/build/mypkg/install.log', '--single-version-externally-managed'], 'cwd': '/home/aya/ros2_ws/src/mypkg', 'env': {'USER': 'aya', 'SHLVL': '1', 'LD_LIBRARY_PATH': '/home/aya/ros2_ws/install/person_msgs/lib:/opt/ros/humble/opt/rviz_ogre_vendor/lib:/opt/ros/humble/lib/x86_64-linux-gnu:/opt/ros/humble/lib', 'HOME': '/home/aya', 'OLDPWD': '/home/aya/ros2_ws/src/person_msgs', 'ROS_PYTHON_VERSION': '3', 'DBUS_SESSION_BUS_ADDRESS': 'unix:path=/run/user/1000/bus', 'WSL_DISTRO_NAME': 'Ubuntu', 'WAYLAND_DISPLAY': 'wayland-0', 'COLCON_PREFIX_PATH': '/home/aya/ros2_ws/install', 'ROS_DISTRO': 'humble', 'LOGNAME': 'aya', 'NAME': 'ayaka', 'WSL_INTEROP': '/run/WSL/19807_interop', 'PULSE_SERVER': 'unix:/mnt/wslg/PulseServer', '_': '/usr/bin/colcon', 'ROS_VERSION': '2', 'TERM': 'xterm-256color', 'ROS_LOCALHOST_ONLY': '1', 'PATH': '/opt/ros/humble/bin:/usr/local/sbin:/usr/local/bin:/usr/sbin:/usr/bin:/sbin:/bin:/usr/games:/usr/local/games:/usr/lib/wsl/lib:/mnt/c/WINDOWS/system32:/mnt/c/WINDOWS:/mnt/c/WINDOWS/System32/Wbem:/mnt/c/WINDOWS/System32/WindowsPowerShell/v1.0/:/mnt/c/WINDOWS/System32/OpenSSH/:/mnt/c/Program Files/dotnet/:/mnt/c/Program Files/MATLAB/R2023a/bin:/mnt/c/Users/koriz/AppData/Local/Microsoft/WindowsApps:/mnt/c/Users/koriz/AppData/Local/Programs/Microsoft VS Code/bin:/snap/bin', 'XDG_RUNTIME_DIR': '/run/user/1000/', 'DISPLAY': ':0', 'LANG': 'C.UTF-8', 'AMENT_PREFIX_PATH': '/home/aya/ros2_ws/install/person_msgs:/home/aya/ros2_ws/install/mypkg:/opt/ros/humble', 'SHELL': '/bin/bash', 'PWD': '/home/aya/ros2_ws/build/mypkg', 'XDG_DATA_DIRS': '/usr/local/share:/usr/share:/var/lib/snapd/desktop', 'PYTHONPATH': '/home/aya/ros2_ws/build/mypkg/prefix_override:/home/aya/ros2_ws/install/mypkg/lib/python3.10/site-packages:/home/aya/ros2_ws/install/person_msgs/local/lib/python3.10/dist-packages:/home/aya/ros2_ws/install/mypkg/lib/python3.10/site-packages:/opt/ros/humble/lib/python3.10/site-packages:/opt/ros/humble/local/lib/python3.10/dist-packages', 'COLCON': '1', 'WSL2_GUI_APPS_ENABLED': '1', 'HOSTTYPE': 'x86_64', 'CMAKE_PREFIX_PATH': '/home/aya/ros2_ws/install/person_msgs', 'WSLENV': ''}, 'shell': False}
[0.785608] (person_msgs) StdoutLine: {'line': b'-- Using all available rosidl_typesupport_cpp: rosidl_typesupport_fastrtps_cpp;rosidl_typesupport_introspection_cpp\n'}
[0.827843] (-) TimerEvent: {}
[0.928695] (-) TimerEvent: {}
[0.977412] (mypkg) StdoutLine: {'line': b'running egg_info\n'}
[0.978537] (mypkg) StdoutLine: {'line': b'writing ../../build/mypkg/mypkg.egg-info/PKG-INFO\n'}
[0.979042] (mypkg) StdoutLine: {'line': b'writing dependency_links to ../../build/mypkg/mypkg.egg-info/dependency_links.txt\n'}
[0.979328] (mypkg) StdoutLine: {'line': b'writing entry points to ../../build/mypkg/mypkg.egg-info/entry_points.txt\n'}
[0.979675] (mypkg) StdoutLine: {'line': b'writing requirements to ../../build/mypkg/mypkg.egg-info/requires.txt\n'}
[0.980141] (mypkg) StdoutLine: {'line': b'writing top-level names to ../../build/mypkg/mypkg.egg-info/top_level.txt\n'}
[0.981659] (mypkg) StdoutLine: {'line': b"reading manifest file '../../build/mypkg/mypkg.egg-info/SOURCES.txt'\n"}
[0.982475] (mypkg) StdoutLine: {'line': b"writing manifest file '../../build/mypkg/mypkg.egg-info/SOURCES.txt'\n"}
[0.982683] (mypkg) StdoutLine: {'line': b'running build\n'}
[0.982784] (mypkg) StdoutLine: {'line': b'running build_py\n'}
[0.983117] (mypkg) StdoutLine: {'line': b'running install\n'}
[0.983393] (mypkg) StderrLine: {'line': b'/usr/lib/python3/dist-packages/setuptools/command/install.py:34: SetuptoolsDeprecationWarning: setup.py install is deprecated. Use build and pip and other standards-based tools.\n'}
[0.983539] (mypkg) StderrLine: {'line': b'  warnings.warn(\n'}
[0.983777] (mypkg) StdoutLine: {'line': b'running install_lib\n'}
[0.985143] (mypkg) StdoutLine: {'line': b'byte-compiling /home/aya/ros2_ws/install/mypkg/lib/python3.10/site-packages/mypkg/listener.py to listener.cpython-310.pyc\n'}
[0.985519] (mypkg) StderrLine: {'line': b'Sorry: IndentationError: unexpected indent (listener.py, line 16)\n'}
[0.985654] (mypkg) StdoutLine: {'line': b'running install_data\n'}
[0.986142] (mypkg) StdoutLine: {'line': b'running install_egg_info\n'}
[0.987847] (mypkg) StdoutLine: {'line': b"removing '/home/aya/ros2_ws/install/mypkg/lib/python3.10/site-packages/mypkg-0.0.0-py3.10.egg-info' (and everything under it)\n"}
[0.988246] (mypkg) StdoutLine: {'line': b'Copying ../../build/mypkg/mypkg.egg-info to /home/aya/ros2_ws/install/mypkg/lib/python3.10/site-packages/mypkg-0.0.0-py3.10.egg-info\n'}
[0.989159] (mypkg) StdoutLine: {'line': b'running install_scripts\n'}
[1.006251] (person_msgs) StderrLine: {'line': b'\x1b[31mCMake Error at /opt/ros/humble/share/rosidl_adapter/cmake/rosidl_adapt_interfaces.cmake:59 (message):\n'}
[1.006535] (person_msgs) StderrLine: {'line': b'  execute_process(/usr/bin/python3.10 -m rosidl_adapter --package-name\n'}
[1.006693] (person_msgs) StderrLine: {'line': b'  person_msgs --arguments-file\n'}
[1.006883] (person_msgs) StderrLine: {'line': b'  /home/aya/ros2_ws/build/person_msgs/rosidl_adapter__arguments__person_msgs.json\n'}
[1.007071] (person_msgs) StderrLine: {'line': b'  --output-dir /home/aya/ros2_ws/build/person_msgs/rosidl_adapter/person_msgs\n'}
[1.007227] (person_msgs) StderrLine: {'line': b'  --output-file\n'}
[1.007519] (person_msgs) StderrLine: {'line': b'  /home/aya/ros2_ws/build/person_msgs/rosidl_adapter/person_msgs.idls)\n'}
[1.007632] (person_msgs) StderrLine: {'line': b'  returned error code 1:\n'}
[1.007708] (person_msgs) StderrLine: {'line': b'\n'}
[1.007774] (person_msgs) StderrLine: {'line': b'  Traceback (most recent call last):\n'}
[1.007825] (person_msgs) StderrLine: {'line': b'\n'}
[1.007872] (person_msgs) StderrLine: {'line': b'    File "/usr/lib/python3.10/runpy.py", line 196, in _run_module_as_main\n'}
[1.007920] (person_msgs) StderrLine: {'line': b'      return _run_code(code, main_globals, None,\n'}
[1.007967] (person_msgs) StderrLine: {'line': b'    File "/usr/lib/python3.10/runpy.py", line 86, in _run_code\n'}
[1.008013] (person_msgs) StderrLine: {'line': b'      exec(code, run_globals)\n'}
[1.008060] (person_msgs) StderrLine: {'line': b'    File "/opt/ros/humble/local/lib/python3.10/dist-packages/rosidl_adapter/__main__.py", line 19, in <module>\n'}
[1.008107] (person_msgs) StderrLine: {'line': b'      sys.exit(main())\n'}
[1.008153] (person_msgs) StderrLine: {'line': b'    File "/opt/ros/humble/local/lib/python3.10/dist-packages/rosidl_adapter/main.py", line 53, in main\n'}
[1.008224] (person_msgs) StderrLine: {'line': b'      abs_idl_file = convert_to_idl(\n'}
[1.008287] (person_msgs) StderrLine: {'line': b'    File "/opt/ros/humble/local/lib/python3.10/dist-packages/rosidl_adapter/__init__.py", line 24, in convert_to_idl\n'}
[1.008335] (person_msgs) StderrLine: {'line': b'      return convert_srv_to_idl(\n'}
[1.008382] (person_msgs) StderrLine: {'line': b'    File "/opt/ros/humble/local/lib/python3.10/dist-packages/rosidl_adapter/srv/__init__.py", line 28, in convert_srv_to_idl\n'}
[1.008429] (person_msgs) StderrLine: {'line': b'      srv = parse_service_string(package_name, input_file.stem, content)\n'}
[1.008475] (person_msgs) StderrLine: {'line': b'    File "/opt/ros/humble/local/lib/python3.10/dist-packages/rosidl_adapter/parser.py", line 850, in parse_service_string\n'}
[1.008522] (person_msgs) StderrLine: {'line': b'      raise InvalidServiceSpecification(\n'}
[1.008566] (person_msgs) StderrLine: {'line': b'\n'}
[1.008612] (person_msgs) StderrLine: {'line': b'  rosidl_adapter.parser.InvalidServiceSpecification: Could not find separator\n'}
[1.008656] (person_msgs) StderrLine: {'line': b"  '---' between request and response\n"}
[1.008701] (person_msgs) StderrLine: {'line': b'\n'}
[1.008746] (person_msgs) StderrLine: {'line': b'Call Stack (most recent call first):\n'}
[1.008791] (person_msgs) StderrLine: {'line': b'  /opt/ros/humble/share/rosidl_cmake/cmake/rosidl_generate_interfaces.cmake:130 (rosidl_adapt_interfaces)\n'}
[1.008836] (person_msgs) StderrLine: {'line': b'  CMakeLists.txt:11 (rosidl_generate_interfaces)\n'}
[1.008880] (person_msgs) StderrLine: {'line': b'\n'}
[1.008925] (person_msgs) StderrLine: {'line': b'\x1b[0m\n'}
[1.008970] (person_msgs) StdoutLine: {'line': b'-- Configuring incomplete, errors occurred!\n'}
[1.009023] (person_msgs) StdoutLine: {'line': b'See also "/home/aya/ros2_ws/build/person_msgs/CMakeFiles/CMakeOutput.log".\n'}
[1.013865] (person_msgs) StderrLine: {'line': b'gmake: *** [Makefile:747: cmake_check_build_system] Error 1\n'}
[1.015881] (person_msgs) CommandEnded: {'returncode': 2}
[1.018170] (mypkg) StdoutLine: {'line': b'Installing listener script to /home/aya/ros2_ws/install/mypkg/lib/mypkg\n'}
[1.018518] (mypkg) StdoutLine: {'line': b'Installing talker script to /home/aya/ros2_ws/install/mypkg/lib/mypkg\n'}
[1.018987] (mypkg) StdoutLine: {'line': b"writing list of installed files to '/home/aya/ros2_ws/build/mypkg/install.log'\n"}
[1.029278] (-) TimerEvent: {}
[1.047614] (mypkg) CommandEnded: {'returncode': 0}
[1.096715] (mypkg) JobEnded: {'identifier': 'mypkg', 'rc': 0}
[1.130157] (-) TimerEvent: {}
[1.162398] (person_msgs) JobEnded: {'identifier': 'person_msgs', 'rc': 2}
[1.174094] (-) EventReactorShutdown: {}
