[0.875s] Invoking command in '/home/aya/ros2_ws/src/mypkg': PYTHONPATH=/home/aya/ros2_ws/build/mypkg/prefix_override:/home/aya/ros2_ws/install/mypkg/lib/python3.10/site-packages:${PYTHONPATH} /usr/bin/python3 setup.py egg_info --egg-base ../../build/mypkg build --build-base /home/aya/ros2_ws/build/mypkg/build install --record /home/aya/ros2_ws/build/mypkg/install.log --single-version-externally-managed
[1.117s] running egg_info
[1.117s] writing ../../build/mypkg/mypkg.egg-info/PKG-INFO
[1.118s] writing dependency_links to ../../build/mypkg/mypkg.egg-info/dependency_links.txt
[1.118s] writing entry points to ../../build/mypkg/mypkg.egg-info/entry_points.txt
[1.118s] writing requirements to ../../build/mypkg/mypkg.egg-info/requires.txt
[1.119s] writing top-level names to ../../build/mypkg/mypkg.egg-info/top_level.txt
[1.121s] reading manifest file '../../build/mypkg/mypkg.egg-info/SOURCES.txt'
[1.122s] writing manifest file '../../build/mypkg/mypkg.egg-info/SOURCES.txt'
[1.122s] running build
[1.123s] running build_py
[1.123s] running install
[1.123s] /usr/lib/python3/dist-packages/setuptools/command/install.py:34: SetuptoolsDeprecationWarning: setup.py install is deprecated. Use build and pip and other standards-based tools.
[1.123s]   warnings.warn(
[1.123s] running install_lib
[1.125s] running install_data
[1.126s] running install_egg_info
[1.128s] removing '/home/aya/ros2_ws/install/mypkg/lib/python3.10/site-packages/mypkg-0.0.0-py3.10.egg-info' (and everything under it)
[1.129s] Copying ../../build/mypkg/mypkg.egg-info to /home/aya/ros2_ws/install/mypkg/lib/python3.10/site-packages/mypkg-0.0.0-py3.10.egg-info
[1.131s] running install_scripts
[1.157s] Installing listener script to /home/aya/ros2_ws/install/mypkg/lib/mypkg
[1.158s] Installing talker script to /home/aya/ros2_ws/install/mypkg/lib/mypkg
[1.158s] writing list of installed files to '/home/aya/ros2_ws/build/mypkg/install.log'
[1.189s] Invoked command in '/home/aya/ros2_ws/src/mypkg' returned '0': PYTHONPATH=/home/aya/ros2_ws/build/mypkg/prefix_override:/home/aya/ros2_ws/install/mypkg/lib/python3.10/site-packages:${PYTHONPATH} /usr/bin/python3 setup.py egg_info --egg-base ../../build/mypkg build --build-base /home/aya/ros2_ws/build/mypkg/build install --record /home/aya/ros2_ws/build/mypkg/install.log --single-version-externally-managed
