[0.872s] Invoking command in '/home/aya/ros2_ws/src/mypkg': PYTHONPATH=/home/aya/ros2_ws/build/mypkg/prefix_override:/home/aya/ros2_ws/install/mypkg/lib/python3.10/site-packages:${PYTHONPATH} /usr/bin/python3 setup.py egg_info --egg-base ../../build/mypkg build --build-base /home/aya/ros2_ws/build/mypkg/build install --record /home/aya/ros2_ws/build/mypkg/install.log --single-version-externally-managed
[1.092s] running egg_info
[1.093s] writing ../../build/mypkg/mypkg.egg-info/PKG-INFO
[1.093s] writing dependency_links to ../../build/mypkg/mypkg.egg-info/dependency_links.txt
[1.093s] writing entry points to ../../build/mypkg/mypkg.egg-info/entry_points.txt
[1.093s] writing requirements to ../../build/mypkg/mypkg.egg-info/requires.txt
[1.094s] writing top-level names to ../../build/mypkg/mypkg.egg-info/top_level.txt
[1.094s] reading manifest file '../../build/mypkg/mypkg.egg-info/SOURCES.txt'
[1.095s] writing manifest file '../../build/mypkg/mypkg.egg-info/SOURCES.txt'
[1.095s] running build
[1.096s] running build_py
[1.096s] running install
[1.097s] /usr/lib/python3/dist-packages/setuptools/command/install.py:34: SetuptoolsDeprecationWarning: setup.py install is deprecated. Use build and pip and other standards-based tools.
[1.097s]   warnings.warn(
[1.097s] running install_lib
[1.099s] running install_data
[1.099s] running install_egg_info
[1.101s] removing '/home/aya/ros2_ws/install/mypkg/lib/python3.10/site-packages/mypkg-0.0.0-py3.10.egg-info' (and everything under it)
[1.101s] Copying ../../build/mypkg/mypkg.egg-info to /home/aya/ros2_ws/install/mypkg/lib/python3.10/site-packages/mypkg-0.0.0-py3.10.egg-info
[1.103s] running install_scripts
[1.126s] Installing listener script to /home/aya/ros2_ws/install/mypkg/lib/mypkg
[1.127s] Installing talker script to /home/aya/ros2_ws/install/mypkg/lib/mypkg
[1.127s] writing list of installed files to '/home/aya/ros2_ws/build/mypkg/install.log'
[1.152s] Invoked command in '/home/aya/ros2_ws/src/mypkg' returned '0': PYTHONPATH=/home/aya/ros2_ws/build/mypkg/prefix_override:/home/aya/ros2_ws/install/mypkg/lib/python3.10/site-packages:${PYTHONPATH} /usr/bin/python3 setup.py egg_info --egg-base ../../build/mypkg build --build-base /home/aya/ros2_ws/build/mypkg/build install --record /home/aya/ros2_ws/build/mypkg/install.log --single-version-externally-managed
