[0.314s] Invoking command in '/home/aya/ros2_ws/build/person_msgs': CMAKE_PREFIX_PATH=${CMAKE_PREFIX_PATH}:/home/aya/ros2_ws/install/mypkg:/opt/ros/humble /usr/bin/cmake --build /home/aya/ros2_ws/build/person_msgs -- -j8 -l8
[0.334s] -- Found ament_cmake: 1.3.6 (/opt/ros/humble/share/ament_cmake/cmake)
[0.484s] -- Found ament_lint_auto: 0.12.9 (/opt/ros/humble/share/ament_lint_auto/cmake)
[0.484s] -- Found rosidl_default_generators: 1.2.0 (/opt/ros/humble/share/rosidl_default_generators/cmake)
[0.486s] -- Using all available rosidl_typesupport_c: rosidl_typesupport_fastrtps_c;rosidl_typesupport_introspection_c
[0.489s] -- Found rosidl_adapter: 3.1.5 (/opt/ros/humble/share/rosidl_adapter/cmake)
[0.634s] -- Using all available rosidl_typesupport_cpp: rosidl_typesupport_fastrtps_cpp;rosidl_typesupport_introspection_cpp
[0.826s] [31mCMake Error at /opt/ros/humble/share/rosidl_adapter/cmake/rosidl_adapt_interfaces.cmake:59 (message):
[0.826s]   execute_process(/usr/bin/python3.10 -m rosidl_adapter --package-name
[0.826s]   person_msgs --arguments-file
[0.826s]   /home/aya/ros2_ws/build/person_msgs/rosidl_adapter__arguments__person_msgs.json
[0.826s]   --output-dir /home/aya/ros2_ws/build/person_msgs/rosidl_adapter/person_msgs
[0.826s]   --output-file
[0.826s]   /home/aya/ros2_ws/build/person_msgs/rosidl_adapter/person_msgs.idls)
[0.826s]   returned error code 1:
[0.826s] 
[0.826s]   Error processing 'tring name' of 'person_msgs/Query_Request': ''tring' is
[0.827s]   an invalid message name.  It should have the pattern '^[A-Z][A-Za-z0-9]*$''
[0.827s] 
[0.827s]   Traceback (most recent call last):
[0.827s] 
[0.827s]     File "/usr/lib/python3.10/runpy.py", line 196, in _run_module_as_main
[0.827s]       return _run_code(code, main_globals, None,
[0.827s]     File "/usr/lib/python3.10/runpy.py", line 86, in _run_code
[0.827s]       exec(code, run_globals)
[0.827s]     File "/opt/ros/humble/local/lib/python3.10/dist-packages/rosidl_adapter/__main__.py", line 19, in <module>
[0.827s]       sys.exit(main())
[0.827s]     File "/opt/ros/humble/local/lib/python3.10/dist-packages/rosidl_adapter/main.py", line 53, in main
[0.827s]       abs_idl_file = convert_to_idl(
[0.827s]     File "/opt/ros/humble/local/lib/python3.10/dist-packages/rosidl_adapter/__init__.py", line 24, in convert_to_idl
[0.827s]       return convert_srv_to_idl(
[0.827s]     File "/opt/ros/humble/local/lib/python3.10/dist-packages/rosidl_adapter/srv/__init__.py", line 28, in convert_srv_to_idl
[0.828s]       srv = parse_service_string(package_name, input_file.stem, content)
[0.828s]     File "/opt/ros/humble/local/lib/python3.10/dist-packages/rosidl_adapter/parser.py", line 859, in parse_service_string
[0.828s]       request_message = parse_message_string(
[0.828s]     File "/opt/ros/humble/local/lib/python3.10/dist-packages/rosidl_adapter/parser.py", line 520, in parse_message_string
[0.828s]       Type(type_string, context_package_name=pkg_name),
[0.828s]     File "/opt/ros/humble/local/lib/python3.10/dist-packages/rosidl_adapter/parser.py", line 277, in __init__
[0.828s]       super(Type, self).__init__(
[0.828s]     File "/opt/ros/humble/local/lib/python3.10/dist-packages/rosidl_adapter/parser.py", line 205, in __init__
[0.828s]       raise InvalidResourceName(
[0.828s] 
[0.828s]   rosidl_adapter.parser.InvalidResourceName: 'tring' is an invalid message
[0.828s]   name.  It should have the pattern '^[A-Z][A-Za-z0-9]*$'
[0.828s] 
[0.828s] Call Stack (most recent call first):
[0.829s]   /opt/ros/humble/share/rosidl_cmake/cmake/rosidl_generate_interfaces.cmake:130 (rosidl_adapt_interfaces)
[0.829s]   CMakeLists.txt:16 (rosidl_generate_interfaces)
[0.829s] 
[0.829s] [0m
[0.829s] -- Configuring incomplete, errors occurred!
[0.829s] See also "/home/aya/ros2_ws/build/person_msgs/CMakeFiles/CMakeOutput.log".
[0.832s] gmake: *** [Makefile:747: cmake_check_build_system] Error 1
[0.834s] Invoked command in '/home/aya/ros2_ws/build/person_msgs' returned '2': CMAKE_PREFIX_PATH=${CMAKE_PREFIX_PATH}:/home/aya/ros2_ws/install/mypkg:/opt/ros/humble /usr/bin/cmake --build /home/aya/ros2_ws/build/person_msgs -- -j8 -l8
