[0.000000] (-) TimerEvent: {}
[0.000678] (mypkg) JobQueued: {'identifier': 'mypkg', 'dependencies': OrderedDict()}
[0.000739] (person_msgs) JobQueued: {'identifier': 'person_msgs', 'dependencies': OrderedDict()}
[0.000787] (mypkg) JobStarted: {'identifier': 'mypkg'}
[0.058275] (person_msgs) JobStarted: {'identifier': 'person_msgs'}
[0.100761] (-) TimerEvent: {}
[0.201749] (-) TimerEvent: {}
[0.310453] (-) TimerEvent: {}
[0.374522] (person_msgs) JobProgress: {'identifier': 'person_msgs', 'progress': 'cmake'}
[0.375585] (person_msgs) JobProgress: {'identifier': 'person_msgs', 'progress': 'build'}
[0.376745] (person_msgs) Command: {'cmd': ['/usr/bin/cmake', '--build', '/home/aya/ros2_ws/build/person_msgs', '--', '-j8', '-l8'], 'cwd': '/home/aya/ros2_ws/build/person_msgs', 'env': OrderedDict([('USER', 'aya'), ('SHLVL', '1'), ('LD_LIBRARY_PATH', '/home/aya/ros2_ws/install/person_msgs/lib:/opt/ros/humble/opt/rviz_ogre_vendor/lib:/opt/ros/humble/lib/x86_64-linux-gnu:/opt/ros/humble/lib'), ('HOME', '/home/aya'), ('OLDPWD', '/home/aya/ros2_ws/src/mypkg/launch'), ('ROS_PYTHON_VERSION', '3'), ('DBUS_SESSION_BUS_ADDRESS', 'unix:path=/run/user/1000/bus'), ('WSL_DISTRO_NAME', 'Ubuntu'), ('WAYLAND_DISPLAY', 'wayland-0'), ('COLCON_PREFIX_PATH', '/home/aya/ros2_ws/install'), ('ROS_DISTRO', 'humble'), ('LOGNAME', 'aya'), ('NAME', 'ayaka'), ('WSL_INTEROP', '/run/WSL/1721_interop'), ('PULSE_SERVER', 'unix:/mnt/wslg/PulseServer'), ('_', '/usr/bin/colcon'), ('ROS_VERSION', '2'), ('TERM', 'xterm-256color'), ('ROS_LOCALHOST_ONLY', '1'), ('PATH', '/opt/ros/humble/bin:/usr/local/sbin:/usr/local/bin:/usr/sbin:/usr/bin:/sbin:/bin:/usr/games:/usr/local/games:/usr/lib/wsl/lib:/mnt/c/WINDOWS/system32:/mnt/c/WINDOWS:/mnt/c/WINDOWS/System32/Wbem:/mnt/c/WINDOWS/System32/WindowsPowerShell/v1.0/:/mnt/c/WINDOWS/System32/OpenSSH/:/mnt/c/Program Files/dotnet/:/mnt/c/Program Files/MATLAB/R2023a/bin:/mnt/c/Users/koriz/AppData/Local/Microsoft/WindowsApps:/mnt/c/Users/koriz/AppData/Local/Programs/Microsoft VS Code/bin:/snap/bin'), ('XDG_RUNTIME_DIR', '/run/user/1000/'), ('DISPLAY', ':0'), ('LANG', 'C.UTF-8'), ('AMENT_PREFIX_PATH', '/home/aya/ros2_ws/install/person_msgs:/home/aya/ros2_ws/install/mypkg:/opt/ros/humble'), ('SHELL', '/bin/bash'), ('PWD', '/home/aya/ros2_ws/build/person_msgs'), ('XDG_DATA_DIRS', '/usr/local/share:/usr/share:/var/lib/snapd/desktop'), ('PYTHONPATH', '/home/aya/ros2_ws/install/person_msgs/local/lib/python3.10/dist-packages:/home/aya/ros2_ws/install/mypkg/lib/python3.10/site-packages:/opt/ros/humble/lib/python3.10/site-packages:/opt/ros/humble/local/lib/python3.10/dist-packages'), ('COLCON', '1'), ('WSL2_GUI_APPS_ENABLED', '1'), ('HOSTTYPE', 'x86_64'), ('CMAKE_PREFIX_PATH', '/home/aya/ros2_ws/install/person_msgs:/home/aya/ros2_ws/install/mypkg:/opt/ros/humble'), ('WSLENV', '')]), 'shell': False}
[0.412901] (-) TimerEvent: {}
[0.425638] (person_msgs) StdoutLine: {'line': b'[ 10%] Built target person_msgs__rosidl_generator_c\n'}
[0.426626] (person_msgs) StdoutLine: {'line': b'[ 12%] Built target person_msgs__cpp\n'}
[0.435021] (person_msgs) StdoutLine: {'line': b'[ 12%] Built target ament_cmake_python_copy_person_msgs\n'}
[0.448808] (person_msgs) StdoutLine: {'line': b'[ 23%] Built target person_msgs__rosidl_typesupport_c\n'}
[0.451615] (person_msgs) StdoutLine: {'line': b'[ 33%] Built target person_msgs__rosidl_typesupport_introspection_c\n'}
[0.453210] (person_msgs) StdoutLine: {'line': b'[ 43%] Built target person_msgs__rosidl_typesupport_fastrtps_cpp\n'}
[0.455466] (person_msgs) StdoutLine: {'line': b'[ 53%] Built target person_msgs__rosidl_typesupport_fastrtps_c\n'}
[0.456777] (person_msgs) StdoutLine: {'line': b'[ 64%] Built target person_msgs__rosidl_typesupport_introspection_cpp\n'}
[0.462749] (person_msgs) StdoutLine: {'line': b'[ 74%] Built target person_msgs__rosidl_typesupport_cpp\n'}
[0.484683] (person_msgs) StdoutLine: {'line': b'[ 74%] Built target person_msgs\n'}
[0.503206] (person_msgs) StdoutLine: {'line': b'[ 76%] Built target person_msgs__py\n'}
[0.513788] (-) TimerEvent: {}
[0.523223] (person_msgs) StdoutLine: {'line': b'[ 84%] Built target person_msgs__rosidl_generator_py\n'}
[0.608399] (person_msgs) StdoutLine: {'line': b'[ 94%] Built target person_msgs__rosidl_typesupport_introspection_c__pyext\n'}
[0.608650] (person_msgs) StdoutLine: {'line': b'[ 97%] Built target person_msgs__rosidl_typesupport_fastrtps_c__pyext\n'}
[0.608715] (person_msgs) StdoutLine: {'line': b'[100%] Built target person_msgs__rosidl_typesupport_c__pyext\n'}
[0.614357] (-) TimerEvent: {}
[0.691307] (person_msgs) StdoutLine: {'line': b'running egg_info\n'}
[0.692198] (person_msgs) StdoutLine: {'line': b'writing person_msgs.egg-info/PKG-INFO\n'}
[0.692464] (person_msgs) StdoutLine: {'line': b'writing dependency_links to person_msgs.egg-info/dependency_links.txt\n'}
[0.692897] (person_msgs) StdoutLine: {'line': b'writing top-level names to person_msgs.egg-info/top_level.txt\n'}
[0.695073] (person_msgs) StdoutLine: {'line': b"reading manifest file 'person_msgs.egg-info/SOURCES.txt'\n"}
[0.695684] (person_msgs) StdoutLine: {'line': b"writing manifest file 'person_msgs.egg-info/SOURCES.txt'\n"}
[0.714493] (-) TimerEvent: {}
[0.725867] (person_msgs) StdoutLine: {'line': b'[100%] Built target ament_cmake_python_build_person_msgs_egg\n'}
[0.739202] (mypkg) Command: {'cmd': ['/usr/bin/python3', 'setup.py', 'egg_info', '--egg-base', '../../build/mypkg', 'build', '--build-base', '/home/aya/ros2_ws/build/mypkg/build', 'install', '--record', '/home/aya/ros2_ws/build/mypkg/install.log', '--single-version-externally-managed'], 'cwd': '/home/aya/ros2_ws/src/mypkg', 'env': {'USER': 'aya', 'SHLVL': '1', 'LD_LIBRARY_PATH': '/home/aya/ros2_ws/install/person_msgs/lib:/opt/ros/humble/opt/rviz_ogre_vendor/lib:/opt/ros/humble/lib/x86_64-linux-gnu:/opt/ros/humble/lib', 'HOME': '/home/aya', 'OLDPWD': '/home/aya/ros2_ws/src/mypkg/launch', 'ROS_PYTHON_VERSION': '3', 'DBUS_SESSION_BUS_ADDRESS': 'unix:path=/run/user/1000/bus', 'WSL_DISTRO_NAME': 'Ubuntu', 'WAYLAND_DISPLAY': 'wayland-0', 'COLCON_PREFIX_PATH': '/home/aya/ros2_ws/install', 'ROS_DISTRO': 'humble', 'LOGNAME': 'aya', 'NAME': 'ayaka', 'WSL_INTEROP': '/run/WSL/1721_interop', 'PULSE_SERVER': 'unix:/mnt/wslg/PulseServer', '_': '/usr/bin/colcon', 'ROS_VERSION': '2', 'TERM': 'xterm-256color', 'ROS_LOCALHOST_ONLY': '1', 'PATH': '/opt/ros/humble/bin:/usr/local/sbin:/usr/local/bin:/usr/sbin:/usr/bin:/sbin:/bin:/usr/games:/usr/local/games:/usr/lib/wsl/lib:/mnt/c/WINDOWS/system32:/mnt/c/WINDOWS:/mnt/c/WINDOWS/System32/Wbem:/mnt/c/WINDOWS/System32/WindowsPowerShell/v1.0/:/mnt/c/WINDOWS/System32/OpenSSH/:/mnt/c/Program Files/dotnet/:/mnt/c/Program Files/MATLAB/R2023a/bin:/mnt/c/Users/koriz/AppData/Local/Microsoft/WindowsApps:/mnt/c/Users/koriz/AppData/Local/Programs/Microsoft VS Code/bin:/snap/bin', 'XDG_RUNTIME_DIR': '/run/user/1000/', 'DISPLAY': ':0', 'LANG': 'C.UTF-8', 'AMENT_PREFIX_PATH': '/home/aya/ros2_ws/install/person_msgs:/home/aya/ros2_ws/install/mypkg:/opt/ros/humble', 'SHELL': '/bin/bash', 'PWD': '/home/aya/ros2_ws/build/mypkg', 'XDG_DATA_DIRS': '/usr/local/share:/usr/share:/var/lib/snapd/desktop', 'PYTHONPATH': '/home/aya/ros2_ws/build/mypkg/prefix_override:/home/aya/ros2_ws/install/mypkg/lib/python3.10/site-packages:/home/aya/ros2_ws/install/person_msgs/local/lib/python3.10/dist-packages:/home/aya/ros2_ws/install/mypkg/lib/python3.10/site-packages:/opt/ros/humble/lib/python3.10/site-packages:/opt/ros/humble/local/lib/python3.10/dist-packages', 'COLCON': '1', 'WSL2_GUI_APPS_ENABLED': '1', 'HOSTTYPE': 'x86_64', 'CMAKE_PREFIX_PATH': '/home/aya/ros2_ws/install/person_msgs', 'WSLENV': ''}, 'shell': False}
[0.744127] (person_msgs) CommandEnded: {'returncode': 0}
[0.814609] (-) TimerEvent: {}
[0.824586] (person_msgs) JobProgress: {'identifier': 'person_msgs', 'progress': 'install'}
[0.831190] (person_msgs) Command: {'cmd': ['/usr/bin/cmake', '--install', '/home/aya/ros2_ws/build/person_msgs'], 'cwd': '/home/aya/ros2_ws/build/person_msgs', 'env': OrderedDict([('USER', 'aya'), ('SHLVL', '1'), ('LD_LIBRARY_PATH', '/home/aya/ros2_ws/install/person_msgs/lib:/opt/ros/humble/opt/rviz_ogre_vendor/lib:/opt/ros/humble/lib/x86_64-linux-gnu:/opt/ros/humble/lib'), ('HOME', '/home/aya'), ('OLDPWD', '/home/aya/ros2_ws/src/mypkg/launch'), ('ROS_PYTHON_VERSION', '3'), ('DBUS_SESSION_BUS_ADDRESS', 'unix:path=/run/user/1000/bus'), ('WSL_DISTRO_NAME', 'Ubuntu'), ('WAYLAND_DISPLAY', 'wayland-0'), ('COLCON_PREFIX_PATH', '/home/aya/ros2_ws/install'), ('ROS_DISTRO', 'humble'), ('LOGNAME', 'aya'), ('NAME', 'ayaka'), ('WSL_INTEROP', '/run/WSL/1721_interop'), ('PULSE_SERVER', 'unix:/mnt/wslg/PulseServer'), ('_', '/usr/bin/colcon'), ('ROS_VERSION', '2'), ('TERM', 'xterm-256color'), ('ROS_LOCALHOST_ONLY', '1'), ('PATH', '/opt/ros/humble/bin:/usr/local/sbin:/usr/local/bin:/usr/sbin:/usr/bin:/sbin:/bin:/usr/games:/usr/local/games:/usr/lib/wsl/lib:/mnt/c/WINDOWS/system32:/mnt/c/WINDOWS:/mnt/c/WINDOWS/System32/Wbem:/mnt/c/WINDOWS/System32/WindowsPowerShell/v1.0/:/mnt/c/WINDOWS/System32/OpenSSH/:/mnt/c/Program Files/dotnet/:/mnt/c/Program Files/MATLAB/R2023a/bin:/mnt/c/Users/koriz/AppData/Local/Microsoft/WindowsApps:/mnt/c/Users/koriz/AppData/Local/Programs/Microsoft VS Code/bin:/snap/bin'), ('XDG_RUNTIME_DIR', '/run/user/1000/'), ('DISPLAY', ':0'), ('LANG', 'C.UTF-8'), ('AMENT_PREFIX_PATH', '/home/aya/ros2_ws/install/person_msgs:/home/aya/ros2_ws/install/mypkg:/opt/ros/humble'), ('SHELL', '/bin/bash'), ('PWD', '/home/aya/ros2_ws/build/person_msgs'), ('XDG_DATA_DIRS', '/usr/local/share:/usr/share:/var/lib/snapd/desktop'), ('PYTHONPATH', '/home/aya/ros2_ws/install/person_msgs/local/lib/python3.10/dist-packages:/home/aya/ros2_ws/install/mypkg/lib/python3.10/site-packages:/opt/ros/humble/lib/python3.10/site-packages:/opt/ros/humble/local/lib/python3.10/dist-packages'), ('COLCON', '1'), ('WSL2_GUI_APPS_ENABLED', '1'), ('HOSTTYPE', 'x86_64'), ('CMAKE_PREFIX_PATH', '/home/aya/ros2_ws/install/person_msgs:/home/aya/ros2_ws/install/mypkg:/opt/ros/humble'), ('WSLENV', '')]), 'shell': False}
[0.840093] (person_msgs) StdoutLine: {'line': b'-- Install configuration: ""\n'}
[0.840665] (person_msgs) StdoutLine: {'line': b'-- Up-to-date: /home/aya/ros2_ws/install/person_msgs/share/ament_index/resource_index/rosidl_interfaces/person_msgs\n'}
[0.841289] (person_msgs) StdoutLine: {'line': b'-- Up-to-date: /home/aya/ros2_ws/install/person_msgs/include/person_msgs/person_msgs\n'}
[0.841485] (person_msgs) StdoutLine: {'line': b'-- Up-to-date: /home/aya/ros2_ws/install/person_msgs/include/person_msgs/person_msgs/msg\n'}
[0.841655] (person_msgs) StdoutLine: {'line': b'-- Up-to-date: /home/aya/ros2_ws/install/person_msgs/include/person_msgs/person_msgs/msg/detail\n'}
[0.841878] (person_msgs) StdoutLine: {'line': b'-- Up-to-date: /home/aya/ros2_ws/install/person_msgs/include/person_msgs/person_msgs/msg/detail/person__type_support.h\n'}
[0.842056] (person_msgs) StdoutLine: {'line': b'-- Up-to-date: /home/aya/ros2_ws/install/person_msgs/include/person_msgs/person_msgs/msg/detail/person__functions.c\n'}
[0.842224] (person_msgs) StdoutLine: {'line': b'-- Up-to-date: /home/aya/ros2_ws/install/person_msgs/include/person_msgs/person_msgs/msg/detail/person__functions.h\n'}
[0.842389] (person_msgs) StdoutLine: {'line': b'-- Up-to-date: /home/aya/ros2_ws/install/person_msgs/include/person_msgs/person_msgs/msg/detail/person__struct.h\n'}
[0.842554] (person_msgs) StdoutLine: {'line': b'-- Up-to-date: /home/aya/ros2_ws/install/person_msgs/include/person_msgs/person_msgs/msg/rosidl_generator_c__visibility_control.h\n'}
[0.842709] (person_msgs) StdoutLine: {'line': b'-- Up-to-date: /home/aya/ros2_ws/install/person_msgs/include/person_msgs/person_msgs/msg/person.h\n'}
[0.843487] (person_msgs) StdoutLine: {'line': b'-- Up-to-date: /home/aya/ros2_ws/install/person_msgs/include/person_msgs/person_msgs/srv\n'}
[0.843550] (person_msgs) StdoutLine: {'line': b'-- Up-to-date: /home/aya/ros2_ws/install/person_msgs/include/person_msgs/person_msgs/srv/query.h\n'}
[0.843603] (person_msgs) StdoutLine: {'line': b'-- Up-to-date: /home/aya/ros2_ws/install/person_msgs/include/person_msgs/person_msgs/srv/detail\n'}
[0.843655] (person_msgs) StdoutLine: {'line': b'-- Up-to-date: /home/aya/ros2_ws/install/person_msgs/include/person_msgs/person_msgs/srv/detail/query__type_support.h\n'}
[0.843737] (person_msgs) StdoutLine: {'line': b'-- Up-to-date: /home/aya/ros2_ws/install/person_msgs/include/person_msgs/person_msgs/srv/detail/query__functions.c\n'}
[0.843797] (person_msgs) StdoutLine: {'line': b'-- Up-to-date: /home/aya/ros2_ws/install/person_msgs/include/person_msgs/person_msgs/srv/detail/query__functions.h\n'}
[0.843858] (person_msgs) StdoutLine: {'line': b'-- Up-to-date: /home/aya/ros2_ws/install/person_msgs/include/person_msgs/person_msgs/srv/detail/query__struct.h\n'}
[0.843970] (person_msgs) StdoutLine: {'line': b'-- Up-to-date: /home/aya/ros2_ws/install/person_msgs/share/person_msgs/environment/library_path.sh\n'}
[0.844044] (person_msgs) StdoutLine: {'line': b'-- Up-to-date: /home/aya/ros2_ws/install/person_msgs/share/person_msgs/environment/library_path.dsv\n'}
[0.844110] (person_msgs) StdoutLine: {'line': b'-- Up-to-date: /home/aya/ros2_ws/install/person_msgs/lib/libperson_msgs__rosidl_generator_c.so\n'}
[0.844529] (person_msgs) StdoutLine: {'line': b'-- Up-to-date: /home/aya/ros2_ws/install/person_msgs/include/person_msgs/person_msgs\n'}
[0.844619] (person_msgs) StdoutLine: {'line': b'-- Up-to-date: /home/aya/ros2_ws/install/person_msgs/include/person_msgs/person_msgs/msg\n'}
[0.844687] (person_msgs) StdoutLine: {'line': b'-- Up-to-date: /home/aya/ros2_ws/install/person_msgs/include/person_msgs/person_msgs/msg/detail\n'}
[0.844754] (person_msgs) StdoutLine: {'line': b'-- Up-to-date: /home/aya/ros2_ws/install/person_msgs/include/person_msgs/person_msgs/msg/detail/person__rosidl_typesupport_fastrtps_c.h\n'}
[0.844817] (person_msgs) StdoutLine: {'line': b'-- Up-to-date: /home/aya/ros2_ws/install/person_msgs/include/person_msgs/person_msgs/msg/rosidl_typesupport_fastrtps_c__visibility_control.h\n'}
[0.844880] (person_msgs) StdoutLine: {'line': b'-- Up-to-date: /home/aya/ros2_ws/install/person_msgs/include/person_msgs/person_msgs/srv\n'}
[0.844942] (person_msgs) StdoutLine: {'line': b'-- Up-to-date: /home/aya/ros2_ws/install/person_msgs/include/person_msgs/person_msgs/srv/detail\n'}
[0.845004] (person_msgs) StdoutLine: {'line': b'-- Up-to-date: /home/aya/ros2_ws/install/person_msgs/include/person_msgs/person_msgs/srv/detail/query__rosidl_typesupport_fastrtps_c.h\n'}
[0.845080] (person_msgs) StdoutLine: {'line': b'-- Up-to-date: /home/aya/ros2_ws/install/person_msgs/lib/libperson_msgs__rosidl_typesupport_fastrtps_c.so\n'}
[0.845147] (person_msgs) StdoutLine: {'line': b'-- Up-to-date: /home/aya/ros2_ws/install/person_msgs/include/person_msgs/person_msgs\n'}
[0.845212] (person_msgs) StdoutLine: {'line': b'-- Up-to-date: /home/aya/ros2_ws/install/person_msgs/include/person_msgs/person_msgs/msg\n'}
[0.845278] (person_msgs) StdoutLine: {'line': b'-- Up-to-date: /home/aya/ros2_ws/install/person_msgs/include/person_msgs/person_msgs/msg/detail\n'}
[0.845698] (person_msgs) StdoutLine: {'line': b'-- Up-to-date: /home/aya/ros2_ws/install/person_msgs/include/person_msgs/person_msgs/msg/detail/person__rosidl_typesupport_introspection_c.h\n'}
[0.846105] (person_msgs) StdoutLine: {'line': b'-- Up-to-date: /home/aya/ros2_ws/install/person_msgs/include/person_msgs/person_msgs/msg/detail/person__type_support.c\n'}
[0.846179] (person_msgs) StdoutLine: {'line': b'-- Up-to-date: /home/aya/ros2_ws/install/person_msgs/include/person_msgs/person_msgs/msg/rosidl_typesupport_introspection_c__visibility_control.h\n'}
[0.846347] (person_msgs) StdoutLine: {'line': b'-- Up-to-date: /home/aya/ros2_ws/install/person_msgs/include/person_msgs/person_msgs/srv\n'}
[0.846535] (person_msgs) StdoutLine: {'line': b'-- Up-to-date: /home/aya/ros2_ws/install/person_msgs/include/person_msgs/person_msgs/srv/detail\n'}
[0.846716] (person_msgs) StdoutLine: {'line': b'-- Up-to-date: /home/aya/ros2_ws/install/person_msgs/include/person_msgs/person_msgs/srv/detail/query__type_support.c\n'}
[0.846864] (person_msgs) StdoutLine: {'line': b'-- Up-to-date: /home/aya/ros2_ws/install/person_msgs/include/person_msgs/person_msgs/srv/detail/query__rosidl_typesupport_introspection_c.h\n'}
[0.847075] (person_msgs) StdoutLine: {'line': b'-- Up-to-date: /home/aya/ros2_ws/install/person_msgs/lib/libperson_msgs__rosidl_typesupport_introspection_c.so\n'}
[0.847269] (person_msgs) StdoutLine: {'line': b'-- Up-to-date: /home/aya/ros2_ws/install/person_msgs/lib/libperson_msgs__rosidl_typesupport_c.so\n'}
[0.847425] (person_msgs) StdoutLine: {'line': b'-- Up-to-date: /home/aya/ros2_ws/install/person_msgs/include/person_msgs/person_msgs\n'}
[0.847564] (person_msgs) StdoutLine: {'line': b'-- Up-to-date: /home/aya/ros2_ws/install/person_msgs/include/person_msgs/person_msgs/msg\n'}
[0.847737] (person_msgs) StdoutLine: {'line': b'-- Up-to-date: /home/aya/ros2_ws/install/person_msgs/include/person_msgs/person_msgs/msg/detail\n'}
[0.847910] (person_msgs) StdoutLine: {'line': b'-- Up-to-date: /home/aya/ros2_ws/install/person_msgs/include/person_msgs/person_msgs/msg/detail/person__struct.hpp\n'}
[0.848036] (person_msgs) StdoutLine: {'line': b'-- Up-to-date: /home/aya/ros2_ws/install/person_msgs/include/person_msgs/person_msgs/msg/detail/person__builder.hpp\n'}
[0.848254] (person_msgs) StdoutLine: {'line': b'-- Up-to-date: /home/aya/ros2_ws/install/person_msgs/include/person_msgs/person_msgs/msg/detail/person__traits.hpp\n'}
[0.848439] (person_msgs) StdoutLine: {'line': b'-- Up-to-date: /home/aya/ros2_ws/install/person_msgs/include/person_msgs/person_msgs/msg/person.hpp\n'}
[0.848630] (person_msgs) StdoutLine: {'line': b'-- Up-to-date: /home/aya/ros2_ws/install/person_msgs/include/person_msgs/person_msgs/srv\n'}
[0.848814] (person_msgs) StdoutLine: {'line': b'-- Up-to-date: /home/aya/ros2_ws/install/person_msgs/include/person_msgs/person_msgs/srv/detail\n'}
[0.848997] (person_msgs) StdoutLine: {'line': b'-- Up-to-date: /home/aya/ros2_ws/install/person_msgs/include/person_msgs/person_msgs/srv/detail/query__traits.hpp\n'}
[0.849185] (person_msgs) StdoutLine: {'line': b'-- Up-to-date: /home/aya/ros2_ws/install/person_msgs/include/person_msgs/person_msgs/srv/detail/query__builder.hpp\n'}
[0.849398] (person_msgs) StdoutLine: {'line': b'-- Up-to-date: /home/aya/ros2_ws/install/person_msgs/include/person_msgs/person_msgs/srv/detail/query__struct.hpp\n'}
[0.849726] (person_msgs) StdoutLine: {'line': b'-- Up-to-date: /home/aya/ros2_ws/install/person_msgs/include/person_msgs/person_msgs/srv/query.hpp\n'}
[0.849884] (person_msgs) StdoutLine: {'line': b'-- Up-to-date: /home/aya/ros2_ws/install/person_msgs/include/person_msgs/person_msgs\n'}
[0.849969] (person_msgs) StdoutLine: {'line': b'-- Up-to-date: /home/aya/ros2_ws/install/person_msgs/include/person_msgs/person_msgs/msg\n'}
[0.850046] (person_msgs) StdoutLine: {'line': b'-- Up-to-date: /home/aya/ros2_ws/install/person_msgs/include/person_msgs/person_msgs/msg/detail\n'}
[0.850128] (person_msgs) StdoutLine: {'line': b'-- Up-to-date: /home/aya/ros2_ws/install/person_msgs/include/person_msgs/person_msgs/msg/detail/dds_fastrtps\n'}
[0.850206] (person_msgs) StdoutLine: {'line': b'-- Up-to-date: /home/aya/ros2_ws/install/person_msgs/include/person_msgs/person_msgs/msg/detail/person__rosidl_typesupport_fastrtps_cpp.hpp\n'}
[0.850284] (person_msgs) StdoutLine: {'line': b'-- Up-to-date: /home/aya/ros2_ws/install/person_msgs/include/person_msgs/person_msgs/msg/rosidl_typesupport_fastrtps_cpp__visibility_control.h\n'}
[0.850357] (person_msgs) StdoutLine: {'line': b'-- Up-to-date: /home/aya/ros2_ws/install/person_msgs/include/person_msgs/person_msgs/srv\n'}
[0.850431] (person_msgs) StdoutLine: {'line': b'-- Up-to-date: /home/aya/ros2_ws/install/person_msgs/include/person_msgs/person_msgs/srv/detail\n'}
[0.850538] (person_msgs) StdoutLine: {'line': b'-- Up-to-date: /home/aya/ros2_ws/install/person_msgs/include/person_msgs/person_msgs/srv/detail/query__rosidl_typesupport_fastrtps_cpp.hpp\n'}
[0.850622] (person_msgs) StdoutLine: {'line': b'-- Up-to-date: /home/aya/ros2_ws/install/person_msgs/include/person_msgs/person_msgs/srv/detail/dds_fastrtps\n'}
[0.850704] (person_msgs) StdoutLine: {'line': b'-- Up-to-date: /home/aya/ros2_ws/install/person_msgs/lib/libperson_msgs__rosidl_typesupport_fastrtps_cpp.so\n'}
[0.850794] (person_msgs) StdoutLine: {'line': b'-- Up-to-date: /home/aya/ros2_ws/install/person_msgs/include/person_msgs/person_msgs\n'}
[0.850875] (person_msgs) StdoutLine: {'line': b'-- Up-to-date: /home/aya/ros2_ws/install/person_msgs/include/person_msgs/person_msgs/msg\n'}
[0.851076] (person_msgs) StdoutLine: {'line': b'-- Up-to-date: /home/aya/ros2_ws/install/person_msgs/include/person_msgs/person_msgs/msg/detail\n'}
[0.851183] (person_msgs) StdoutLine: {'line': b'-- Up-to-date: /home/aya/ros2_ws/install/person_msgs/include/person_msgs/person_msgs/msg/detail/person__type_support.cpp\n'}
[0.851280] (person_msgs) StdoutLine: {'line': b'-- Up-to-date: /home/aya/ros2_ws/install/person_msgs/include/person_msgs/person_msgs/msg/detail/person__rosidl_typesupport_introspection_cpp.hpp\n'}
[0.851375] (person_msgs) StdoutLine: {'line': b'-- Up-to-date: /home/aya/ros2_ws/install/person_msgs/include/person_msgs/person_msgs/srv\n'}
[0.851468] (person_msgs) StdoutLine: {'line': b'-- Up-to-date: /home/aya/ros2_ws/install/person_msgs/include/person_msgs/person_msgs/srv/detail\n'}
[0.851560] (person_msgs) StdoutLine: {'line': b'-- Up-to-date: /home/aya/ros2_ws/install/person_msgs/include/person_msgs/person_msgs/srv/detail/query__rosidl_typesupport_introspection_cpp.hpp\n'}
[0.851655] (person_msgs) StdoutLine: {'line': b'-- Up-to-date: /home/aya/ros2_ws/install/person_msgs/include/person_msgs/person_msgs/srv/detail/query__type_support.cpp\n'}
[0.851747] (person_msgs) StdoutLine: {'line': b'-- Up-to-date: /home/aya/ros2_ws/install/person_msgs/lib/libperson_msgs__rosidl_typesupport_introspection_cpp.so\n'}
[0.851839] (person_msgs) StdoutLine: {'line': b'-- Up-to-date: /home/aya/ros2_ws/install/person_msgs/lib/libperson_msgs__rosidl_typesupport_cpp.so\n'}
[0.851930] (person_msgs) StdoutLine: {'line': b'-- Up-to-date: /home/aya/ros2_ws/install/person_msgs/share/person_msgs/environment/pythonpath.sh\n'}
[0.852021] (person_msgs) StdoutLine: {'line': b'-- Up-to-date: /home/aya/ros2_ws/install/person_msgs/share/person_msgs/environment/pythonpath.dsv\n'}
[0.852111] (person_msgs) StdoutLine: {'line': b'-- Up-to-date: /home/aya/ros2_ws/install/person_msgs/local/lib/python3.10/dist-packages/person_msgs-0.0.0-py3.10.egg-info\n'}
[0.852194] (person_msgs) StdoutLine: {'line': b'-- Installing: /home/aya/ros2_ws/install/person_msgs/local/lib/python3.10/dist-packages/person_msgs-0.0.0-py3.10.egg-info/SOURCES.txt\n'}
[0.852277] (person_msgs) StdoutLine: {'line': b'-- Installing: /home/aya/ros2_ws/install/person_msgs/local/lib/python3.10/dist-packages/person_msgs-0.0.0-py3.10.egg-info/PKG-INFO\n'}
[0.852355] (person_msgs) StdoutLine: {'line': b'-- Installing: /home/aya/ros2_ws/install/person_msgs/local/lib/python3.10/dist-packages/person_msgs-0.0.0-py3.10.egg-info/top_level.txt\n'}
[0.852439] (person_msgs) StdoutLine: {'line': b'-- Installing: /home/aya/ros2_ws/install/person_msgs/local/lib/python3.10/dist-packages/person_msgs-0.0.0-py3.10.egg-info/dependency_links.txt\n'}
[0.852522] (person_msgs) StdoutLine: {'line': b'-- Up-to-date: /home/aya/ros2_ws/install/person_msgs/local/lib/python3.10/dist-packages/person_msgs\n'}
[0.852600] (person_msgs) StdoutLine: {'line': b'-- Up-to-date: /home/aya/ros2_ws/install/person_msgs/local/lib/python3.10/dist-packages/person_msgs/person_msgs_s__rosidl_typesupport_introspection_c.cpython-310-x86_64-linux-gnu.so\n'}
[0.852681] (person_msgs) StdoutLine: {'line': b'-- Up-to-date: /home/aya/ros2_ws/install/person_msgs/local/lib/python3.10/dist-packages/person_msgs/msg\n'}
[0.852773] (person_msgs) StdoutLine: {'line': b'-- Up-to-date: /home/aya/ros2_ws/install/person_msgs/local/lib/python3.10/dist-packages/person_msgs/msg/_person.py\n'}
[0.852857] (person_msgs) StdoutLine: {'line': b'-- Up-to-date: /home/aya/ros2_ws/install/person_msgs/local/lib/python3.10/dist-packages/person_msgs/msg/__init__.py\n'}
[0.852940] (person_msgs) StdoutLine: {'line': b'-- Up-to-date: /home/aya/ros2_ws/install/person_msgs/local/lib/python3.10/dist-packages/person_msgs/msg/_person_s.c\n'}
[0.853024] (person_msgs) StdoutLine: {'line': b'-- Up-to-date: /home/aya/ros2_ws/install/person_msgs/local/lib/python3.10/dist-packages/person_msgs/person_msgs_s__rosidl_typesupport_c.cpython-310-x86_64-linux-gnu.so\n'}
[0.853112] (person_msgs) StdoutLine: {'line': b'-- Up-to-date: /home/aya/ros2_ws/install/person_msgs/local/lib/python3.10/dist-packages/person_msgs/_person_msgs_s.ep.rosidl_typesupport_c.c\n'}
[0.853196] (person_msgs) StdoutLine: {'line': b'-- Up-to-date: /home/aya/ros2_ws/install/person_msgs/local/lib/python3.10/dist-packages/person_msgs/libperson_msgs__rosidl_generator_py.so\n'}
[0.853276] (person_msgs) StdoutLine: {'line': b'-- Up-to-date: /home/aya/ros2_ws/install/person_msgs/local/lib/python3.10/dist-packages/person_msgs/_person_msgs_s.ep.rosidl_typesupport_fastrtps_c.c\n'}
[0.853414] (person_msgs) StdoutLine: {'line': b'-- Up-to-date: /home/aya/ros2_ws/install/person_msgs/local/lib/python3.10/dist-packages/person_msgs/srv\n'}
[0.853502] (person_msgs) StdoutLine: {'line': b'-- Up-to-date: /home/aya/ros2_ws/install/person_msgs/local/lib/python3.10/dist-packages/person_msgs/srv/_query_s.c\n'}
[0.853604] (person_msgs) StdoutLine: {'line': b'-- Up-to-date: /home/aya/ros2_ws/install/person_msgs/local/lib/python3.10/dist-packages/person_msgs/srv/__init__.py\n'}
[0.853696] (person_msgs) StdoutLine: {'line': b'-- Up-to-date: /home/aya/ros2_ws/install/person_msgs/local/lib/python3.10/dist-packages/person_msgs/srv/_query.py\n'}
[0.853785] (person_msgs) StdoutLine: {'line': b'-- Up-to-date: /home/aya/ros2_ws/install/person_msgs/local/lib/python3.10/dist-packages/person_msgs/__init__.py\n'}
[0.853872] (person_msgs) StdoutLine: {'line': b'-- Up-to-date: /home/aya/ros2_ws/install/person_msgs/local/lib/python3.10/dist-packages/person_msgs/person_msgs_s__rosidl_typesupport_fastrtps_c.cpython-310-x86_64-linux-gnu.so\n'}
[0.853974] (person_msgs) StdoutLine: {'line': b'-- Up-to-date: /home/aya/ros2_ws/install/person_msgs/local/lib/python3.10/dist-packages/person_msgs/_person_msgs_s.ep.rosidl_typesupport_introspection_c.c\n'}
[0.877675] (person_msgs) StdoutLine: {'line': b"Listing '/home/aya/ros2_ws/install/person_msgs/local/lib/python3.10/dist-packages/person_msgs'...\n"}
[0.877897] (person_msgs) StdoutLine: {'line': b"Listing '/home/aya/ros2_ws/install/person_msgs/local/lib/python3.10/dist-packages/person_msgs/msg'...\n"}
[0.877994] (person_msgs) StdoutLine: {'line': b"Listing '/home/aya/ros2_ws/install/person_msgs/local/lib/python3.10/dist-packages/person_msgs/srv'...\n"}
[0.881347] (person_msgs) StdoutLine: {'line': b'-- Up-to-date: /home/aya/ros2_ws/install/person_msgs/local/lib/python3.10/dist-packages/person_msgs/person_msgs_s__rosidl_typesupport_fastrtps_c.cpython-310-x86_64-linux-gnu.so\n'}
[0.881698] (person_msgs) StdoutLine: {'line': b'-- Up-to-date: /home/aya/ros2_ws/install/person_msgs/local/lib/python3.10/dist-packages/person_msgs/person_msgs_s__rosidl_typesupport_introspection_c.cpython-310-x86_64-linux-gnu.so\n'}
[0.881968] (person_msgs) StdoutLine: {'line': b'-- Up-to-date: /home/aya/ros2_ws/install/person_msgs/local/lib/python3.10/dist-packages/person_msgs/person_msgs_s__rosidl_typesupport_c.cpython-310-x86_64-linux-gnu.so\n'}
[0.882193] (person_msgs) StdoutLine: {'line': b'-- Up-to-date: /home/aya/ros2_ws/install/person_msgs/lib/libperson_msgs__rosidl_generator_py.so\n'}
[0.882402] (person_msgs) StdoutLine: {'line': b'-- Up-to-date: /home/aya/ros2_ws/install/person_msgs/share/person_msgs/msg/Person.idl\n'}
[0.882780] (person_msgs) StdoutLine: {'line': b'-- Up-to-date: /home/aya/ros2_ws/install/person_msgs/share/person_msgs/srv/Query.idl\n'}
[0.883003] (person_msgs) StdoutLine: {'line': b'-- Up-to-date: /home/aya/ros2_ws/install/person_msgs/share/person_msgs/msg/Person.msg\n'}
[0.883298] (person_msgs) StdoutLine: {'line': b'-- Up-to-date: /home/aya/ros2_ws/install/person_msgs/share/person_msgs/srv/Query.srv\n'}
[0.883516] (person_msgs) StdoutLine: {'line': b'-- Up-to-date: /home/aya/ros2_ws/install/person_msgs/share/person_msgs/srv/Query_Request.msg\n'}
[0.883727] (person_msgs) StdoutLine: {'line': b'-- Up-to-date: /home/aya/ros2_ws/install/person_msgs/share/person_msgs/srv/Query_Response.msg\n'}
[0.883971] (person_msgs) StdoutLine: {'line': b'-- Up-to-date: /home/aya/ros2_ws/install/person_msgs/share/ament_index/resource_index/package_run_dependencies/person_msgs\n'}
[0.884194] (person_msgs) StdoutLine: {'line': b'-- Up-to-date: /home/aya/ros2_ws/install/person_msgs/share/ament_index/resource_index/parent_prefix_path/person_msgs\n'}
[0.884373] (person_msgs) StdoutLine: {'line': b'-- Up-to-date: /home/aya/ros2_ws/install/person_msgs/share/person_msgs/environment/ament_prefix_path.sh\n'}
[0.884453] (person_msgs) StdoutLine: {'line': b'-- Up-to-date: /home/aya/ros2_ws/install/person_msgs/share/person_msgs/environment/ament_prefix_path.dsv\n'}
[0.884524] (person_msgs) StdoutLine: {'line': b'-- Up-to-date: /home/aya/ros2_ws/install/person_msgs/share/person_msgs/environment/path.sh\n'}
[0.884655] (person_msgs) StdoutLine: {'line': b'-- Up-to-date: /home/aya/ros2_ws/install/person_msgs/share/person_msgs/environment/path.dsv\n'}
[0.884849] (person_msgs) StdoutLine: {'line': b'-- Up-to-date: /home/aya/ros2_ws/install/person_msgs/share/person_msgs/local_setup.bash\n'}
[0.885044] (person_msgs) StdoutLine: {'line': b'-- Up-to-date: /home/aya/ros2_ws/install/person_msgs/share/person_msgs/local_setup.sh\n'}
[0.885406] (person_msgs) StdoutLine: {'line': b'-- Up-to-date: /home/aya/ros2_ws/install/person_msgs/share/person_msgs/local_setup.zsh\n'}
[0.885609] (person_msgs) StdoutLine: {'line': b'-- Up-to-date: /home/aya/ros2_ws/install/person_msgs/share/person_msgs/local_setup.dsv\n'}
[0.885794] (person_msgs) StdoutLine: {'line': b'-- Installing: /home/aya/ros2_ws/install/person_msgs/share/person_msgs/package.dsv\n'}
[0.885983] (person_msgs) StdoutLine: {'line': b'-- Up-to-date: /home/aya/ros2_ws/install/person_msgs/share/ament_index/resource_index/packages/person_msgs\n'}
[0.886172] (person_msgs) StdoutLine: {'line': b'-- Up-to-date: /home/aya/ros2_ws/install/person_msgs/share/person_msgs/cmake/export_person_msgs__rosidl_generator_cExport.cmake\n'}
[0.886352] (person_msgs) StdoutLine: {'line': b'-- Up-to-date: /home/aya/ros2_ws/install/person_msgs/share/person_msgs/cmake/export_person_msgs__rosidl_generator_cExport-noconfig.cmake\n'}
[0.886546] (person_msgs) StdoutLine: {'line': b'-- Up-to-date: /home/aya/ros2_ws/install/person_msgs/share/person_msgs/cmake/export_person_msgs__rosidl_typesupport_fastrtps_cExport.cmake\n'}
[0.886677] (person_msgs) StdoutLine: {'line': b'-- Up-to-date: /home/aya/ros2_ws/install/person_msgs/share/person_msgs/cmake/export_person_msgs__rosidl_typesupport_fastrtps_cExport-noconfig.cmake\n'}
[0.886859] (person_msgs) StdoutLine: {'line': b'-- Up-to-date: /home/aya/ros2_ws/install/person_msgs/share/person_msgs/cmake/person_msgs__rosidl_typesupport_introspection_cExport.cmake\n'}
[0.887033] (person_msgs) StdoutLine: {'line': b'-- Up-to-date: /home/aya/ros2_ws/install/person_msgs/share/person_msgs/cmake/person_msgs__rosidl_typesupport_introspection_cExport-noconfig.cmake\n'}
[0.887211] (person_msgs) StdoutLine: {'line': b'-- Up-to-date: /home/aya/ros2_ws/install/person_msgs/share/person_msgs/cmake/person_msgs__rosidl_typesupport_cExport.cmake\n'}
[0.887291] (person_msgs) StdoutLine: {'line': b'-- Up-to-date: /home/aya/ros2_ws/install/person_msgs/share/person_msgs/cmake/person_msgs__rosidl_typesupport_cExport-noconfig.cmake\n'}
[0.887580] (person_msgs) StdoutLine: {'line': b'-- Up-to-date: /home/aya/ros2_ws/install/person_msgs/share/person_msgs/cmake/export_person_msgs__rosidl_generator_cppExport.cmake\n'}
[0.887743] (person_msgs) StdoutLine: {'line': b'-- Up-to-date: /home/aya/ros2_ws/install/person_msgs/share/person_msgs/cmake/export_person_msgs__rosidl_typesupport_fastrtps_cppExport.cmake\n'}
[0.887899] (person_msgs) StdoutLine: {'line': b'-- Up-to-date: /home/aya/ros2_ws/install/person_msgs/share/person_msgs/cmake/export_person_msgs__rosidl_typesupport_fastrtps_cppExport-noconfig.cmake\n'}
[0.888039] (person_msgs) StdoutLine: {'line': b'-- Up-to-date: /home/aya/ros2_ws/install/person_msgs/share/person_msgs/cmake/person_msgs__rosidl_typesupport_introspection_cppExport.cmake\n'}
[0.888176] (person_msgs) StdoutLine: {'line': b'-- Up-to-date: /home/aya/ros2_ws/install/person_msgs/share/person_msgs/cmake/person_msgs__rosidl_typesupport_introspection_cppExport-noconfig.cmake\n'}
[0.888530] (person_msgs) StdoutLine: {'line': b'-- Up-to-date: /home/aya/ros2_ws/install/person_msgs/share/person_msgs/cmake/person_msgs__rosidl_typesupport_cppExport.cmake\n'}
[0.888760] (person_msgs) StdoutLine: {'line': b'-- Up-to-date: /home/aya/ros2_ws/install/person_msgs/share/person_msgs/cmake/person_msgs__rosidl_typesupport_cppExport-noconfig.cmake\n'}
[0.889032] (person_msgs) StdoutLine: {'line': b'-- Up-to-date: /home/aya/ros2_ws/install/person_msgs/share/person_msgs/cmake/export_person_msgs__rosidl_generator_pyExport.cmake\n'}
[0.889172] (person_msgs) StdoutLine: {'line': b'-- Up-to-date: /home/aya/ros2_ws/install/person_msgs/share/person_msgs/cmake/export_person_msgs__rosidl_generator_pyExport-noconfig.cmake\n'}
[0.889364] (person_msgs) StdoutLine: {'line': b'-- Up-to-date: /home/aya/ros2_ws/install/person_msgs/share/person_msgs/cmake/rosidl_cmake-extras.cmake\n'}
[0.889501] (person_msgs) StdoutLine: {'line': b'-- Up-to-date: /home/aya/ros2_ws/install/person_msgs/share/person_msgs/cmake/ament_cmake_export_include_directories-extras.cmake\n'}
[0.889638] (person_msgs) StdoutLine: {'line': b'-- Up-to-date: /home/aya/ros2_ws/install/person_msgs/share/person_msgs/cmake/ament_cmake_export_libraries-extras.cmake\n'}
[0.889775] (person_msgs) StdoutLine: {'line': b'-- Up-to-date: /home/aya/ros2_ws/install/person_msgs/share/person_msgs/cmake/ament_cmake_export_targets-extras.cmake\n'}
[0.889912] (person_msgs) StdoutLine: {'line': b'-- Up-to-date: /home/aya/ros2_ws/install/person_msgs/share/person_msgs/cmake/rosidl_cmake_export_typesupport_targets-extras.cmake\n'}
[0.890048] (person_msgs) StdoutLine: {'line': b'-- Up-to-date: /home/aya/ros2_ws/install/person_msgs/share/person_msgs/cmake/ament_cmake_export_dependencies-extras.cmake\n'}
[0.890184] (person_msgs) StdoutLine: {'line': b'-- Up-to-date: /home/aya/ros2_ws/install/person_msgs/share/person_msgs/cmake/rosidl_cmake_export_typesupport_libraries-extras.cmake\n'}
[0.890320] (person_msgs) StdoutLine: {'line': b'-- Up-to-date: /home/aya/ros2_ws/install/person_msgs/share/person_msgs/cmake/person_msgsConfig.cmake\n'}
[0.890451] (person_msgs) StdoutLine: {'line': b'-- Up-to-date: /home/aya/ros2_ws/install/person_msgs/share/person_msgs/cmake/person_msgsConfig-version.cmake\n'}
[0.890583] (person_msgs) StdoutLine: {'line': b'-- Up-to-date: /home/aya/ros2_ws/install/person_msgs/share/person_msgs/package.xml\n'}
[0.891613] (person_msgs) CommandEnded: {'returncode': 0}
[0.915584] (-) TimerEvent: {}
[0.975688] (mypkg) StdoutLine: {'line': b'running egg_info\n'}
[0.976507] (mypkg) StdoutLine: {'line': b'writing ../../build/mypkg/mypkg.egg-info/PKG-INFO\n'}
[0.976774] (mypkg) StdoutLine: {'line': b'writing dependency_links to ../../build/mypkg/mypkg.egg-info/dependency_links.txt\n'}
[0.977438] (mypkg) StdoutLine: {'line': b'writing entry points to ../../build/mypkg/mypkg.egg-info/entry_points.txt\n'}
[0.977582] (mypkg) StdoutLine: {'line': b'writing requirements to ../../build/mypkg/mypkg.egg-info/requires.txt\n'}
[0.977688] (mypkg) StdoutLine: {'line': b'writing top-level names to ../../build/mypkg/mypkg.egg-info/top_level.txt\n'}
[0.979213] (mypkg) StdoutLine: {'line': b"reading manifest file '../../build/mypkg/mypkg.egg-info/SOURCES.txt'\n"}
[0.980059] (mypkg) StdoutLine: {'line': b"writing manifest file '../../build/mypkg/mypkg.egg-info/SOURCES.txt'\n"}
[0.980310] (mypkg) StdoutLine: {'line': b'running build\n'}
[0.980435] (mypkg) StdoutLine: {'line': b'running build_py\n'}
[0.980703] (mypkg) StdoutLine: {'line': b'copying mypkg/listener.py -> /home/aya/ros2_ws/build/mypkg/build/lib/mypkg\n'}
[0.981155] (mypkg) StderrLine: {'line': b'/usr/lib/python3/dist-packages/setuptools/command/install.py:34: SetuptoolsDeprecationWarning: setup.py install is deprecated. Use build and pip and other standards-based tools.\n'}
[0.981320] (mypkg) StderrLine: {'line': b'  warnings.warn(\n'}
[0.981401] (mypkg) StdoutLine: {'line': b'running install\n'}
[0.981960] (mypkg) StdoutLine: {'line': b'running install_lib\n'}
[0.982307] (mypkg) StdoutLine: {'line': b'copying /home/aya/ros2_ws/build/mypkg/build/lib/mypkg/listener.py -> /home/aya/ros2_ws/install/mypkg/lib/python3.10/site-packages/mypkg\n'}
[0.982998] (mypkg) StdoutLine: {'line': b'byte-compiling /home/aya/ros2_ws/install/mypkg/lib/python3.10/site-packages/mypkg/listener.py to listener.cpython-310.pyc\n'}
[0.983577] (mypkg) StdoutLine: {'line': b'running install_data\n'}
[0.984131] (mypkg) StdoutLine: {'line': b'copying launch/talk_listen.launch.py -> /home/aya/ros2_ws/install/mypkg/share/mypkg\n'}
[0.984560] (mypkg) StdoutLine: {'line': b'running install_egg_info\n'}
[0.986101] (mypkg) StdoutLine: {'line': b"removing '/home/aya/ros2_ws/install/mypkg/lib/python3.10/site-packages/mypkg-0.0.0-py3.10.egg-info' (and everything under it)\n"}
[0.986497] (mypkg) StdoutLine: {'line': b'Copying ../../build/mypkg/mypkg.egg-info to /home/aya/ros2_ws/install/mypkg/lib/python3.10/site-packages/mypkg-0.0.0-py3.10.egg-info\n'}
[0.987485] (mypkg) StdoutLine: {'line': b'running install_scripts\n'}
[1.010187] (mypkg) StdoutLine: {'line': b'Installing talker script to /home/aya/ros2_ws/install/mypkg/lib/mypkg\n'}
[1.010621] (mypkg) StdoutLine: {'line': b"writing list of installed files to '/home/aya/ros2_ws/build/mypkg/install.log'\n"}
[1.016022] (-) TimerEvent: {}
[1.073572] (person_msgs) JobEnded: {'identifier': 'person_msgs', 'rc': 0}
[1.075320] (mypkg) CommandEnded: {'returncode': 0}
[1.113370] (mypkg) JobEnded: {'identifier': 'mypkg', 'rc': 0}
[1.114655] (-) EventReactorShutdown: {}
