running egg_info
writing ../build/mypkg/mypkg.egg-info/PKG-INFO
writing dependency_links to ../build/mypkg/mypkg.egg-info/dependency_links.txt
writing entry points to ../build/mypkg/mypkg.egg-info/entry_points.txt
writing requirements to ../build/mypkg/mypkg.egg-info/requires.txt
writing top-level names to ../build/mypkg/mypkg.egg-info/top_level.txt
reading manifest file '../build/mypkg/mypkg.egg-info/SOURCES.txt'
writing manifest file '../build/mypkg/mypkg.egg-info/SOURCES.txt'
running build
running build_py
copying mypkg/talker.py -> /home/aya/ros2_ws/build/mypkg/build/lib/mypkg
copying mypkg/__init__.py -> /home/aya/ros2_ws/build/mypkg/build/lib/mypkg
copying mypkg/setup.py -> /home/aya/ros2_ws/build/mypkg/build/lib/mypkg
copying mypkg/listener.py -> /home/aya/ros2_ws/build/mypkg/build/lib/mypkg
creating /home/aya/ros2_ws/build/mypkg/build/lib/mypkg/mypkg
copying mypkg/mypkg/talker.py -> /home/aya/ros2_ws/build/mypkg/build/lib/mypkg/mypkg
copying mypkg/mypkg/__init__.py -> /home/aya/ros2_ws/build/mypkg/build/lib/mypkg/mypkg
copying mypkg/mypkg/listener.py -> /home/aya/ros2_ws/build/mypkg/build/lib/mypkg/mypkg
running install
/usr/lib/python3/dist-packages/setuptools/command/install.py:34: SetuptoolsDeprecationWarning: setup.py install is deprecated. Use build and pip and other standards-based tools.
  warnings.warn(
running install_lib
creating /home/aya/ros2_ws/install/mypkg/lib/python3.10/site-packages/mypkg/mypkg
copying /home/aya/ros2_ws/build/mypkg/build/lib/mypkg/mypkg/talker.py -> /home/aya/ros2_ws/install/mypkg/lib/python3.10/site-packages/mypkg/mypkg
copying /home/aya/ros2_ws/build/mypkg/build/lib/mypkg/mypkg/__init__.py -> /home/aya/ros2_ws/install/mypkg/lib/python3.10/site-packages/mypkg/mypkg
copying /home/aya/ros2_ws/build/mypkg/build/lib/mypkg/mypkg/listener.py -> /home/aya/ros2_ws/install/mypkg/lib/python3.10/site-packages/mypkg/mypkg
copying /home/aya/ros2_ws/build/mypkg/build/lib/mypkg/talker.py -> /home/aya/ros2_ws/install/mypkg/lib/python3.10/site-packages/mypkg
copying /home/aya/ros2_ws/build/mypkg/build/lib/mypkg/__init__.py -> /home/aya/ros2_ws/install/mypkg/lib/python3.10/site-packages/mypkg
copying /home/aya/ros2_ws/build/mypkg/build/lib/mypkg/setup.py -> /home/aya/ros2_ws/install/mypkg/lib/python3.10/site-packages/mypkg
copying /home/aya/ros2_ws/build/mypkg/build/lib/mypkg/listener.py -> /home/aya/ros2_ws/install/mypkg/lib/python3.10/site-packages/mypkg
byte-compiling /home/aya/ros2_ws/install/mypkg/lib/python3.10/site-packages/mypkg/mypkg/talker.py to talker.cpython-310.pyc
byte-compiling /home/aya/ros2_ws/install/mypkg/lib/python3.10/site-packages/mypkg/mypkg/__init__.py to __init__.cpython-310.pyc
byte-compiling /home/aya/ros2_ws/install/mypkg/lib/python3.10/site-packages/mypkg/mypkg/listener.py to listener.cpython-310.pyc
byte-compiling /home/aya/ros2_ws/install/mypkg/lib/python3.10/site-packages/mypkg/talker.py to talker.cpython-310.pyc
byte-compiling /home/aya/ros2_ws/install/mypkg/lib/python3.10/site-packages/mypkg/__init__.py to __init__.cpython-310.pyc
byte-compiling /home/aya/ros2_ws/install/mypkg/lib/python3.10/site-packages/mypkg/setup.py to setup.cpython-310.pyc
byte-compiling /home/aya/ros2_ws/install/mypkg/lib/python3.10/site-packages/mypkg/listener.py to listener.cpython-310.pyc
running install_data
copying resource/mypkg -> /home/aya/ros2_ws/install/mypkg/share/ament_index/resource_index/packages
copying package.xml -> /home/aya/ros2_ws/install/mypkg/share/mypkg
copying launch/talk_listen.launch.py -> /home/aya/ros2_ws/install/mypkg/share/mypkg
running install_egg_info
removing '/home/aya/ros2_ws/install/mypkg/lib/python3.10/site-packages/mypkg-0.0.0-py3.10.egg-info' (and everything under it)
Copying ../build/mypkg/mypkg.egg-info to /home/aya/ros2_ws/install/mypkg/lib/python3.10/site-packages/mypkg-0.0.0-py3.10.egg-info
running install_scripts
Installing listener script to /home/aya/ros2_ws/install/mypkg/lib/mypkg
Installing talker script to /home/aya/ros2_ws/install/mypkg/lib/mypkg
writing list of installed files to '/home/aya/ros2_ws/build/mypkg/install.log'
