[0.712s] Invoking command in '/home/aya/ros2_ws/src': PYTHONPATH=/home/aya/ros2_ws/build/mypkg/prefix_override:/home/aya/ros2_ws/install/mypkg/lib/python3.10/site-packages:${PYTHONPATH} /usr/bin/python3 setup.py egg_info --egg-base ../build/mypkg build --build-base /home/aya/ros2_ws/build/mypkg/build install --record /home/aya/ros2_ws/build/mypkg/install.log --single-version-externally-managed
[0.894s] running egg_info
[0.895s] writing ../build/mypkg/mypkg.egg-info/PKG-INFO
[0.896s] writing dependency_links to ../build/mypkg/mypkg.egg-info/dependency_links.txt
[0.897s] writing entry points to ../build/mypkg/mypkg.egg-info/entry_points.txt
[0.897s] writing requirements to ../build/mypkg/mypkg.egg-info/requires.txt
[0.897s] writing top-level names to ../build/mypkg/mypkg.egg-info/top_level.txt
[0.899s] reading manifest file '../build/mypkg/mypkg.egg-info/SOURCES.txt'
[0.900s] writing manifest file '../build/mypkg/mypkg.egg-info/SOURCES.txt'
[0.900s] running build
[0.900s] running build_py
[0.900s] copying mypkg/talker.py -> /home/aya/ros2_ws/build/mypkg/build/lib/mypkg
[0.901s] copying mypkg/__init__.py -> /home/aya/ros2_ws/build/mypkg/build/lib/mypkg
[0.901s] copying mypkg/setup.py -> /home/aya/ros2_ws/build/mypkg/build/lib/mypkg
[0.902s] copying mypkg/listener.py -> /home/aya/ros2_ws/build/mypkg/build/lib/mypkg
[0.902s] creating /home/aya/ros2_ws/build/mypkg/build/lib/mypkg/mypkg
[0.903s] copying mypkg/mypkg/talker.py -> /home/aya/ros2_ws/build/mypkg/build/lib/mypkg/mypkg
[0.903s] copying mypkg/mypkg/__init__.py -> /home/aya/ros2_ws/build/mypkg/build/lib/mypkg/mypkg
[0.903s] copying mypkg/mypkg/listener.py -> /home/aya/ros2_ws/build/mypkg/build/lib/mypkg/mypkg
[0.904s] running install
[0.904s] /usr/lib/python3/dist-packages/setuptools/command/install.py:34: SetuptoolsDeprecationWarning: setup.py install is deprecated. Use build and pip and other standards-based tools.
[0.904s]   warnings.warn(
[0.904s] running install_lib
[0.905s] creating /home/aya/ros2_ws/install/mypkg/lib/python3.10/site-packages/mypkg/mypkg
[0.905s] copying /home/aya/ros2_ws/build/mypkg/build/lib/mypkg/mypkg/talker.py -> /home/aya/ros2_ws/install/mypkg/lib/python3.10/site-packages/mypkg/mypkg
[0.906s] copying /home/aya/ros2_ws/build/mypkg/build/lib/mypkg/mypkg/__init__.py -> /home/aya/ros2_ws/install/mypkg/lib/python3.10/site-packages/mypkg/mypkg
[0.906s] copying /home/aya/ros2_ws/build/mypkg/build/lib/mypkg/mypkg/listener.py -> /home/aya/ros2_ws/install/mypkg/lib/python3.10/site-packages/mypkg/mypkg
[0.907s] copying /home/aya/ros2_ws/build/mypkg/build/lib/mypkg/talker.py -> /home/aya/ros2_ws/install/mypkg/lib/python3.10/site-packages/mypkg
[0.907s] copying /home/aya/ros2_ws/build/mypkg/build/lib/mypkg/__init__.py -> /home/aya/ros2_ws/install/mypkg/lib/python3.10/site-packages/mypkg
[0.907s] copying /home/aya/ros2_ws/build/mypkg/build/lib/mypkg/setup.py -> /home/aya/ros2_ws/install/mypkg/lib/python3.10/site-packages/mypkg
[0.907s] copying /home/aya/ros2_ws/build/mypkg/build/lib/mypkg/listener.py -> /home/aya/ros2_ws/install/mypkg/lib/python3.10/site-packages/mypkg
[0.908s] byte-compiling /home/aya/ros2_ws/install/mypkg/lib/python3.10/site-packages/mypkg/mypkg/talker.py to talker.cpython-310.pyc
[0.909s] byte-compiling /home/aya/ros2_ws/install/mypkg/lib/python3.10/site-packages/mypkg/mypkg/__init__.py to __init__.cpython-310.pyc
[0.909s] byte-compiling /home/aya/ros2_ws/install/mypkg/lib/python3.10/site-packages/mypkg/mypkg/listener.py to listener.cpython-310.pyc
[0.910s] byte-compiling /home/aya/ros2_ws/install/mypkg/lib/python3.10/site-packages/mypkg/talker.py to talker.cpython-310.pyc
[0.910s] byte-compiling /home/aya/ros2_ws/install/mypkg/lib/python3.10/site-packages/mypkg/__init__.py to __init__.cpython-310.pyc
[0.911s] byte-compiling /home/aya/ros2_ws/install/mypkg/lib/python3.10/site-packages/mypkg/setup.py to setup.cpython-310.pyc
[0.911s] byte-compiling /home/aya/ros2_ws/install/mypkg/lib/python3.10/site-packages/mypkg/listener.py to listener.cpython-310.pyc
[0.912s] running install_data
[0.912s] copying resource/mypkg -> /home/aya/ros2_ws/install/mypkg/share/ament_index/resource_index/packages
[0.913s] copying package.xml -> /home/aya/ros2_ws/install/mypkg/share/mypkg
[0.913s] copying launch/talk_listen.launch.py -> /home/aya/ros2_ws/install/mypkg/share/mypkg
[0.914s] running install_egg_info
[0.915s] removing '/home/aya/ros2_ws/install/mypkg/lib/python3.10/site-packages/mypkg-0.0.0-py3.10.egg-info' (and everything under it)
[0.916s] Copying ../build/mypkg/mypkg.egg-info to /home/aya/ros2_ws/install/mypkg/lib/python3.10/site-packages/mypkg-0.0.0-py3.10.egg-info
[0.917s] running install_scripts
[0.936s] Installing listener script to /home/aya/ros2_ws/install/mypkg/lib/mypkg
[0.937s] Installing talker script to /home/aya/ros2_ws/install/mypkg/lib/mypkg
[0.937s] writing list of installed files to '/home/aya/ros2_ws/build/mypkg/install.log'
[0.962s] Invoked command in '/home/aya/ros2_ws/src' returned '0': PYTHONPATH=/home/aya/ros2_ws/build/mypkg/prefix_override:/home/aya/ros2_ws/install/mypkg/lib/python3.10/site-packages:${PYTHONPATH} /usr/bin/python3 setup.py egg_info --egg-base ../build/mypkg build --build-base /home/aya/ros2_ws/build/mypkg/build install --record /home/aya/ros2_ws/build/mypkg/install.log --single-version-externally-managed
