[0.780s] Invoking command in '/home/aya/ros2_ws/src/mypkg': PYTHONPATH=/home/aya/ros2_ws/build/mypkg/prefix_override:/home/aya/ros2_ws/install/mypkg/lib/python3.10/site-packages:${PYTHONPATH} /usr/bin/python3 setup.py egg_info --egg-base ../../build/mypkg build --build-base /home/aya/ros2_ws/build/mypkg/build install --record /home/aya/ros2_ws/build/mypkg/install.log --single-version-externally-managed
[1.014s] running egg_info
[1.015s] writing ../../build/mypkg/mypkg.egg-info/PKG-INFO
[1.015s] writing dependency_links to ../../build/mypkg/mypkg.egg-info/dependency_links.txt
[1.016s] writing entry points to ../../build/mypkg/mypkg.egg-info/entry_points.txt
[1.016s] writing requirements to ../../build/mypkg/mypkg.egg-info/requires.txt
[1.016s] writing top-level names to ../../build/mypkg/mypkg.egg-info/top_level.txt
[1.018s] reading manifest file '../../build/mypkg/mypkg.egg-info/SOURCES.txt'
[1.020s] writing manifest file '../../build/mypkg/mypkg.egg-info/SOURCES.txt'
[1.020s] running build
[1.020s] running build_py
[1.021s] copying mypkg/talker.py -> /home/aya/ros2_ws/build/mypkg/build/lib/mypkg
[1.021s] copying mypkg/listener.py -> /home/aya/ros2_ws/build/mypkg/build/lib/mypkg
[1.021s] running install
[1.022s] /usr/lib/python3/dist-packages/setuptools/command/install.py:34: SetuptoolsDeprecationWarning: setup.py install is deprecated. Use build and pip and other standards-based tools.
[1.022s]   warnings.warn(
[1.022s] running install_lib
[1.023s] copying /home/aya/ros2_ws/build/mypkg/build/lib/mypkg/talker.py -> /home/aya/ros2_ws/install/mypkg/lib/python3.10/site-packages/mypkg
[1.023s] copying /home/aya/ros2_ws/build/mypkg/build/lib/mypkg/listener.py -> /home/aya/ros2_ws/install/mypkg/lib/python3.10/site-packages/mypkg
[1.024s] byte-compiling /home/aya/ros2_ws/install/mypkg/lib/python3.10/site-packages/mypkg/talker.py to talker.cpython-310.pyc
[1.025s] byte-compiling /home/aya/ros2_ws/install/mypkg/lib/python3.10/site-packages/mypkg/listener.py to listener.cpython-310.pyc
[1.025s] running install_data
[1.026s] running install_egg_info
[1.027s] removing '/home/aya/ros2_ws/install/mypkg/lib/python3.10/site-packages/mypkg-0.0.0-py3.10.egg-info' (and everything under it)
[1.028s] Copying ../../build/mypkg/mypkg.egg-info to /home/aya/ros2_ws/install/mypkg/lib/python3.10/site-packages/mypkg-0.0.0-py3.10.egg-info
[1.029s] running install_scripts
[1.050s] Installing listener script to /home/aya/ros2_ws/install/mypkg/lib/mypkg
[1.051s] Installing talker script to /home/aya/ros2_ws/install/mypkg/lib/mypkg
[1.052s] writing list of installed files to '/home/aya/ros2_ws/build/mypkg/install.log'
[1.110s] Invoked command in '/home/aya/ros2_ws/src/mypkg' returned '0': PYTHONPATH=/home/aya/ros2_ws/build/mypkg/prefix_override:/home/aya/ros2_ws/install/mypkg/lib/python3.10/site-packages:${PYTHONPATH} /usr/bin/python3 setup.py egg_info --egg-base ../../build/mypkg build --build-base /home/aya/ros2_ws/build/mypkg/build install --record /home/aya/ros2_ws/build/mypkg/install.log --single-version-externally-managed
