[0.000000] (-) TimerEvent: {}
[0.001386] (mypkg) JobQueued: {'identifier': 'mypkg', 'dependencies': OrderedDict()}
[0.001452] (person_msgs) JobQueued: {'identifier': 'person_msgs', 'dependencies': OrderedDict()}
[0.001522] (mypkg) JobStarted: {'identifier': 'mypkg'}
[0.063130] (person_msgs) JobStarted: {'identifier': 'person_msgs'}
[0.102478] (-) TimerEvent: {}
[0.211529] (-) TimerEvent: {}
[0.320827] (-) TimerEvent: {}
[0.330538] (person_msgs) JobProgress: {'identifier': 'person_msgs', 'progress': 'cmake'}
[0.334226] (person_msgs) JobProgress: {'identifier': 'person_msgs', 'progress': 'build'}
[0.334342] (person_msgs) Command: {'cmd': ['/usr/bin/cmake', '--build', '/home/aya/ros2_ws/build/person_msgs', '--', '-j8', '-l8'], 'cwd': '/home/aya/ros2_ws/build/person_msgs', 'env': OrderedDict([('USER', 'aya'), ('SHLVL', '1'), ('LD_LIBRARY_PATH', '/home/aya/ros2_ws/install/person_msgs/lib:/opt/ros/humble/opt/rviz_ogre_vendor/lib:/opt/ros/humble/lib/x86_64-linux-gnu:/opt/ros/humble/lib'), ('HOME', '/home/aya'), ('OLDPWD', '/home/aya'), ('ROS_PYTHON_VERSION', '3'), ('DBUS_SESSION_BUS_ADDRESS', 'unix:path=/run/user/1000/bus'), ('WSL_DISTRO_NAME', 'Ubuntu'), ('WAYLAND_DISPLAY', 'wayland-0'), ('COLCON_PREFIX_PATH', '/home/aya/ros2_ws/install'), ('ROS_DISTRO', 'humble'), ('LOGNAME', 'aya'), ('NAME', 'ayaka'), ('WSL_INTEROP', '/run/WSL/17977_interop'), ('PULSE_SERVER', 'unix:/mnt/wslg/PulseServer'), ('_', '/usr/bin/colcon'), ('ROS_VERSION', '2'), ('TERM', 'xterm-256color'), ('ROS_LOCALHOST_ONLY', '1'), ('PATH', '/opt/ros/humble/bin:/usr/local/sbin:/usr/local/bin:/usr/sbin:/usr/bin:/sbin:/bin:/usr/games:/usr/local/games:/usr/lib/wsl/lib:/mnt/c/WINDOWS/system32:/mnt/c/WINDOWS:/mnt/c/WINDOWS/System32/Wbem:/mnt/c/WINDOWS/System32/WindowsPowerShell/v1.0/:/mnt/c/WINDOWS/System32/OpenSSH/:/mnt/c/Program Files/dotnet/:/mnt/c/Program Files/MATLAB/R2023a/bin:/mnt/c/Users/koriz/AppData/Local/Microsoft/WindowsApps:/mnt/c/Users/koriz/AppData/Local/Programs/Microsoft VS Code/bin:/snap/bin'), ('XDG_RUNTIME_DIR', '/run/user/1000/'), ('DISPLAY', ':0'), ('LANG', 'C.UTF-8'), ('AMENT_PREFIX_PATH', '/home/aya/ros2_ws/install/person_msgs:/home/aya/ros2_ws/install/mypkg:/opt/ros/humble'), ('SHELL', '/bin/bash'), ('PWD', '/home/aya/ros2_ws/build/person_msgs'), ('XDG_DATA_DIRS', '/usr/local/share:/usr/share:/var/lib/snapd/desktop'), ('PYTHONPATH', '/home/aya/ros2_ws/install/person_msgs/local/lib/python3.10/dist-packages:/home/aya/ros2_ws/install/mypkg/lib/python3.10/site-packages:/opt/ros/humble/lib/python3.10/site-packages:/opt/ros/humble/local/lib/python3.10/dist-packages'), ('COLCON', '1'), ('WSL2_GUI_APPS_ENABLED', '1'), ('HOSTTYPE', 'x86_64'), ('CMAKE_PREFIX_PATH', '/home/aya/ros2_ws/install/person_msgs:/home/aya/ros2_ws/install/mypkg:/opt/ros/humble'), ('WSLENV', '')]), 'shell': False}
[0.356510] (person_msgs) StdoutLine: {'line': b'-- Found ament_cmake: 1.3.6 (/opt/ros/humble/share/ament_cmake/cmake)\n'}
[0.421198] (-) TimerEvent: {}
[0.495472] (person_msgs) StdoutLine: {'line': b'-- Found ament_lint_auto: 0.12.9 (/opt/ros/humble/share/ament_lint_auto/cmake)\n'}
[0.495964] (person_msgs) StdoutLine: {'line': b'-- Found rosidl_default_generators: 1.2.0 (/opt/ros/humble/share/rosidl_default_generators/cmake)\n'}
[0.497704] (person_msgs) StdoutLine: {'line': b'-- Using all available rosidl_typesupport_c: rosidl_typesupport_fastrtps_c;rosidl_typesupport_introspection_c\n'}
[0.501543] (person_msgs) StdoutLine: {'line': b'-- Found rosidl_adapter: 3.1.5 (/opt/ros/humble/share/rosidl_adapter/cmake)\n'}
[0.522231] (-) TimerEvent: {}
[0.620307] (person_msgs) StdoutLine: {'line': b'-- Using all available rosidl_typesupport_cpp: rosidl_typesupport_fastrtps_cpp;rosidl_typesupport_introspection_cpp\n'}
[0.622605] (-) TimerEvent: {}
[0.634904] (mypkg) Command: {'cmd': ['/usr/bin/python3', 'setup.py', 'egg_info', '--egg-base', '../../build/mypkg', 'build', '--build-base', '/home/aya/ros2_ws/build/mypkg/build', 'install', '--record', '/home/aya/ros2_ws/build/mypkg/install.log', '--single-version-externally-managed'], 'cwd': '/home/aya/ros2_ws/src/mypkg', 'env': {'USER': 'aya', 'SHLVL': '1', 'LD_LIBRARY_PATH': '/home/aya/ros2_ws/install/person_msgs/lib:/opt/ros/humble/opt/rviz_ogre_vendor/lib:/opt/ros/humble/lib/x86_64-linux-gnu:/opt/ros/humble/lib', 'HOME': '/home/aya', 'OLDPWD': '/home/aya', 'ROS_PYTHON_VERSION': '3', 'DBUS_SESSION_BUS_ADDRESS': 'unix:path=/run/user/1000/bus', 'WSL_DISTRO_NAME': 'Ubuntu', 'WAYLAND_DISPLAY': 'wayland-0', 'COLCON_PREFIX_PATH': '/home/aya/ros2_ws/install', 'ROS_DISTRO': 'humble', 'LOGNAME': 'aya', 'NAME': 'ayaka', 'WSL_INTEROP': '/run/WSL/17977_interop', 'PULSE_SERVER': 'unix:/mnt/wslg/PulseServer', '_': '/usr/bin/colcon', 'ROS_VERSION': '2', 'TERM': 'xterm-256color', 'ROS_LOCALHOST_ONLY': '1', 'PATH': '/opt/ros/humble/bin:/usr/local/sbin:/usr/local/bin:/usr/sbin:/usr/bin:/sbin:/bin:/usr/games:/usr/local/games:/usr/lib/wsl/lib:/mnt/c/WINDOWS/system32:/mnt/c/WINDOWS:/mnt/c/WINDOWS/System32/Wbem:/mnt/c/WINDOWS/System32/WindowsPowerShell/v1.0/:/mnt/c/WINDOWS/System32/OpenSSH/:/mnt/c/Program Files/dotnet/:/mnt/c/Program Files/MATLAB/R2023a/bin:/mnt/c/Users/koriz/AppData/Local/Microsoft/WindowsApps:/mnt/c/Users/koriz/AppData/Local/Programs/Microsoft VS Code/bin:/snap/bin', 'XDG_RUNTIME_DIR': '/run/user/1000/', 'DISPLAY': ':0', 'LANG': 'C.UTF-8', 'AMENT_PREFIX_PATH': '/home/aya/ros2_ws/install/person_msgs:/home/aya/ros2_ws/install/mypkg:/opt/ros/humble', 'SHELL': '/bin/bash', 'PWD': '/home/aya/ros2_ws/build/mypkg', 'XDG_DATA_DIRS': '/usr/local/share:/usr/share:/var/lib/snapd/desktop', 'PYTHONPATH': '/home/aya/ros2_ws/build/mypkg/prefix_override:/home/aya/ros2_ws/install/mypkg/lib/python3.10/site-packages:/home/aya/ros2_ws/install/person_msgs/local/lib/python3.10/dist-packages:/home/aya/ros2_ws/install/mypkg/lib/python3.10/site-packages:/opt/ros/humble/lib/python3.10/site-packages:/opt/ros/humble/local/lib/python3.10/dist-packages', 'COLCON': '1', 'WSL2_GUI_APPS_ENABLED': '1', 'HOSTTYPE': 'x86_64', 'CMAKE_PREFIX_PATH': '/home/aya/ros2_ws/install/person_msgs', 'WSLENV': ''}, 'shell': False}
[0.730115] (-) TimerEvent: {}
[0.832759] (person_msgs) StderrLine: {'line': b'\x1b[31mCMake Error at /opt/ros/humble/share/rosidl_adapter/cmake/rosidl_adapt_interfaces.cmake:59 (message):\n'}
[0.833229] (-) TimerEvent: {}
[0.833428] (person_msgs) StderrLine: {'line': b'  execute_process(/usr/bin/python3.10 -m rosidl_adapter --package-name\n'}
[0.833543] (person_msgs) StderrLine: {'line': b'  person_msgs --arguments-file\n'}
[0.833630] (person_msgs) StderrLine: {'line': b'  /home/aya/ros2_ws/build/person_msgs/rosidl_adapter__arguments__person_msgs.json\n'}
[0.833731] (person_msgs) StderrLine: {'line': b'  --output-dir /home/aya/ros2_ws/build/person_msgs/rosidl_adapter/person_msgs\n'}
[0.833829] (person_msgs) StderrLine: {'line': b'  --output-file\n'}
[0.833915] (person_msgs) StderrLine: {'line': b'  /home/aya/ros2_ws/build/person_msgs/rosidl_adapter/person_msgs.idls)\n'}
[0.834013] (person_msgs) StderrLine: {'line': b'  returned error code 1:\n'}
[0.834096] (person_msgs) StderrLine: {'line': b'\n'}
[0.834177] (person_msgs) StderrLine: {'line': b"  Error processing 'tring name' of 'person_msgs/Query_Request': ''tring' is\n"}
[0.834258] (person_msgs) StderrLine: {'line': b"  an invalid message name.  It should have the pattern '^[A-Z][A-Za-z0-9]*$''\n"}
[0.834340] (person_msgs) StderrLine: {'line': b'\n'}
[0.834420] (person_msgs) StderrLine: {'line': b'  Traceback (most recent call last):\n'}
[0.834500] (person_msgs) StderrLine: {'line': b'\n'}
[0.834577] (person_msgs) StderrLine: {'line': b'    File "/usr/lib/python3.10/runpy.py", line 196, in _run_module_as_main\n'}
[0.834658] (person_msgs) StderrLine: {'line': b'      return _run_code(code, main_globals, None,\n'}
[0.834738] (person_msgs) StderrLine: {'line': b'    File "/usr/lib/python3.10/runpy.py", line 86, in _run_code\n'}
[0.834817] (person_msgs) StderrLine: {'line': b'      exec(code, run_globals)\n'}
[0.834884] (person_msgs) StderrLine: {'line': b'    File "/opt/ros/humble/local/lib/python3.10/dist-packages/rosidl_adapter/__main__.py", line 19, in <module>\n'}
[0.834954] (person_msgs) StderrLine: {'line': b'      sys.exit(main())\n'}
[0.835031] (person_msgs) StderrLine: {'line': b'    File "/opt/ros/humble/local/lib/python3.10/dist-packages/rosidl_adapter/main.py", line 53, in main\n'}
[0.835110] (person_msgs) StderrLine: {'line': b'      abs_idl_file = convert_to_idl(\n'}
[0.835182] (person_msgs) StderrLine: {'line': b'    File "/opt/ros/humble/local/lib/python3.10/dist-packages/rosidl_adapter/__init__.py", line 24, in convert_to_idl\n'}
[0.835255] (person_msgs) StderrLine: {'line': b'      return convert_srv_to_idl(\n'}
[0.835324] (person_msgs) StderrLine: {'line': b'    File "/opt/ros/humble/local/lib/python3.10/dist-packages/rosidl_adapter/srv/__init__.py", line 28, in convert_srv_to_idl\n'}
[0.835397] (person_msgs) StderrLine: {'line': b'      srv = parse_service_string(package_name, input_file.stem, content)\n'}
[0.835470] (person_msgs) StderrLine: {'line': b'    File "/opt/ros/humble/local/lib/python3.10/dist-packages/rosidl_adapter/parser.py", line 859, in parse_service_string\n'}
[0.835569] (person_msgs) StderrLine: {'line': b'      request_message = parse_message_string(\n'}
[0.835653] (person_msgs) StderrLine: {'line': b'    File "/opt/ros/humble/local/lib/python3.10/dist-packages/rosidl_adapter/parser.py", line 520, in parse_message_string\n'}
[0.835749] (person_msgs) StderrLine: {'line': b'      Type(type_string, context_package_name=pkg_name),\n'}
[0.835830] (person_msgs) StderrLine: {'line': b'    File "/opt/ros/humble/local/lib/python3.10/dist-packages/rosidl_adapter/parser.py", line 277, in __init__\n'}
[0.835909] (person_msgs) StderrLine: {'line': b'      super(Type, self).__init__(\n'}
[0.835983] (person_msgs) StderrLine: {'line': b'    File "/opt/ros/humble/local/lib/python3.10/dist-packages/rosidl_adapter/parser.py", line 205, in __init__\n'}
[0.836059] (person_msgs) StderrLine: {'line': b'      raise InvalidResourceName(\n'}
[0.836133] (person_msgs) StderrLine: {'line': b'\n'}
[0.836208] (person_msgs) StderrLine: {'line': b"  rosidl_adapter.parser.InvalidResourceName: 'tring' is an invalid message\n"}
[0.836281] (person_msgs) StderrLine: {'line': b"  name.  It should have the pattern '^[A-Z][A-Za-z0-9]*$'\n"}
[0.836357] (person_msgs) StderrLine: {'line': b'\n'}
[0.836434] (person_msgs) StderrLine: {'line': b'Call Stack (most recent call first):\n'}
[0.836509] (person_msgs) StderrLine: {'line': b'  /opt/ros/humble/share/rosidl_cmake/cmake/rosidl_generate_interfaces.cmake:130 (rosidl_adapt_interfaces)\n'}
[0.836580] (person_msgs) StderrLine: {'line': b'  CMakeLists.txt:16 (rosidl_generate_interfaces)\n'}
[0.836655] (person_msgs) StderrLine: {'line': b'\n'}
[0.836729] (person_msgs) StderrLine: {'line': b'\x1b[0m\n'}
[0.836808] (person_msgs) StdoutLine: {'line': b'-- Configuring incomplete, errors occurred!\n'}
[0.836891] (person_msgs) StdoutLine: {'line': b'See also "/home/aya/ros2_ws/build/person_msgs/CMakeFiles/CMakeOutput.log".\n'}
[0.839754] (person_msgs) StderrLine: {'line': b'gmake: *** [Makefile:747: cmake_check_build_system] Error 1\n'}
[0.840675] (mypkg) StdoutLine: {'line': b'running egg_info\n'}
[0.842337] (mypkg) StdoutLine: {'line': b'writing ../../build/mypkg/mypkg.egg-info/PKG-INFO\n'}
[0.844470] (mypkg) StdoutLine: {'line': b'writing dependency_links to ../../build/mypkg/mypkg.egg-info/dependency_links.txt\n'}
[0.845207] (mypkg) StdoutLine: {'line': b'writing entry points to ../../build/mypkg/mypkg.egg-info/entry_points.txt\n'}
[0.845686] (mypkg) StdoutLine: {'line': b'writing requirements to ../../build/mypkg/mypkg.egg-info/requires.txt\n'}
[0.845899] (mypkg) StdoutLine: {'line': b'writing top-level names to ../../build/mypkg/mypkg.egg-info/top_level.txt\n'}
[0.846486] (person_msgs) CommandEnded: {'returncode': 2}
[0.848603] (mypkg) StdoutLine: {'line': b"reading manifest file '../../build/mypkg/mypkg.egg-info/SOURCES.txt'\n"}
[0.848825] (mypkg) StdoutLine: {'line': b"writing manifest file '../../build/mypkg/mypkg.egg-info/SOURCES.txt'\n"}
[0.849015] (mypkg) StdoutLine: {'line': b'running build\n'}
[0.849205] (mypkg) StdoutLine: {'line': b'running build_py\n'}
[0.849378] (mypkg) StdoutLine: {'line': b'running install\n'}
[0.850247] (mypkg) StdoutLine: {'line': b'running install_lib\n'}
[0.850321] (mypkg) StderrLine: {'line': b'/usr/lib/python3/dist-packages/setuptools/command/install.py:34: SetuptoolsDeprecationWarning: setup.py install is deprecated. Use build and pip and other standards-based tools.\n'}
[0.850446] (mypkg) StderrLine: {'line': b'  warnings.warn(\n'}
[0.850512] (mypkg) StdoutLine: {'line': b'byte-compiling /home/aya/ros2_ws/install/mypkg/lib/python3.10/site-packages/mypkg/listener.py to listener.cpython-310.pyc\n'}
[0.850575] (mypkg) StdoutLine: {'line': b'running install_data\n'}
[0.850635] (mypkg) StderrLine: {'line': b'Sorry: IndentationError: unexpected indent (listener.py, line 16)\n'}
[0.850784] (mypkg) StdoutLine: {'line': b'running install_egg_info\n'}
[0.850893] (mypkg) StdoutLine: {'line': b"removing '/home/aya/ros2_ws/install/mypkg/lib/python3.10/site-packages/mypkg-0.0.0-py3.10.egg-info' (and everything under it)\n"}
[0.851265] (mypkg) StdoutLine: {'line': b'Copying ../../build/mypkg/mypkg.egg-info to /home/aya/ros2_ws/install/mypkg/lib/python3.10/site-packages/mypkg-0.0.0-py3.10.egg-info\n'}
[0.852162] (mypkg) StdoutLine: {'line': b'running install_scripts\n'}
[0.874408] (mypkg) StdoutLine: {'line': b'Installing listener script to /home/aya/ros2_ws/install/mypkg/lib/mypkg\n'}
[0.874982] (mypkg) StdoutLine: {'line': b'Installing talker script to /home/aya/ros2_ws/install/mypkg/lib/mypkg\n'}
[0.875592] (mypkg) StdoutLine: {'line': b"writing list of installed files to '/home/aya/ros2_ws/build/mypkg/install.log'\n"}
[0.902822] (mypkg) CommandEnded: {'returncode': 0}
[0.933795] (-) TimerEvent: {}
[0.941165] (mypkg) JobEnded: {'identifier': 'mypkg', 'rc': 0}
[0.998812] (person_msgs) JobEnded: {'identifier': 'person_msgs', 'rc': 2}
[1.010713] (-) EventReactorShutdown: {}
