[0.000000] (-) TimerEvent: {}
[0.000210] (mypkg) JobQueued: {'identifier': 'mypkg', 'dependencies': OrderedDict()}
[0.000246] (person_msgs) JobQueued: {'identifier': 'person_msgs', 'dependencies': OrderedDict()}
[0.000297] (mypkg) JobStarted: {'identifier': 'mypkg'}
[0.070307] (person_msgs) JobStarted: {'identifier': 'person_msgs'}
[0.101863] (-) TimerEvent: {}
[0.203181] (-) TimerEvent: {}
[0.312000] (-) TimerEvent: {}
[0.414074] (person_msgs) JobProgress: {'identifier': 'person_msgs', 'progress': 'cmake'}
[0.414192] (-) TimerEvent: {}
[0.416124] (person_msgs) JobProgress: {'identifier': 'person_msgs', 'progress': 'build'}
[0.416208] (person_msgs) Command: {'cmd': ['/usr/bin/cmake', '--build', '/home/aya/ros2_ws/build/person_msgs', '--', '-j8', '-l8'], 'cwd': '/home/aya/ros2_ws/build/person_msgs', 'env': OrderedDict([('USER', 'aya'), ('SHLVL', '1'), ('LD_LIBRARY_PATH', '/home/aya/ros2_ws/install/person_msgs/lib:/opt/ros/humble/opt/rviz_ogre_vendor/lib:/opt/ros/humble/lib/x86_64-linux-gnu:/opt/ros/humble/lib'), ('HOME', '/home/aya'), ('OLDPWD', '/home/aya'), ('ROS_PYTHON_VERSION', '3'), ('DBUS_SESSION_BUS_ADDRESS', 'unix:path=/run/user/1000/bus'), ('WSL_DISTRO_NAME', 'Ubuntu'), ('WAYLAND_DISPLAY', 'wayland-0'), ('COLCON_PREFIX_PATH', '/home/aya/ros2_ws/install'), ('ROS_DISTRO', 'humble'), ('LOGNAME', 'aya'), ('NAME', 'ayaka'), ('WSL_INTEROP', '/run/WSL/19807_interop'), ('PULSE_SERVER', 'unix:/mnt/wslg/PulseServer'), ('_', '/usr/bin/colcon'), ('ROS_VERSION', '2'), ('TERM', 'xterm-256color'), ('ROS_LOCALHOST_ONLY', '1'), ('PATH', '/opt/ros/humble/bin:/usr/local/sbin:/usr/local/bin:/usr/sbin:/usr/bin:/sbin:/bin:/usr/games:/usr/local/games:/usr/lib/wsl/lib:/mnt/c/WINDOWS/system32:/mnt/c/WINDOWS:/mnt/c/WINDOWS/System32/Wbem:/mnt/c/WINDOWS/System32/WindowsPowerShell/v1.0/:/mnt/c/WINDOWS/System32/OpenSSH/:/mnt/c/Program Files/dotnet/:/mnt/c/Program Files/MATLAB/R2023a/bin:/mnt/c/Users/koriz/AppData/Local/Microsoft/WindowsApps:/mnt/c/Users/koriz/AppData/Local/Programs/Microsoft VS Code/bin:/snap/bin'), ('XDG_RUNTIME_DIR', '/run/user/1000/'), ('DISPLAY', ':0'), ('LANG', 'C.UTF-8'), ('AMENT_PREFIX_PATH', '/home/aya/ros2_ws/install/person_msgs:/home/aya/ros2_ws/install/mypkg:/opt/ros/humble'), ('SHELL', '/bin/bash'), ('PWD', '/home/aya/ros2_ws/build/person_msgs'), ('XDG_DATA_DIRS', '/usr/local/share:/usr/share:/var/lib/snapd/desktop'), ('PYTHONPATH', '/home/aya/ros2_ws/install/person_msgs/local/lib/python3.10/dist-packages:/home/aya/ros2_ws/install/mypkg/lib/python3.10/site-packages:/opt/ros/humble/lib/python3.10/site-packages:/opt/ros/humble/local/lib/python3.10/dist-packages'), ('COLCON', '1'), ('WSL2_GUI_APPS_ENABLED', '1'), ('HOSTTYPE', 'x86_64'), ('CMAKE_PREFIX_PATH', '/home/aya/ros2_ws/install/person_msgs:/home/aya/ros2_ws/install/mypkg:/opt/ros/humble'), ('WSLENV', '')]), 'shell': False}
[0.475268] (person_msgs) StdoutLine: {'line': b'[  3%] Built target person_msgs__cpp\n'}
[0.475855] (person_msgs) StdoutLine: {'line': b'[ 12%] Built target person_msgs__rosidl_generator_c\n'}
[0.486231] (person_msgs) StdoutLine: {'line': b'[ 12%] Built target ament_cmake_python_copy_person_msgs\n'}
[0.500204] (person_msgs) StdoutLine: {'line': b'[ 38%] Built target person_msgs__rosidl_typesupport_c\n'}
[0.500570] (person_msgs) StdoutLine: {'line': b'[ 41%] Built target person_msgs__rosidl_typesupport_introspection_c\n'}
[0.500712] (person_msgs) StdoutLine: {'line': b'[ 41%] Built target person_msgs__rosidl_typesupport_introspection_cpp\n'}
[0.500816] (person_msgs) StdoutLine: {'line': b'[ 51%] Built target person_msgs__rosidl_typesupport_fastrtps_cpp\n'}
[0.508459] (person_msgs) StdoutLine: {'line': b'[ 61%] Built target person_msgs__rosidl_typesupport_cpp\n'}
[0.510620] (person_msgs) StdoutLine: {'line': b'[ 70%] Built target person_msgs__rosidl_typesupport_fastrtps_c\n'}
[0.514494] (-) TimerEvent: {}
[0.530071] (person_msgs) StdoutLine: {'line': b'[ 70%] Built target person_msgs\n'}
[0.549414] (person_msgs) StdoutLine: {'line': b'[ 74%] Built target person_msgs__py\n'}
[0.574025] (person_msgs) StdoutLine: {'line': b'[ 80%] Built target person_msgs__rosidl_generator_py\n'}
[0.599332] (person_msgs) StdoutLine: {'line': b'[ 87%] Built target person_msgs__rosidl_typesupport_c__pyext\n'}
[0.599720] (person_msgs) StdoutLine: {'line': b'[ 93%] Built target person_msgs__rosidl_typesupport_introspection_c__pyext\n'}
[0.599930] (person_msgs) StdoutLine: {'line': b'[100%] Built target person_msgs__rosidl_typesupport_fastrtps_c__pyext\n'}
[0.614828] (-) TimerEvent: {}
[0.715537] (-) TimerEvent: {}
[0.798466] (person_msgs) StdoutLine: {'line': b'running egg_info\n'}
[0.799911] (person_msgs) StdoutLine: {'line': b'writing person_msgs.egg-info/PKG-INFO\n'}
[0.800307] (person_msgs) StdoutLine: {'line': b'writing dependency_links to person_msgs.egg-info/dependency_links.txt\n'}
[0.800736] (person_msgs) StdoutLine: {'line': b'writing top-level names to person_msgs.egg-info/top_level.txt\n'}
[0.803119] (person_msgs) StdoutLine: {'line': b"reading manifest file 'person_msgs.egg-info/SOURCES.txt'\n"}
[0.803808] (person_msgs) StdoutLine: {'line': b"writing manifest file 'person_msgs.egg-info/SOURCES.txt'\n"}
[0.816111] (-) TimerEvent: {}
[0.842047] (person_msgs) StdoutLine: {'line': b'[100%] Built target ament_cmake_python_build_person_msgs_egg\n'}
[0.854678] (mypkg) Command: {'cmd': ['/usr/bin/python3', 'setup.py', 'egg_info', '--egg-base', '../../build/mypkg', 'build', '--build-base', '/home/aya/ros2_ws/build/mypkg/build', 'install', '--record', '/home/aya/ros2_ws/build/mypkg/install.log', '--single-version-externally-managed'], 'cwd': '/home/aya/ros2_ws/src/mypkg', 'env': {'USER': 'aya', 'SHLVL': '1', 'LD_LIBRARY_PATH': '/home/aya/ros2_ws/install/person_msgs/lib:/opt/ros/humble/opt/rviz_ogre_vendor/lib:/opt/ros/humble/lib/x86_64-linux-gnu:/opt/ros/humble/lib', 'HOME': '/home/aya', 'OLDPWD': '/home/aya', 'ROS_PYTHON_VERSION': '3', 'DBUS_SESSION_BUS_ADDRESS': 'unix:path=/run/user/1000/bus', 'WSL_DISTRO_NAME': 'Ubuntu', 'WAYLAND_DISPLAY': 'wayland-0', 'COLCON_PREFIX_PATH': '/home/aya/ros2_ws/install', 'ROS_DISTRO': 'humble', 'LOGNAME': 'aya', 'NAME': 'ayaka', 'WSL_INTEROP': '/run/WSL/19807_interop', 'PULSE_SERVER': 'unix:/mnt/wslg/PulseServer', '_': '/usr/bin/colcon', 'ROS_VERSION': '2', 'TERM': 'xterm-256color', 'ROS_LOCALHOST_ONLY': '1', 'PATH': '/opt/ros/humble/bin:/usr/local/sbin:/usr/local/bin:/usr/sbin:/usr/bin:/sbin:/bin:/usr/games:/usr/local/games:/usr/lib/wsl/lib:/mnt/c/WINDOWS/system32:/mnt/c/WINDOWS:/mnt/c/WINDOWS/System32/Wbem:/mnt/c/WINDOWS/System32/WindowsPowerShell/v1.0/:/mnt/c/WINDOWS/System32/OpenSSH/:/mnt/c/Program Files/dotnet/:/mnt/c/Program Files/MATLAB/R2023a/bin:/mnt/c/Users/koriz/AppData/Local/Microsoft/WindowsApps:/mnt/c/Users/koriz/AppData/Local/Programs/Microsoft VS Code/bin:/snap/bin', 'XDG_RUNTIME_DIR': '/run/user/1000/', 'DISPLAY': ':0', 'LANG': 'C.UTF-8', 'AMENT_PREFIX_PATH': '/home/aya/ros2_ws/install/person_msgs:/home/aya/ros2_ws/install/mypkg:/opt/ros/humble', 'SHELL': '/bin/bash', 'PWD': '/home/aya/ros2_ws/build/mypkg', 'XDG_DATA_DIRS': '/usr/local/share:/usr/share:/var/lib/snapd/desktop', 'PYTHONPATH': '/home/aya/ros2_ws/build/mypkg/prefix_override:/home/aya/ros2_ws/install/mypkg/lib/python3.10/site-packages:/home/aya/ros2_ws/install/person_msgs/local/lib/python3.10/dist-packages:/home/aya/ros2_ws/install/mypkg/lib/python3.10/site-packages:/opt/ros/humble/lib/python3.10/site-packages:/opt/ros/humble/local/lib/python3.10/dist-packages', 'COLCON': '1', 'WSL2_GUI_APPS_ENABLED': '1', 'HOSTTYPE': 'x86_64', 'CMAKE_PREFIX_PATH': '/home/aya/ros2_ws/install/person_msgs', 'WSLENV': ''}, 'shell': False}
[0.858845] (person_msgs) CommandEnded: {'returncode': 0}
[0.913481] (person_msgs) JobProgress: {'identifier': 'person_msgs', 'progress': 'install'}
[0.916449] (-) TimerEvent: {}
[0.923926] (person_msgs) Command: {'cmd': ['/usr/bin/cmake', '--install', '/home/aya/ros2_ws/build/person_msgs'], 'cwd': '/home/aya/ros2_ws/build/person_msgs', 'env': OrderedDict([('USER', 'aya'), ('SHLVL', '1'), ('LD_LIBRARY_PATH', '/home/aya/ros2_ws/install/person_msgs/lib:/opt/ros/humble/opt/rviz_ogre_vendor/lib:/opt/ros/humble/lib/x86_64-linux-gnu:/opt/ros/humble/lib'), ('HOME', '/home/aya'), ('OLDPWD', '/home/aya'), ('ROS_PYTHON_VERSION', '3'), ('DBUS_SESSION_BUS_ADDRESS', 'unix:path=/run/user/1000/bus'), ('WSL_DISTRO_NAME', 'Ubuntu'), ('WAYLAND_DISPLAY', 'wayland-0'), ('COLCON_PREFIX_PATH', '/home/aya/ros2_ws/install'), ('ROS_DISTRO', 'humble'), ('LOGNAME', 'aya'), ('NAME', 'ayaka'), ('WSL_INTEROP', '/run/WSL/19807_interop'), ('PULSE_SERVER', 'unix:/mnt/wslg/PulseServer'), ('_', '/usr/bin/colcon'), ('ROS_VERSION', '2'), ('TERM', 'xterm-256color'), ('ROS_LOCALHOST_ONLY', '1'), ('PATH', '/opt/ros/humble/bin:/usr/local/sbin:/usr/local/bin:/usr/sbin:/usr/bin:/sbin:/bin:/usr/games:/usr/local/games:/usr/lib/wsl/lib:/mnt/c/WINDOWS/system32:/mnt/c/WINDOWS:/mnt/c/WINDOWS/System32/Wbem:/mnt/c/WINDOWS/System32/WindowsPowerShell/v1.0/:/mnt/c/WINDOWS/System32/OpenSSH/:/mnt/c/Program Files/dotnet/:/mnt/c/Program Files/MATLAB/R2023a/bin:/mnt/c/Users/koriz/AppData/Local/Microsoft/WindowsApps:/mnt/c/Users/koriz/AppData/Local/Programs/Microsoft VS Code/bin:/snap/bin'), ('XDG_RUNTIME_DIR', '/run/user/1000/'), ('DISPLAY', ':0'), ('LANG', 'C.UTF-8'), ('AMENT_PREFIX_PATH', '/home/aya/ros2_ws/install/person_msgs:/home/aya/ros2_ws/install/mypkg:/opt/ros/humble'), ('SHELL', '/bin/bash'), ('PWD', '/home/aya/ros2_ws/build/person_msgs'), ('XDG_DATA_DIRS', '/usr/local/share:/usr/share:/var/lib/snapd/desktop'), ('PYTHONPATH', '/home/aya/ros2_ws/install/person_msgs/local/lib/python3.10/dist-packages:/home/aya/ros2_ws/install/mypkg/lib/python3.10/site-packages:/opt/ros/humble/lib/python3.10/site-packages:/opt/ros/humble/local/lib/python3.10/dist-packages'), ('COLCON', '1'), ('WSL2_GUI_APPS_ENABLED', '1'), ('HOSTTYPE', 'x86_64'), ('CMAKE_PREFIX_PATH', '/home/aya/ros2_ws/install/person_msgs:/home/aya/ros2_ws/install/mypkg:/opt/ros/humble'), ('WSLENV', '')]), 'shell': False}
[0.932109] (person_msgs) StdoutLine: {'line': b'-- Install configuration: ""\n'}
[0.932576] (person_msgs) StdoutLine: {'line': b'-- Up-to-date: /home/aya/ros2_ws/install/person_msgs/share/ament_index/resource_index/rosidl_interfaces/person_msgs\n'}
[0.932886] (person_msgs) StdoutLine: {'line': b'-- Up-to-date: /home/aya/ros2_ws/install/person_msgs/include/person_msgs/person_msgs\n'}
[0.933087] (person_msgs) StdoutLine: {'line': b'-- Up-to-date: /home/aya/ros2_ws/install/person_msgs/include/person_msgs/person_msgs/msg\n'}
[0.933450] (person_msgs) StdoutLine: {'line': b'-- Up-to-date: /home/aya/ros2_ws/install/person_msgs/include/person_msgs/person_msgs/msg/detail\n'}
[0.933609] (person_msgs) StdoutLine: {'line': b'-- Up-to-date: /home/aya/ros2_ws/install/person_msgs/include/person_msgs/person_msgs/msg/detail/person__type_support.h\n'}
[0.933835] (person_msgs) StdoutLine: {'line': b'-- Up-to-date: /home/aya/ros2_ws/install/person_msgs/include/person_msgs/person_msgs/msg/detail/person__functions.c\n'}
[0.934055] (person_msgs) StdoutLine: {'line': b'-- Up-to-date: /home/aya/ros2_ws/install/person_msgs/include/person_msgs/person_msgs/msg/detail/person__functions.h\n'}
[0.934284] (person_msgs) StdoutLine: {'line': b'-- Up-to-date: /home/aya/ros2_ws/install/person_msgs/include/person_msgs/person_msgs/msg/detail/person__struct.h\n'}
[0.934503] (person_msgs) StdoutLine: {'line': b'-- Up-to-date: /home/aya/ros2_ws/install/person_msgs/include/person_msgs/person_msgs/msg/rosidl_generator_c__visibility_control.h\n'}
[0.934704] (person_msgs) StdoutLine: {'line': b'-- Up-to-date: /home/aya/ros2_ws/install/person_msgs/include/person_msgs/person_msgs/msg/person.h\n'}
[0.934906] (person_msgs) StdoutLine: {'line': b'-- Up-to-date: /home/aya/ros2_ws/install/person_msgs/share/person_msgs/environment/library_path.sh\n'}
[0.935098] (person_msgs) StdoutLine: {'line': b'-- Up-to-date: /home/aya/ros2_ws/install/person_msgs/share/person_msgs/environment/library_path.dsv\n'}
[0.935293] (person_msgs) StdoutLine: {'line': b'-- Up-to-date: /home/aya/ros2_ws/install/person_msgs/lib/libperson_msgs__rosidl_generator_c.so\n'}
[0.935479] (person_msgs) StdoutLine: {'line': b'-- Up-to-date: /home/aya/ros2_ws/install/person_msgs/include/person_msgs/person_msgs\n'}
[0.935671] (person_msgs) StdoutLine: {'line': b'-- Up-to-date: /home/aya/ros2_ws/install/person_msgs/include/person_msgs/person_msgs/msg\n'}
[0.935992] (person_msgs) StdoutLine: {'line': b'-- Up-to-date: /home/aya/ros2_ws/install/person_msgs/include/person_msgs/person_msgs/msg/detail\n'}
[0.936180] (person_msgs) StdoutLine: {'line': b'-- Up-to-date: /home/aya/ros2_ws/install/person_msgs/include/person_msgs/person_msgs/msg/detail/person__rosidl_typesupport_fastrtps_c.h\n'}
[0.936370] (person_msgs) StdoutLine: {'line': b'-- Up-to-date: /home/aya/ros2_ws/install/person_msgs/include/person_msgs/person_msgs/msg/rosidl_typesupport_fastrtps_c__visibility_control.h\n'}
[0.936692] (person_msgs) StdoutLine: {'line': b'-- Up-to-date: /home/aya/ros2_ws/install/person_msgs/lib/libperson_msgs__rosidl_typesupport_fastrtps_c.so\n'}
[0.936924] (person_msgs) StdoutLine: {'line': b'-- Up-to-date: /home/aya/ros2_ws/install/person_msgs/include/person_msgs/person_msgs\n'}
[0.937288] (person_msgs) StdoutLine: {'line': b'-- Up-to-date: /home/aya/ros2_ws/install/person_msgs/include/person_msgs/person_msgs/msg\n'}
[0.937504] (person_msgs) StdoutLine: {'line': b'-- Up-to-date: /home/aya/ros2_ws/install/person_msgs/include/person_msgs/person_msgs/msg/detail\n'}
[0.937615] (person_msgs) StdoutLine: {'line': b'-- Up-to-date: /home/aya/ros2_ws/install/person_msgs/include/person_msgs/person_msgs/msg/detail/person__rosidl_typesupport_introspection_c.h\n'}
[0.937714] (person_msgs) StdoutLine: {'line': b'-- Up-to-date: /home/aya/ros2_ws/install/person_msgs/include/person_msgs/person_msgs/msg/detail/person__type_support.c\n'}
[0.937803] (person_msgs) StdoutLine: {'line': b'-- Up-to-date: /home/aya/ros2_ws/install/person_msgs/include/person_msgs/person_msgs/msg/rosidl_typesupport_introspection_c__visibility_control.h\n'}
[0.937887] (person_msgs) StdoutLine: {'line': b'-- Up-to-date: /home/aya/ros2_ws/install/person_msgs/lib/libperson_msgs__rosidl_typesupport_introspection_c.so\n'}
[0.937972] (person_msgs) StdoutLine: {'line': b'-- Up-to-date: /home/aya/ros2_ws/install/person_msgs/lib/libperson_msgs__rosidl_typesupport_c.so\n'}
[0.938067] (person_msgs) StdoutLine: {'line': b'-- Up-to-date: /home/aya/ros2_ws/install/person_msgs/include/person_msgs/person_msgs\n'}
[0.938150] (person_msgs) StdoutLine: {'line': b'-- Up-to-date: /home/aya/ros2_ws/install/person_msgs/include/person_msgs/person_msgs/msg\n'}
[0.938232] (person_msgs) StdoutLine: {'line': b'-- Up-to-date: /home/aya/ros2_ws/install/person_msgs/include/person_msgs/person_msgs/msg/detail\n'}
[0.938311] (person_msgs) StdoutLine: {'line': b'-- Up-to-date: /home/aya/ros2_ws/install/person_msgs/include/person_msgs/person_msgs/msg/detail/person__struct.hpp\n'}
[0.938404] (person_msgs) StdoutLine: {'line': b'-- Up-to-date: /home/aya/ros2_ws/install/person_msgs/include/person_msgs/person_msgs/msg/detail/person__builder.hpp\n'}
[0.938489] (person_msgs) StdoutLine: {'line': b'-- Up-to-date: /home/aya/ros2_ws/install/person_msgs/include/person_msgs/person_msgs/msg/detail/person__traits.hpp\n'}
[0.938573] (person_msgs) StdoutLine: {'line': b'-- Up-to-date: /home/aya/ros2_ws/install/person_msgs/include/person_msgs/person_msgs/msg/person.hpp\n'}
[0.938656] (person_msgs) StdoutLine: {'line': b'-- Up-to-date: /home/aya/ros2_ws/install/person_msgs/include/person_msgs/person_msgs\n'}
[0.938736] (person_msgs) StdoutLine: {'line': b'-- Up-to-date: /home/aya/ros2_ws/install/person_msgs/include/person_msgs/person_msgs/msg\n'}
[0.938816] (person_msgs) StdoutLine: {'line': b'-- Up-to-date: /home/aya/ros2_ws/install/person_msgs/include/person_msgs/person_msgs/msg/detail\n'}
[0.938897] (person_msgs) StdoutLine: {'line': b'-- Up-to-date: /home/aya/ros2_ws/install/person_msgs/include/person_msgs/person_msgs/msg/detail/dds_fastrtps\n'}
[0.938979] (person_msgs) StdoutLine: {'line': b'-- Up-to-date: /home/aya/ros2_ws/install/person_msgs/include/person_msgs/person_msgs/msg/detail/person__rosidl_typesupport_fastrtps_cpp.hpp\n'}
[0.939065] (person_msgs) StdoutLine: {'line': b'-- Up-to-date: /home/aya/ros2_ws/install/person_msgs/include/person_msgs/person_msgs/msg/rosidl_typesupport_fastrtps_cpp__visibility_control.h\n'}
[0.939150] (person_msgs) StdoutLine: {'line': b'-- Up-to-date: /home/aya/ros2_ws/install/person_msgs/lib/libperson_msgs__rosidl_typesupport_fastrtps_cpp.so\n'}
[0.939227] (person_msgs) StdoutLine: {'line': b'-- Up-to-date: /home/aya/ros2_ws/install/person_msgs/include/person_msgs/person_msgs\n'}
[0.939303] (person_msgs) StdoutLine: {'line': b'-- Up-to-date: /home/aya/ros2_ws/install/person_msgs/include/person_msgs/person_msgs/msg\n'}
[0.939384] (person_msgs) StdoutLine: {'line': b'-- Up-to-date: /home/aya/ros2_ws/install/person_msgs/include/person_msgs/person_msgs/msg/detail\n'}
[0.939466] (person_msgs) StdoutLine: {'line': b'-- Up-to-date: /home/aya/ros2_ws/install/person_msgs/include/person_msgs/person_msgs/msg/detail/person__type_support.cpp\n'}
[0.939551] (person_msgs) StdoutLine: {'line': b'-- Up-to-date: /home/aya/ros2_ws/install/person_msgs/include/person_msgs/person_msgs/msg/detail/person__rosidl_typesupport_introspection_cpp.hpp\n'}
[0.939635] (person_msgs) StdoutLine: {'line': b'-- Up-to-date: /home/aya/ros2_ws/install/person_msgs/lib/libperson_msgs__rosidl_typesupport_introspection_cpp.so\n'}
[0.939720] (person_msgs) StdoutLine: {'line': b'-- Up-to-date: /home/aya/ros2_ws/install/person_msgs/lib/libperson_msgs__rosidl_typesupport_cpp.so\n'}
[0.939801] (person_msgs) StdoutLine: {'line': b'-- Up-to-date: /home/aya/ros2_ws/install/person_msgs/share/person_msgs/environment/pythonpath.sh\n'}
[0.939881] (person_msgs) StdoutLine: {'line': b'-- Up-to-date: /home/aya/ros2_ws/install/person_msgs/share/person_msgs/environment/pythonpath.dsv\n'}
[0.939958] (person_msgs) StdoutLine: {'line': b'-- Up-to-date: /home/aya/ros2_ws/install/person_msgs/local/lib/python3.10/dist-packages/person_msgs-0.0.0-py3.10.egg-info\n'}
[0.940035] (person_msgs) StdoutLine: {'line': b'-- Installing: /home/aya/ros2_ws/install/person_msgs/local/lib/python3.10/dist-packages/person_msgs-0.0.0-py3.10.egg-info/SOURCES.txt\n'}
[0.940116] (person_msgs) StdoutLine: {'line': b'-- Installing: /home/aya/ros2_ws/install/person_msgs/local/lib/python3.10/dist-packages/person_msgs-0.0.0-py3.10.egg-info/PKG-INFO\n'}
[0.940202] (person_msgs) StdoutLine: {'line': b'-- Installing: /home/aya/ros2_ws/install/person_msgs/local/lib/python3.10/dist-packages/person_msgs-0.0.0-py3.10.egg-info/top_level.txt\n'}
[0.940284] (person_msgs) StdoutLine: {'line': b'-- Installing: /home/aya/ros2_ws/install/person_msgs/local/lib/python3.10/dist-packages/person_msgs-0.0.0-py3.10.egg-info/dependency_links.txt\n'}
[0.940362] (person_msgs) StdoutLine: {'line': b'-- Up-to-date: /home/aya/ros2_ws/install/person_msgs/local/lib/python3.10/dist-packages/person_msgs\n'}
[0.940440] (person_msgs) StdoutLine: {'line': b'-- Up-to-date: /home/aya/ros2_ws/install/person_msgs/local/lib/python3.10/dist-packages/person_msgs/person_msgs_s__rosidl_typesupport_introspection_c.cpython-310-x86_64-linux-gnu.so\n'}
[0.940520] (person_msgs) StdoutLine: {'line': b'-- Up-to-date: /home/aya/ros2_ws/install/person_msgs/local/lib/python3.10/dist-packages/person_msgs/msg\n'}
[0.940601] (person_msgs) StdoutLine: {'line': b'-- Up-to-date: /home/aya/ros2_ws/install/person_msgs/local/lib/python3.10/dist-packages/person_msgs/msg/_person.py\n'}
[0.940684] (person_msgs) StdoutLine: {'line': b'-- Up-to-date: /home/aya/ros2_ws/install/person_msgs/local/lib/python3.10/dist-packages/person_msgs/msg/__init__.py\n'}
[0.940767] (person_msgs) StdoutLine: {'line': b'-- Up-to-date: /home/aya/ros2_ws/install/person_msgs/local/lib/python3.10/dist-packages/person_msgs/msg/_person_s.c\n'}
[0.940844] (person_msgs) StdoutLine: {'line': b'-- Up-to-date: /home/aya/ros2_ws/install/person_msgs/local/lib/python3.10/dist-packages/person_msgs/person_msgs_s__rosidl_typesupport_c.cpython-310-x86_64-linux-gnu.so\n'}
[0.940922] (person_msgs) StdoutLine: {'line': b'-- Up-to-date: /home/aya/ros2_ws/install/person_msgs/local/lib/python3.10/dist-packages/person_msgs/_person_msgs_s.ep.rosidl_typesupport_c.c\n'}
[0.941012] (person_msgs) StdoutLine: {'line': b'-- Up-to-date: /home/aya/ros2_ws/install/person_msgs/local/lib/python3.10/dist-packages/person_msgs/libperson_msgs__rosidl_generator_py.so\n'}
[0.941097] (person_msgs) StdoutLine: {'line': b'-- Up-to-date: /home/aya/ros2_ws/install/person_msgs/local/lib/python3.10/dist-packages/person_msgs/_person_msgs_s.ep.rosidl_typesupport_fastrtps_c.c\n'}
[0.941180] (person_msgs) StdoutLine: {'line': b'-- Up-to-date: /home/aya/ros2_ws/install/person_msgs/local/lib/python3.10/dist-packages/person_msgs/__init__.py\n'}
[0.941264] (person_msgs) StdoutLine: {'line': b'-- Up-to-date: /home/aya/ros2_ws/install/person_msgs/local/lib/python3.10/dist-packages/person_msgs/person_msgs_s__rosidl_typesupport_fastrtps_c.cpython-310-x86_64-linux-gnu.so\n'}
[0.941345] (person_msgs) StdoutLine: {'line': b'-- Up-to-date: /home/aya/ros2_ws/install/person_msgs/local/lib/python3.10/dist-packages/person_msgs/_person_msgs_s.ep.rosidl_typesupport_introspection_c.c\n'}
[0.969145] (person_msgs) StdoutLine: {'line': b"Listing '/home/aya/ros2_ws/install/person_msgs/local/lib/python3.10/dist-packages/person_msgs'...\n"}
[0.969409] (person_msgs) StdoutLine: {'line': b"Listing '/home/aya/ros2_ws/install/person_msgs/local/lib/python3.10/dist-packages/person_msgs/msg'...\n"}
[0.973167] (person_msgs) StdoutLine: {'line': b'-- Up-to-date: /home/aya/ros2_ws/install/person_msgs/local/lib/python3.10/dist-packages/person_msgs/person_msgs_s__rosidl_typesupport_fastrtps_c.cpython-310-x86_64-linux-gnu.so\n'}
[0.973498] (person_msgs) StdoutLine: {'line': b'-- Up-to-date: /home/aya/ros2_ws/install/person_msgs/local/lib/python3.10/dist-packages/person_msgs/person_msgs_s__rosidl_typesupport_introspection_c.cpython-310-x86_64-linux-gnu.so\n'}
[0.974105] (person_msgs) StdoutLine: {'line': b'-- Up-to-date: /home/aya/ros2_ws/install/person_msgs/local/lib/python3.10/dist-packages/person_msgs/person_msgs_s__rosidl_typesupport_c.cpython-310-x86_64-linux-gnu.so\n'}
[0.974321] (person_msgs) StdoutLine: {'line': b'-- Up-to-date: /home/aya/ros2_ws/install/person_msgs/lib/libperson_msgs__rosidl_generator_py.so\n'}
[0.974795] (person_msgs) StdoutLine: {'line': b'-- Up-to-date: /home/aya/ros2_ws/install/person_msgs/share/person_msgs/msg/Person.idl\n'}
[0.975011] (person_msgs) StdoutLine: {'line': b'-- Up-to-date: /home/aya/ros2_ws/install/person_msgs/share/person_msgs/msg/Person.msg\n'}
[0.975355] (person_msgs) StdoutLine: {'line': b'-- Up-to-date: /home/aya/ros2_ws/install/person_msgs/share/ament_index/resource_index/package_run_dependencies/person_msgs\n'}
[0.975488] (person_msgs) StdoutLine: {'line': b'-- Up-to-date: /home/aya/ros2_ws/install/person_msgs/share/ament_index/resource_index/parent_prefix_path/person_msgs\n'}
[0.975728] (person_msgs) StdoutLine: {'line': b'-- Up-to-date: /home/aya/ros2_ws/install/person_msgs/share/person_msgs/environment/ament_prefix_path.sh\n'}
[0.975949] (person_msgs) StdoutLine: {'line': b'-- Up-to-date: /home/aya/ros2_ws/install/person_msgs/share/person_msgs/environment/ament_prefix_path.dsv\n'}
[0.976110] (person_msgs) StdoutLine: {'line': b'-- Up-to-date: /home/aya/ros2_ws/install/person_msgs/share/person_msgs/environment/path.sh\n'}
[0.976306] (person_msgs) StdoutLine: {'line': b'-- Up-to-date: /home/aya/ros2_ws/install/person_msgs/share/person_msgs/environment/path.dsv\n'}
[0.976507] (person_msgs) StdoutLine: {'line': b'-- Up-to-date: /home/aya/ros2_ws/install/person_msgs/share/person_msgs/local_setup.bash\n'}
[0.976802] (person_msgs) StdoutLine: {'line': b'-- Up-to-date: /home/aya/ros2_ws/install/person_msgs/share/person_msgs/local_setup.sh\n'}
[0.977183] (person_msgs) StdoutLine: {'line': b'-- Up-to-date: /home/aya/ros2_ws/install/person_msgs/share/person_msgs/local_setup.zsh\n'}
[0.977373] (person_msgs) StdoutLine: {'line': b'-- Up-to-date: /home/aya/ros2_ws/install/person_msgs/share/person_msgs/local_setup.dsv\n'}
[0.977555] (person_msgs) StdoutLine: {'line': b'-- Installing: /home/aya/ros2_ws/install/person_msgs/share/person_msgs/package.dsv\n'}
[0.977741] (person_msgs) StdoutLine: {'line': b'-- Up-to-date: /home/aya/ros2_ws/install/person_msgs/share/ament_index/resource_index/packages/person_msgs\n'}
[0.978042] (person_msgs) StdoutLine: {'line': b'-- Up-to-date: /home/aya/ros2_ws/install/person_msgs/share/person_msgs/cmake/export_person_msgs__rosidl_generator_cExport.cmake\n'}
[0.978236] (person_msgs) StdoutLine: {'line': b'-- Up-to-date: /home/aya/ros2_ws/install/person_msgs/share/person_msgs/cmake/export_person_msgs__rosidl_generator_cExport-noconfig.cmake\n'}
[0.978426] (person_msgs) StdoutLine: {'line': b'-- Up-to-date: /home/aya/ros2_ws/install/person_msgs/share/person_msgs/cmake/export_person_msgs__rosidl_typesupport_fastrtps_cExport.cmake\n'}
[0.978614] (person_msgs) StdoutLine: {'line': b'-- Up-to-date: /home/aya/ros2_ws/install/person_msgs/share/person_msgs/cmake/export_person_msgs__rosidl_typesupport_fastrtps_cExport-noconfig.cmake\n'}
[0.978802] (person_msgs) StdoutLine: {'line': b'-- Up-to-date: /home/aya/ros2_ws/install/person_msgs/share/person_msgs/cmake/person_msgs__rosidl_typesupport_introspection_cExport.cmake\n'}
[0.978907] (person_msgs) StdoutLine: {'line': b'-- Up-to-date: /home/aya/ros2_ws/install/person_msgs/share/person_msgs/cmake/person_msgs__rosidl_typesupport_introspection_cExport-noconfig.cmake\n'}
[0.979100] (person_msgs) StdoutLine: {'line': b'-- Up-to-date: /home/aya/ros2_ws/install/person_msgs/share/person_msgs/cmake/person_msgs__rosidl_typesupport_cExport.cmake\n'}
[0.979273] (person_msgs) StdoutLine: {'line': b'-- Up-to-date: /home/aya/ros2_ws/install/person_msgs/share/person_msgs/cmake/person_msgs__rosidl_typesupport_cExport-noconfig.cmake\n'}
[0.979378] (person_msgs) StdoutLine: {'line': b'-- Up-to-date: /home/aya/ros2_ws/install/person_msgs/share/person_msgs/cmake/export_person_msgs__rosidl_generator_cppExport.cmake\n'}
[0.979459] (person_msgs) StdoutLine: {'line': b'-- Up-to-date: /home/aya/ros2_ws/install/person_msgs/share/person_msgs/cmake/export_person_msgs__rosidl_typesupport_fastrtps_cppExport.cmake\n'}
[0.979529] (person_msgs) StdoutLine: {'line': b'-- Up-to-date: /home/aya/ros2_ws/install/person_msgs/share/person_msgs/cmake/export_person_msgs__rosidl_typesupport_fastrtps_cppExport-noconfig.cmake\n'}
[0.979596] (person_msgs) StdoutLine: {'line': b'-- Up-to-date: /home/aya/ros2_ws/install/person_msgs/share/person_msgs/cmake/person_msgs__rosidl_typesupport_introspection_cppExport.cmake\n'}
[0.979663] (person_msgs) StdoutLine: {'line': b'-- Up-to-date: /home/aya/ros2_ws/install/person_msgs/share/person_msgs/cmake/person_msgs__rosidl_typesupport_introspection_cppExport-noconfig.cmake\n'}
[0.979729] (person_msgs) StdoutLine: {'line': b'-- Up-to-date: /home/aya/ros2_ws/install/person_msgs/share/person_msgs/cmake/person_msgs__rosidl_typesupport_cppExport.cmake\n'}
[0.979795] (person_msgs) StdoutLine: {'line': b'-- Up-to-date: /home/aya/ros2_ws/install/person_msgs/share/person_msgs/cmake/person_msgs__rosidl_typesupport_cppExport-noconfig.cmake\n'}
[0.979861] (person_msgs) StdoutLine: {'line': b'-- Up-to-date: /home/aya/ros2_ws/install/person_msgs/share/person_msgs/cmake/export_person_msgs__rosidl_generator_pyExport.cmake\n'}
[0.979934] (person_msgs) StdoutLine: {'line': b'-- Up-to-date: /home/aya/ros2_ws/install/person_msgs/share/person_msgs/cmake/export_person_msgs__rosidl_generator_pyExport-noconfig.cmake\n'}
[0.980002] (person_msgs) StdoutLine: {'line': b'-- Up-to-date: /home/aya/ros2_ws/install/person_msgs/share/person_msgs/cmake/rosidl_cmake-extras.cmake\n'}
[0.980254] (person_msgs) StdoutLine: {'line': b'-- Up-to-date: /home/aya/ros2_ws/install/person_msgs/share/person_msgs/cmake/ament_cmake_export_include_directories-extras.cmake\n'}
[0.980839] (person_msgs) StdoutLine: {'line': b'-- Up-to-date: /home/aya/ros2_ws/install/person_msgs/share/person_msgs/cmake/ament_cmake_export_libraries-extras.cmake\n'}
[0.981028] (person_msgs) StdoutLine: {'line': b'-- Up-to-date: /home/aya/ros2_ws/install/person_msgs/share/person_msgs/cmake/ament_cmake_export_targets-extras.cmake\n'}
[0.981205] (person_msgs) StdoutLine: {'line': b'-- Up-to-date: /home/aya/ros2_ws/install/person_msgs/share/person_msgs/cmake/rosidl_cmake_export_typesupport_targets-extras.cmake\n'}
[0.981375] (person_msgs) StdoutLine: {'line': b'-- Up-to-date: /home/aya/ros2_ws/install/person_msgs/share/person_msgs/cmake/ament_cmake_export_dependencies-extras.cmake\n'}
[0.981855] (person_msgs) StdoutLine: {'line': b'-- Up-to-date: /home/aya/ros2_ws/install/person_msgs/share/person_msgs/cmake/rosidl_cmake_export_typesupport_libraries-extras.cmake\n'}
[0.982271] (person_msgs) StdoutLine: {'line': b'-- Up-to-date: /home/aya/ros2_ws/install/person_msgs/share/person_msgs/cmake/person_msgsConfig.cmake\n'}
[0.985939] (person_msgs) StdoutLine: {'line': b'-- Up-to-date: /home/aya/ros2_ws/install/person_msgs/share/person_msgs/cmake/person_msgsConfig-version.cmake\n'}
[0.986615] (person_msgs) StdoutLine: {'line': b'-- Up-to-date: /home/aya/ros2_ws/install/person_msgs/share/person_msgs/package.xml\n'}
[0.987386] (person_msgs) CommandEnded: {'returncode': 0}
[1.019436] (-) TimerEvent: {}
[1.102652] (mypkg) StdoutLine: {'line': b'running egg_info\n'}
[1.103971] (mypkg) StdoutLine: {'line': b'writing ../../build/mypkg/mypkg.egg-info/PKG-INFO\n'}
[1.104255] (mypkg) StdoutLine: {'line': b'writing dependency_links to ../../build/mypkg/mypkg.egg-info/dependency_links.txt\n'}
[1.104635] (mypkg) StdoutLine: {'line': b'writing entry points to ../../build/mypkg/mypkg.egg-info/entry_points.txt\n'}
[1.105089] (mypkg) StdoutLine: {'line': b'writing requirements to ../../build/mypkg/mypkg.egg-info/requires.txt\n'}
[1.105206] (mypkg) StdoutLine: {'line': b'writing top-level names to ../../build/mypkg/mypkg.egg-info/top_level.txt\n'}
[1.107019] (mypkg) StdoutLine: {'line': b"reading manifest file '../../build/mypkg/mypkg.egg-info/SOURCES.txt'\n"}
[1.108316] (mypkg) StdoutLine: {'line': b"writing manifest file '../../build/mypkg/mypkg.egg-info/SOURCES.txt'\n"}
[1.108711] (mypkg) StdoutLine: {'line': b'running build\n'}
[1.108826] (mypkg) StdoutLine: {'line': b'running build_py\n'}
[1.109280] (mypkg) StdoutLine: {'line': b'running install\n'}
[1.109561] (mypkg) StderrLine: {'line': b'/usr/lib/python3/dist-packages/setuptools/command/install.py:34: SetuptoolsDeprecationWarning: setup.py install is deprecated. Use build and pip and other standards-based tools.\n'}
[1.109690] (mypkg) StderrLine: {'line': b'  warnings.warn(\n'}
[1.109838] (mypkg) StdoutLine: {'line': b'running install_lib\n'}
[1.111391] (mypkg) StdoutLine: {'line': b'byte-compiling /home/aya/ros2_ws/install/mypkg/lib/python3.10/site-packages/mypkg/listener.py to listener.cpython-310.pyc\n'}
[1.112012] (mypkg) StderrLine: {'line': b'Sorry: IndentationError: unexpected indent (listener.py, line 16)\n'}
[1.112136] (mypkg) StdoutLine: {'line': b'running install_data\n'}
[1.112888] (mypkg) StdoutLine: {'line': b'running install_egg_info\n'}
[1.114674] (mypkg) StdoutLine: {'line': b"removing '/home/aya/ros2_ws/install/mypkg/lib/python3.10/site-packages/mypkg-0.0.0-py3.10.egg-info' (and everything under it)\n"}
[1.115080] (mypkg) StdoutLine: {'line': b'Copying ../../build/mypkg/mypkg.egg-info to /home/aya/ros2_ws/install/mypkg/lib/python3.10/site-packages/mypkg-0.0.0-py3.10.egg-info\n'}
[1.116183] (mypkg) StdoutLine: {'line': b'running install_scripts\n'}
[1.119809] (-) TimerEvent: {}
[1.143704] (mypkg) StdoutLine: {'line': b'Installing listener script to /home/aya/ros2_ws/install/mypkg/lib/mypkg\n'}
[1.144045] (mypkg) StdoutLine: {'line': b'Installing talker script to /home/aya/ros2_ws/install/mypkg/lib/mypkg\n'}
[1.145121] (mypkg) StdoutLine: {'line': b"writing list of installed files to '/home/aya/ros2_ws/build/mypkg/install.log'\n"}
[1.191294] (person_msgs) JobEnded: {'identifier': 'person_msgs', 'rc': 0}
[1.194063] (mypkg) CommandEnded: {'returncode': 0}
[1.222352] (-) TimerEvent: {}
[1.233767] (mypkg) JobEnded: {'identifier': 'mypkg', 'rc': 0}
[1.235233] (-) EventReactorShutdown: {}
