[0.408s] Invoking command in '/home/aya/ros2_ws/build/person_msgs': CMAKE_PREFIX_PATH=${CMAKE_PREFIX_PATH}:/home/aya/ros2_ws/install/mypkg:/opt/ros/humble /usr/bin/cmake --build /home/aya/ros2_ws/build/person_msgs -- -j8 -l8
[0.466s] -- Found ament_cmake: 1.3.6 (/opt/ros/humble/share/ament_cmake/cmake)
[0.640s] -- Found ament_lint_auto: 0.12.9 (/opt/ros/humble/share/ament_lint_auto/cmake)
[0.641s] -- Found rosidl_default_generators: 1.2.0 (/opt/ros/humble/share/rosidl_default_generators/cmake)
[0.643s] -- Using all available rosidl_typesupport_c: rosidl_typesupport_fastrtps_c;rosidl_typesupport_introspection_c
[0.646s] -- Found rosidl_adapter: 3.1.5 (/opt/ros/humble/share/rosidl_adapter/cmake)
[0.826s] -- Using all available rosidl_typesupport_cpp: rosidl_typesupport_fastrtps_cpp;rosidl_typesupport_introspection_cpp
[1.084s] [31mCMake Error at /opt/ros/humble/share/rosidl_adapter/cmake/rosidl_adapt_interfaces.cmake:59 (message):
[1.084s]   execute_process(/usr/bin/python3.10 -m rosidl_adapter --package-name
[1.084s]   person_msgs --arguments-file
[1.085s]   /home/aya/ros2_ws/build/person_msgs/rosidl_adapter__arguments__person_msgs.json
[1.085s]   --output-dir /home/aya/ros2_ws/build/person_msgs/rosidl_adapter/person_msgs
[1.085s]   --output-file
[1.085s]   /home/aya/ros2_ws/build/person_msgs/rosidl_adapter/person_msgs.idls)
[1.085s]   returned error code 1:
[1.085s] 
[1.085s]   Error processing 'tring name' of 'person_msgs/Query_Request': ''tring' is
[1.085s]   an invalid message name.  It should have the pattern '^[A-Z][A-Za-z0-9]*$''
[1.085s] 
[1.085s]   Traceback (most recent call last):
[1.085s] 
[1.085s]     File "/usr/lib/python3.10/runpy.py", line 196, in _run_module_as_main
[1.085s]       return _run_code(code, main_globals, None,
[1.085s]     File "/usr/lib/python3.10/runpy.py", line 86, in _run_code
[1.085s]       exec(code, run_globals)
[1.085s]     File "/opt/ros/humble/local/lib/python3.10/dist-packages/rosidl_adapter/__main__.py", line 19, in <module>
[1.085s]       sys.exit(main())
[1.085s]     File "/opt/ros/humble/local/lib/python3.10/dist-packages/rosidl_adapter/main.py", line 53, in main
[1.086s]       abs_idl_file = convert_to_idl(
[1.086s]     File "/opt/ros/humble/local/lib/python3.10/dist-packages/rosidl_adapter/__init__.py", line 24, in convert_to_idl
[1.086s]       return convert_srv_to_idl(
[1.086s]     File "/opt/ros/humble/local/lib/python3.10/dist-packages/rosidl_adapter/srv/__init__.py", line 28, in convert_srv_to_idl
[1.086s]       srv = parse_service_string(package_name, input_file.stem, content)
[1.086s]     File "/opt/ros/humble/local/lib/python3.10/dist-packages/rosidl_adapter/parser.py", line 859, in parse_service_string
[1.086s]       request_message = parse_message_string(
[1.086s]     File "/opt/ros/humble/local/lib/python3.10/dist-packages/rosidl_adapter/parser.py", line 520, in parse_message_string
[1.086s]       Type(type_string, context_package_name=pkg_name),
[1.086s]     File "/opt/ros/humble/local/lib/python3.10/dist-packages/rosidl_adapter/parser.py", line 277, in __init__
[1.087s]       super(Type, self).__init__(
[1.087s]     File "/opt/ros/humble/local/lib/python3.10/dist-packages/rosidl_adapter/parser.py", line 205, in __init__
[1.087s]       raise InvalidResourceName(
[1.087s] 
[1.087s]   rosidl_adapter.parser.InvalidResourceName: 'tring' is an invalid message
[1.087s]   name.  It should have the pattern '^[A-Z][A-Za-z0-9]*$'
[1.087s] 
[1.087s] Call Stack (most recent call first):
[1.087s]   /opt/ros/humble/share/rosidl_cmake/cmake/rosidl_generate_interfaces.cmake:130 (rosidl_adapt_interfaces)
[1.087s]   CMakeLists.txt:16 (rosidl_generate_interfaces)
[1.087s] 
[1.087s] [0m
[1.088s] -- Configuring incomplete, errors occurred!
[1.088s] See also "/home/aya/ros2_ws/build/person_msgs/CMakeFiles/CMakeOutput.log".
[1.092s] gmake: *** [Makefile:747: cmake_check_build_system] Error 1
[1.095s] Invoked command in '/home/aya/ros2_ws/build/person_msgs' returned '2': CMAKE_PREFIX_PATH=${CMAKE_PREFIX_PATH}:/home/aya/ros2_ws/install/mypkg:/opt/ros/humble /usr/bin/cmake --build /home/aya/ros2_ws/build/person_msgs -- -j8 -l8
