[0.000000] (-) TimerEvent: {}
[0.000598] (mypkg) JobQueued: {'identifier': 'mypkg', 'dependencies': OrderedDict()}
[0.000691] (mypkg) JobStarted: {'identifier': 'mypkg'}
[0.100173] (-) TimerEvent: {}
[0.201979] (-) TimerEvent: {}
[0.310742] (-) TimerEvent: {}
[0.420137] (-) TimerEvent: {}
[0.521705] (-) TimerEvent: {}
[0.613239] (mypkg) Command: {'cmd': ['/usr/bin/python3', 'setup.py', 'egg_info', '--egg-base', '../build/mypkg', 'build', '--build-base', '/home/aya/ros2_ws/build/mypkg/build', 'install', '--record', '/home/aya/ros2_ws/build/mypkg/install.log', '--single-version-externally-managed'], 'cwd': '/home/aya/ros2_ws/src', 'env': {'USER': 'aya', 'SHLVL': '1', 'LD_LIBRARY_PATH': '/home/aya/ros2_ws/install/person_msgs/lib:/opt/ros/humble/opt/rviz_ogre_vendor/lib:/opt/ros/humble/lib/x86_64-linux-gnu:/opt/ros/humble/lib', 'HOME': '/home/aya', 'OLDPWD': '/home/aya', 'ROS_PYTHON_VERSION': '3', 'DBUS_SESSION_BUS_ADDRESS': 'unix:path=/run/user/1000/bus', 'WSL_DISTRO_NAME': 'Ubuntu', 'WAYLAND_DISPLAY': 'wayland-0', 'COLCON_PREFIX_PATH': '/home/aya/ros2_ws/install', 'ROS_DISTRO': 'humble', 'LOGNAME': 'aya', 'NAME': 'ayaka', 'WSL_INTEROP': '/run/WSL/16606_interop', 'PULSE_SERVER': 'unix:/mnt/wslg/PulseServer', '_': '/usr/bin/colcon', 'ROS_VERSION': '2', 'TERM': 'xterm-256color', 'ROS_LOCALHOST_ONLY': '1', 'PATH': '/opt/ros/humble/bin:/usr/local/sbin:/usr/local/bin:/usr/sbin:/usr/bin:/sbin:/bin:/usr/games:/usr/local/games:/usr/lib/wsl/lib:/mnt/c/WINDOWS/system32:/mnt/c/WINDOWS:/mnt/c/WINDOWS/System32/Wbem:/mnt/c/WINDOWS/System32/WindowsPowerShell/v1.0/:/mnt/c/WINDOWS/System32/OpenSSH/:/mnt/c/Program Files/dotnet/:/mnt/c/Program Files/MATLAB/R2023a/bin:/mnt/c/Users/koriz/AppData/Local/Microsoft/WindowsApps:/mnt/c/Users/koriz/AppData/Local/Programs/Microsoft VS Code/bin:/snap/bin', 'XDG_RUNTIME_DIR': '/run/user/1000/', 'DISPLAY': ':0', 'LANG': 'C.UTF-8', 'AMENT_PREFIX_PATH': '/home/aya/ros2_ws/install/person_msgs:/home/aya/ros2_ws/install/mypkg:/opt/ros/humble', 'SHELL': '/bin/bash', 'PWD': '/home/aya/ros2_ws/build/mypkg', 'XDG_DATA_DIRS': '/usr/local/share:/usr/share:/var/lib/snapd/desktop', 'PYTHONPATH': '/home/aya/ros2_ws/build/mypkg/prefix_override:/home/aya/ros2_ws/install/mypkg/lib/python3.10/site-packages:/home/aya/ros2_ws/install/person_msgs/local/lib/python3.10/dist-packages:/home/aya/ros2_ws/install/mypkg/lib/python3.10/site-packages:/opt/ros/humble/lib/python3.10/site-packages:/opt/ros/humble/local/lib/python3.10/dist-packages', 'COLCON': '1', 'WSL2_GUI_APPS_ENABLED': '1', 'HOSTTYPE': 'x86_64', 'CMAKE_PREFIX_PATH': '/home/aya/ros2_ws/install/person_msgs', 'WSLENV': ''}, 'shell': False}
[0.622243] (-) TimerEvent: {}
[0.722757] (-) TimerEvent: {}
[0.831656] (-) TimerEvent: {}
[0.835691] (mypkg) StdoutLine: {'line': b'running egg_info\n'}
[0.836902] (mypkg) StdoutLine: {'line': b'writing ../build/mypkg/mypkg.egg-info/PKG-INFO\n'}
[0.837580] (mypkg) StdoutLine: {'line': b'writing dependency_links to ../build/mypkg/mypkg.egg-info/dependency_links.txt\n'}
[0.838181] (mypkg) StdoutLine: {'line': b'writing entry points to ../build/mypkg/mypkg.egg-info/entry_points.txt\n'}
[0.838623] (mypkg) StdoutLine: {'line': b'writing requirements to ../build/mypkg/mypkg.egg-info/requires.txt\n'}
[0.839255] (mypkg) StdoutLine: {'line': b'writing top-level names to ../build/mypkg/mypkg.egg-info/top_level.txt\n'}
[0.841832] (mypkg) StdoutLine: {'line': b"reading manifest file '../build/mypkg/mypkg.egg-info/SOURCES.txt'\n"}
[0.842989] (mypkg) StdoutLine: {'line': b"writing manifest file '../build/mypkg/mypkg.egg-info/SOURCES.txt'\n"}
[0.843364] (mypkg) StdoutLine: {'line': b'running build\n'}
[0.843465] (mypkg) StdoutLine: {'line': b'running build_py\n'}
[0.844192] (mypkg) StdoutLine: {'line': b'running install\n'}
[0.845004] (mypkg) StdoutLine: {'line': b'running install_lib\n'}
[0.845113] (mypkg) StderrLine: {'line': b'/usr/lib/python3/dist-packages/setuptools/command/install.py:34: SetuptoolsDeprecationWarning: setup.py install is deprecated. Use build and pip and other standards-based tools.\n'}
[0.845202] (mypkg) StderrLine: {'line': b'  warnings.warn(\n'}
[0.846869] (mypkg) StdoutLine: {'line': b'running install_data\n'}
[0.847548] (mypkg) StdoutLine: {'line': b'running install_egg_info\n'}
[0.849946] (mypkg) StdoutLine: {'line': b"removing '/home/aya/ros2_ws/install/mypkg/lib/python3.10/site-packages/mypkg-0.0.0-py3.10.egg-info' (and everything under it)\n"}
[0.850469] (mypkg) StdoutLine: {'line': b'Copying ../build/mypkg/mypkg.egg-info to /home/aya/ros2_ws/install/mypkg/lib/python3.10/site-packages/mypkg-0.0.0-py3.10.egg-info\n'}
[0.851606] (mypkg) StdoutLine: {'line': b'running install_scripts\n'}
[0.890150] (mypkg) StdoutLine: {'line': b'Installing listener script to /home/aya/ros2_ws/install/mypkg/lib/mypkg\n'}
[0.890785] (mypkg) StdoutLine: {'line': b'Installing talker script to /home/aya/ros2_ws/install/mypkg/lib/mypkg\n'}
[0.891349] (mypkg) StdoutLine: {'line': b"writing list of installed files to '/home/aya/ros2_ws/build/mypkg/install.log'\n"}
[0.920355] (mypkg) CommandEnded: {'returncode': 0}
[0.932715] (-) TimerEvent: {}
[0.961906] (mypkg) JobEnded: {'identifier': 'mypkg', 'rc': 0}
[0.963246] (-) EventReactorShutdown: {}
