[0.357s] Invoking command in '/home/aya/ros2_ws/build/person_msgs': CMAKE_PREFIX_PATH=${CMAKE_PREFIX_PATH}:/home/aya/ros2_ws/install/mypkg:/opt/ros/humble /usr/bin/cmake --build /home/aya/ros2_ws/build/person_msgs -- -j8 -l8
[0.380s] -- Found ament_cmake: 1.3.6 (/opt/ros/humble/share/ament_cmake/cmake)
[0.538s] -- Found rosidl_default_generators: 1.2.0 (/opt/ros/humble/share/rosidl_default_generators/cmake)
[0.540s] -- Using all available rosidl_typesupport_c: rosidl_typesupport_fastrtps_c;rosidl_typesupport_introspection_c
[0.542s] -- Found rosidl_adapter: 3.1.5 (/opt/ros/humble/share/rosidl_adapter/cmake)
[0.722s] -- Using all available rosidl_typesupport_cpp: rosidl_typesupport_fastrtps_cpp;rosidl_typesupport_introspection_cpp
[0.943s] [31mCMake Error at /opt/ros/humble/share/rosidl_adapter/cmake/rosidl_adapt_interfaces.cmake:59 (message):
[0.943s]   execute_process(/usr/bin/python3.10 -m rosidl_adapter --package-name
[0.943s]   person_msgs --arguments-file
[0.943s]   /home/aya/ros2_ws/build/person_msgs/rosidl_adapter__arguments__person_msgs.json
[0.944s]   --output-dir /home/aya/ros2_ws/build/person_msgs/rosidl_adapter/person_msgs
[0.944s]   --output-file
[0.944s]   /home/aya/ros2_ws/build/person_msgs/rosidl_adapter/person_msgs.idls)
[0.944s]   returned error code 1:
[0.944s] 
[0.944s]   Traceback (most recent call last):
[0.944s] 
[0.944s]     File "/usr/lib/python3.10/runpy.py", line 196, in _run_module_as_main
[0.944s]       return _run_code(code, main_globals, None,
[0.944s]     File "/usr/lib/python3.10/runpy.py", line 86, in _run_code
[0.944s]       exec(code, run_globals)
[0.945s]     File "/opt/ros/humble/local/lib/python3.10/dist-packages/rosidl_adapter/__main__.py", line 19, in <module>
[0.945s]       sys.exit(main())
[0.945s]     File "/opt/ros/humble/local/lib/python3.10/dist-packages/rosidl_adapter/main.py", line 53, in main
[0.945s]       abs_idl_file = convert_to_idl(
[0.945s]     File "/opt/ros/humble/local/lib/python3.10/dist-packages/rosidl_adapter/__init__.py", line 24, in convert_to_idl
[0.945s]       return convert_srv_to_idl(
[0.945s]     File "/opt/ros/humble/local/lib/python3.10/dist-packages/rosidl_adapter/srv/__init__.py", line 28, in convert_srv_to_idl
[0.945s]       srv = parse_service_string(package_name, input_file.stem, content)
[0.945s]     File "/opt/ros/humble/local/lib/python3.10/dist-packages/rosidl_adapter/parser.py", line 850, in parse_service_string
[0.945s]       raise InvalidServiceSpecification(
[0.945s] 
[0.945s]   rosidl_adapter.parser.InvalidServiceSpecification: Could not find separator
[0.945s]   '---' between request and response
[0.945s] 
[0.945s] Call Stack (most recent call first):
[0.945s]   /opt/ros/humble/share/rosidl_cmake/cmake/rosidl_generate_interfaces.cmake:130 (rosidl_adapt_interfaces)
[0.945s]   CMakeLists.txt:11 (rosidl_generate_interfaces)
[0.945s] 
[0.945s] [0m
[0.945s] -- Configuring incomplete, errors occurred!
[0.946s] See also "/home/aya/ros2_ws/build/person_msgs/CMakeFiles/CMakeOutput.log".
[0.950s] gmake: *** [Makefile:747: cmake_check_build_system] Error 1
[0.953s] Invoked command in '/home/aya/ros2_ws/build/person_msgs' returned '2': CMAKE_PREFIX_PATH=${CMAKE_PREFIX_PATH}:/home/aya/ros2_ws/install/mypkg:/opt/ros/humble /usr/bin/cmake --build /home/aya/ros2_ws/build/person_msgs -- -j8 -l8
