[0.746s] Invoking command in '/home/aya/ros2_ws/src': PYTHONPATH=/home/aya/ros2_ws/build/mypkg/prefix_override:/home/aya/ros2_ws/install/mypkg/lib/python3.10/site-packages:${PYTHONPATH} /usr/bin/python3 setup.py egg_info --egg-base ../build/mypkg build --build-base /home/aya/ros2_ws/build/mypkg/build install --record /home/aya/ros2_ws/build/mypkg/install.log --single-version-externally-managed
[0.940s] running egg_info
[0.941s] writing ../build/mypkg/mypkg.egg-info/PKG-INFO
[0.941s] writing dependency_links to ../build/mypkg/mypkg.egg-info/dependency_links.txt
[0.942s] writing entry points to ../build/mypkg/mypkg.egg-info/entry_points.txt
[0.942s] writing requirements to ../build/mypkg/mypkg.egg-info/requires.txt
[0.942s] writing top-level names to ../build/mypkg/mypkg.egg-info/top_level.txt
[0.945s] reading manifest file '../build/mypkg/mypkg.egg-info/SOURCES.txt'
[0.946s] writing manifest file '../build/mypkg/mypkg.egg-info/SOURCES.txt'
[0.946s] running build
[0.946s] running build_py
[0.946s] copying mypkg/talker.py -> /home/aya/ros2_ws/build/mypkg/build/lib/mypkg
[0.947s] running install
[0.947s] /usr/lib/python3/dist-packages/setuptools/command/install.py:34: SetuptoolsDeprecationWarning: setup.py install is deprecated. Use build and pip and other standards-based tools.
[0.947s]   warnings.warn(
[0.947s] running install_lib
[0.948s] copying /home/aya/ros2_ws/build/mypkg/build/lib/mypkg/talker.py -> /home/aya/ros2_ws/install/mypkg/lib/python3.10/site-packages/mypkg
[0.949s] byte-compiling /home/aya/ros2_ws/install/mypkg/lib/python3.10/site-packages/mypkg/talker.py to talker.cpython-310.pyc
[0.950s] running install_data
[0.950s] running install_egg_info
[0.952s] removing '/home/aya/ros2_ws/install/mypkg/lib/python3.10/site-packages/mypkg-0.0.0-py3.10.egg-info' (and everything under it)
[0.952s] Copying ../build/mypkg/mypkg.egg-info to /home/aya/ros2_ws/install/mypkg/lib/python3.10/site-packages/mypkg-0.0.0-py3.10.egg-info
[0.953s] running install_scripts
[0.974s] Installing listener script to /home/aya/ros2_ws/install/mypkg/lib/mypkg
[0.974s] Installing talker script to /home/aya/ros2_ws/install/mypkg/lib/mypkg
[0.975s] writing list of installed files to '/home/aya/ros2_ws/build/mypkg/install.log'
[1.001s] Invoked command in '/home/aya/ros2_ws/src' returned '0': PYTHONPATH=/home/aya/ros2_ws/build/mypkg/prefix_override:/home/aya/ros2_ws/install/mypkg/lib/python3.10/site-packages:${PYTHONPATH} /usr/bin/python3 setup.py egg_info --egg-base ../build/mypkg build --build-base /home/aya/ros2_ws/build/mypkg/build install --record /home/aya/ros2_ws/build/mypkg/install.log --single-version-externally-managed
