[0.000000] (-) TimerEvent: {}
[0.000682] (mypkg) JobQueued: {'identifier': 'mypkg', 'dependencies': OrderedDict()}
[0.000770] (mypkg) JobStarted: {'identifier': 'mypkg'}
[0.097873] (-) TimerEvent: {}
[0.198238] (-) TimerEvent: {}
[0.298742] (-) TimerEvent: {}
[0.399224] (-) TimerEvent: {}
[0.499652] (-) TimerEvent: {}
[0.600068] (-) TimerEvent: {}
[0.671432] (mypkg) Command: {'cmd': ['/usr/bin/python3', 'setup.py', 'egg_info', '--egg-base', '../build/mypkg', 'build', '--build-base', '/home/aya/ros2_ws/build/mypkg/build', 'install', '--record', '/home/aya/ros2_ws/build/mypkg/install.log', '--single-version-externally-managed'], 'cwd': '/home/aya/ros2_ws/src', 'env': {'USER': 'aya', 'SHLVL': '1', 'LD_LIBRARY_PATH': '/home/aya/ros2_ws/install/person_msgs/lib:/opt/ros/humble/opt/rviz_ogre_vendor/lib:/opt/ros/humble/lib/x86_64-linux-gnu:/opt/ros/humble/lib', 'HOME': '/home/aya', 'OLDPWD': '/home/aya', 'ROS_PYTHON_VERSION': '3', 'DBUS_SESSION_BUS_ADDRESS': 'unix:path=/run/user/1000/bus', 'WSL_DISTRO_NAME': 'Ubuntu', 'WAYLAND_DISPLAY': 'wayland-0', 'COLCON_PREFIX_PATH': '/home/aya/ros2_ws/install', 'ROS_DISTRO': 'humble', 'LOGNAME': 'aya', 'NAME': 'ayaka', 'WSL_INTEROP': '/run/WSL/16606_interop', 'PULSE_SERVER': 'unix:/mnt/wslg/PulseServer', '_': '/usr/bin/colcon', 'ROS_VERSION': '2', 'TERM': 'xterm-256color', 'ROS_LOCALHOST_ONLY': '1', 'PATH': '/opt/ros/humble/bin:/usr/local/sbin:/usr/local/bin:/usr/sbin:/usr/bin:/sbin:/bin:/usr/games:/usr/local/games:/usr/lib/wsl/lib:/mnt/c/WINDOWS/system32:/mnt/c/WINDOWS:/mnt/c/WINDOWS/System32/Wbem:/mnt/c/WINDOWS/System32/WindowsPowerShell/v1.0/:/mnt/c/WINDOWS/System32/OpenSSH/:/mnt/c/Program Files/dotnet/:/mnt/c/Program Files/MATLAB/R2023a/bin:/mnt/c/Users/koriz/AppData/Local/Microsoft/WindowsApps:/mnt/c/Users/koriz/AppData/Local/Programs/Microsoft VS Code/bin:/snap/bin', 'XDG_RUNTIME_DIR': '/run/user/1000/', 'DISPLAY': ':0', 'LANG': 'C.UTF-8', 'AMENT_PREFIX_PATH': '/home/aya/ros2_ws/install/person_msgs:/home/aya/ros2_ws/install/mypkg:/opt/ros/humble', 'SHELL': '/bin/bash', 'PWD': '/home/aya/ros2_ws/build/mypkg', 'XDG_DATA_DIRS': '/usr/local/share:/usr/share:/var/lib/snapd/desktop', 'PYTHONPATH': '/home/aya/ros2_ws/build/mypkg/prefix_override:/home/aya/ros2_ws/install/mypkg/lib/python3.10/site-packages:/home/aya/ros2_ws/install/person_msgs/local/lib/python3.10/dist-packages:/home/aya/ros2_ws/install/mypkg/lib/python3.10/site-packages:/opt/ros/humble/lib/python3.10/site-packages:/opt/ros/humble/local/lib/python3.10/dist-packages', 'COLCON': '1', 'WSL2_GUI_APPS_ENABLED': '1', 'HOSTTYPE': 'x86_64', 'CMAKE_PREFIX_PATH': '/home/aya/ros2_ws/install/person_msgs', 'WSLENV': ''}, 'shell': False}
[0.700295] (-) TimerEvent: {}
[0.800715] (-) TimerEvent: {}
[0.872472] (mypkg) StdoutLine: {'line': b'running egg_info\n'}
[0.873463] (mypkg) StdoutLine: {'line': b'writing ../build/mypkg/mypkg.egg-info/PKG-INFO\n'}
[0.874118] (mypkg) StdoutLine: {'line': b'writing dependency_links to ../build/mypkg/mypkg.egg-info/dependency_links.txt\n'}
[0.874903] (mypkg) StdoutLine: {'line': b'writing entry points to ../build/mypkg/mypkg.egg-info/entry_points.txt\n'}
[0.875390] (mypkg) StdoutLine: {'line': b'writing requirements to ../build/mypkg/mypkg.egg-info/requires.txt\n'}
[0.875543] (mypkg) StdoutLine: {'line': b'writing top-level names to ../build/mypkg/mypkg.egg-info/top_level.txt\n'}
[0.877653] (mypkg) StdoutLine: {'line': b"reading manifest file '../build/mypkg/mypkg.egg-info/SOURCES.txt'\n"}
[0.878844] (mypkg) StdoutLine: {'line': b"writing manifest file '../build/mypkg/mypkg.egg-info/SOURCES.txt'\n"}
[0.879035] (mypkg) StdoutLine: {'line': b'running build\n'}
[0.879215] (mypkg) StdoutLine: {'line': b'running build_py\n'}
[0.879632] (mypkg) StdoutLine: {'line': b'copying mypkg/listener.py -> /home/aya/ros2_ws/build/mypkg/build/lib/mypkg\n'}
[0.880550] (mypkg) StdoutLine: {'line': b'running install\n'}
[0.880835] (mypkg) StderrLine: {'line': b'/usr/lib/python3/dist-packages/setuptools/command/install.py:34: SetuptoolsDeprecationWarning: setup.py install is deprecated. Use build and pip and other standards-based tools.\n'}
[0.880915] (mypkg) StderrLine: {'line': b'  warnings.warn(\n'}
[0.881250] (mypkg) StdoutLine: {'line': b'running install_lib\n'}
[0.883094] (mypkg) StdoutLine: {'line': b'copying /home/aya/ros2_ws/build/mypkg/build/lib/mypkg/listener.py -> /home/aya/ros2_ws/install/mypkg/lib/python3.10/site-packages/mypkg\n'}
[0.884087] (mypkg) StdoutLine: {'line': b'byte-compiling /home/aya/ros2_ws/install/mypkg/lib/python3.10/site-packages/mypkg/listener.py to listener.cpython-310.pyc\n'}
[0.884443] (mypkg) StderrLine: {'line': b'Sorry: IndentationError: unexpected indent (listener.py, line 16)\n'}
[0.884701] (mypkg) StdoutLine: {'line': b'running install_data\n'}
[0.885501] (mypkg) StdoutLine: {'line': b'running install_egg_info\n'}
[0.887756] (mypkg) StdoutLine: {'line': b"removing '/home/aya/ros2_ws/install/mypkg/lib/python3.10/site-packages/mypkg-0.0.0-py3.10.egg-info' (and everything under it)\n"}
[0.888768] (mypkg) StdoutLine: {'line': b'Copying ../build/mypkg/mypkg.egg-info to /home/aya/ros2_ws/install/mypkg/lib/python3.10/site-packages/mypkg-0.0.0-py3.10.egg-info\n'}
[0.890732] (mypkg) StdoutLine: {'line': b'running install_scripts\n'}
[0.900933] (-) TimerEvent: {}
[0.919353] (mypkg) StdoutLine: {'line': b'Installing listener script to /home/aya/ros2_ws/install/mypkg/lib/mypkg\n'}
[0.919726] (mypkg) StdoutLine: {'line': b'Installing talker script to /home/aya/ros2_ws/install/mypkg/lib/mypkg\n'}
[0.920545] (mypkg) StdoutLine: {'line': b"writing list of installed files to '/home/aya/ros2_ws/build/mypkg/install.log'\n"}
[0.948219] (mypkg) CommandEnded: {'returncode': 0}
[1.001492] (-) TimerEvent: {}
[1.008442] (mypkg) JobEnded: {'identifier': 'mypkg', 'rc': 0}
[1.009632] (-) EventReactorShutdown: {}
