[0.722s] Invoking command in '/home/aya/ros2_ws/src/mypkg': PYTHONPATH=/home/aya/ros2_ws/build/mypkg/prefix_override:/home/aya/ros2_ws/install/mypkg/lib/python3.10/site-packages:${PYTHONPATH} /usr/bin/python3 setup.py egg_info --egg-base ../../build/mypkg build --build-base /home/aya/ros2_ws/build/mypkg/build install --record /home/aya/ros2_ws/build/mypkg/install.log --single-version-externally-managed
[0.939s] running egg_info
[0.939s] writing ../../build/mypkg/mypkg.egg-info/PKG-INFO
[0.940s] writing dependency_links to ../../build/mypkg/mypkg.egg-info/dependency_links.txt
[0.940s] writing entry points to ../../build/mypkg/mypkg.egg-info/entry_points.txt
[0.940s] writing requirements to ../../build/mypkg/mypkg.egg-info/requires.txt
[0.941s] writing top-level names to ../../build/mypkg/mypkg.egg-info/top_level.txt
[0.943s] reading manifest file '../../build/mypkg/mypkg.egg-info/SOURCES.txt'
[0.944s] writing manifest file '../../build/mypkg/mypkg.egg-info/SOURCES.txt'
[0.944s] running build
[0.944s] running build_py
[0.944s] running install
[0.945s] /usr/lib/python3/dist-packages/setuptools/command/install.py:34: SetuptoolsDeprecationWarning: setup.py install is deprecated. Use build and pip and other standards-based tools.
[0.945s]   warnings.warn(
[0.945s] running install_lib
[0.947s] byte-compiling /home/aya/ros2_ws/install/mypkg/lib/python3.10/site-packages/mypkg/listener.py to listener.cpython-310.pyc
[0.947s] Sorry: IndentationError: unexpected indent (listener.py, line 16)
[0.948s] running install_data
[0.948s] running install_egg_info
[0.950s] removing '/home/aya/ros2_ws/install/mypkg/lib/python3.10/site-packages/mypkg-0.0.0-py3.10.egg-info' (and everything under it)
[0.950s] Copying ../../build/mypkg/mypkg.egg-info to /home/aya/ros2_ws/install/mypkg/lib/python3.10/site-packages/mypkg-0.0.0-py3.10.egg-info
[0.951s] running install_scripts
[0.980s] Installing listener script to /home/aya/ros2_ws/install/mypkg/lib/mypkg
[0.981s] Installing talker script to /home/aya/ros2_ws/install/mypkg/lib/mypkg
[0.981s] writing list of installed files to '/home/aya/ros2_ws/build/mypkg/install.log'
[1.007s] Invoked command in '/home/aya/ros2_ws/src/mypkg' returned '0': PYTHONPATH=/home/aya/ros2_ws/build/mypkg/prefix_override:/home/aya/ros2_ws/install/mypkg/lib/python3.10/site-packages:${PYTHONPATH} /usr/bin/python3 setup.py egg_info --egg-base ../../build/mypkg build --build-base /home/aya/ros2_ws/build/mypkg/build install --record /home/aya/ros2_ws/build/mypkg/install.log --single-version-externally-managed
